#
# There is insufficient memory for the Java Runtime Environment to continue.
# Native memory allocation (mmap) failed to map 28311552 bytes for G1 virtual space
# Possible reasons:
#   The system is out of physical RAM or swap space
#   The process is running with CompressedOops enabled, and the Java Heap may be blocking the growth of the native heap
# Possible solutions:
#   Reduce memory load on the system
#   Increase physical memory or swap space
#   Check if swap backing store is full
#   Decrease Java heap size (-Xmx/-Xms)
#   Decrease number of Java threads
#   Decrease Java thread stack sizes (-Xss)
#   Set larger code cache with -XX:ReservedCodeCacheSize=
#   JVM is running with Unscaled Compressed Oops mode in which the Java heap is
#     placed in the first 4GB address space. The Java Heap base address is the
#     maximum limit for the native heap growth. Please use -XX:HeapBaseMinAddress
#     to set the Java Heap base and to place the Java Heap above 4GB virtual address.
# This output file may be truncated or incomplete.
#
#  Out of Memory Error (os_windows.cpp:3603), pid=24312, tid=25280
#
# JRE version: Java(TM) SE Runtime Environment (21.0.9+7) (build 21.0.9+7-LTS-338)
# Java VM: Java HotSpot(TM) 64-Bit Server VM (21.0.9+7-LTS-338, mixed mode, sharing, tiered, compressed oops, compressed class ptrs, g1 gc, windows-amd64)
# No core dump will be written. Minidumps are not enabled by default on client versions of Windows
#

---------------  S U M M A R Y ------------

Command Line: --enable-native-access=ALL-UNNAMED -Dclassworlds.conf=C:\apache-maven-3.9.14\bin\m2.conf -Dmaven.home=C:\apache-maven-3.9.14 -Dlibrary.jansi.path=C:\apache-maven-3.9.14\lib\jansi-native -Dmaven.multiModuleProjectDirectory=C:\Users\Asus\OneDrive\Desktop\OABS\backend\notification-service org.codehaus.plexus.classworlds.launcher.Launcher clean spring-boot:run

Host: 12th Gen Intel(R) Core(TM) i5-1240P, 16 cores, 7G,  Windows 11 , 64 bit Build 26100 (10.0.26100.8246)
Time: Wed Apr 29 00:41:41 2026 India Standard Time elapsed time: 156.426765 seconds (0d 0h 2m 36s)

---------------  T H R E A D  ---------------

Current thread (0x0000027a7dcb6540):  VMThread "VM Thread"          [id=25280, stack(0x000000f26b600000,0x000000f26b700000) (1024K)]

Stack: [0x000000f26b600000,0x000000f26b700000]
Native frames: (J=compiled Java code, j=interpreted, Vv=VM code, C=native code)
V  [jvm.dll+0x6cbf89]
V  [jvm.dll+0x858421]
V  [jvm.dll+0x85a94e]
V  [jvm.dll+0x85b023]
V  [jvm.dll+0x27ebc6]
V  [jvm.dll+0x6c8705]
V  [jvm.dll+0x6bd26a]
V  [jvm.dll+0x354a0a]
V  [jvm.dll+0x35c686]
V  [jvm.dll+0x3af79e]
V  [jvm.dll+0x3afa48]
V  [jvm.dll+0x328d1c]
V  [jvm.dll+0x328da7]
V  [jvm.dll+0x36d6cc]
V  [jvm.dll+0x36bf1e]
V  [jvm.dll+0x3284e1]
V  [jvm.dll+0x36b63a]
V  [jvm.dll+0x860df0]
V  [jvm.dll+0x862174]
V  [jvm.dll+0x8626b0]
V  [jvm.dll+0x862953]
V  [jvm.dll+0x80265b]
V  [jvm.dll+0x6ca66d]
C  [ucrtbase.dll+0x37b0]
C  [KERNEL32.DLL+0x2e8d7]
C  [ntdll.dll+0x8c3fc]

VM_Operation (0x000000f26aff8520): G1CollectForAllocation, mode: safepoint, requested by thread 0x0000027a75a40540


---------------  P R O C E S S  ---------------

Threads class SMR info:
_java_thread_list=0x0000027a5dcb37e0, length=12, elements={
0x0000027a75a40540, 0x0000027a7dcd6c10, 0x0000027a7dcd93a0, 0x0000027a7dcd9e00,
0x0000027a7dcdc870, 0x0000027a7dcdd2d0, 0x0000027a7dcddd30, 0x0000027a7dce0ad0,
0x0000027a7dce3340, 0x0000027a1761c110, 0x0000027a17620d60, 0x0000027a5dbd0a20
}

Java Threads: ( => current thread )
  0x0000027a75a40540 JavaThread "main"                              [_thread_blocked, id=25196, stack(0x000000f26af00000,0x000000f26b000000) (1024K)]
  0x0000027a7dcd6c10 JavaThread "Reference Handler"          daemon [_thread_blocked, id=15724, stack(0x000000f26b700000,0x000000f26b800000) (1024K)]
  0x0000027a7dcd93a0 JavaThread "Finalizer"                  daemon [_thread_blocked, id=18448, stack(0x000000f26b800000,0x000000f26b900000) (1024K)]
  0x0000027a7dcd9e00 JavaThread "Signal Dispatcher"          daemon [_thread_blocked, id=7076, stack(0x000000f26b900000,0x000000f26ba00000) (1024K)]
  0x0000027a7dcdc870 JavaThread "Attach Listener"            daemon [_thread_blocked, id=16160, stack(0x000000f26ba00000,0x000000f26bb00000) (1024K)]
  0x0000027a7dcdd2d0 JavaThread "Service Thread"             daemon [_thread_blocked, id=19992, stack(0x000000f26bb00000,0x000000f26bc00000) (1024K)]
  0x0000027a7dcddd30 JavaThread "Monitor Deflation Thread"   daemon [_thread_blocked, id=18596, stack(0x000000f26bc00000,0x000000f26bd00000) (1024K)]
  0x0000027a7dce0ad0 JavaThread "C2 CompilerThread0"         daemon [_thread_blocked, id=20528, stack(0x000000f26bd00000,0x000000f26be00000) (1024K)]
  0x0000027a7dce3340 JavaThread "C1 CompilerThread0"         daemon [_thread_blocked, id=22812, stack(0x000000f26be00000,0x000000f26bf00000) (1024K)]
  0x0000027a1761c110 JavaThread "Notification Thread"        daemon [_thread_blocked, id=14244, stack(0x000000f26bf00000,0x000000f26c000000) (1024K)]
  0x0000027a17620d60 JavaThread "Common-Cleaner"             daemon [_thread_blocked, id=15044, stack(0x000000f26c000000,0x000000f26c100000) (1024K)]
  0x0000027a5dbd0a20 JavaThread "Thread-1"                   daemon [_thread_blocked, id=11740, stack(0x000000f26cc00000,0x000000f26cd00000) (1024K)]
Total: 12

Other Threads:
=>0x0000027a7dcb6540 VMThread "VM Thread"                           [id=25280, stack(0x000000f26b600000,0x000000f26b700000) (1024K)]
  0x0000027a7dca51f0 WatcherThread "VM Periodic Task Thread"        [id=23816, stack(0x000000f26b500000,0x000000f26b600000) (1024K)]
  0x0000027a77dcb6f0 WorkerThread "GC Thread#0"                     [id=22868, stack(0x000000f26b000000,0x000000f26b100000) (1024K)]
  0x0000027a5db5e650 WorkerThread "GC Thread#1"                     [id=23536, stack(0x000000f26c300000,0x000000f26c400000) (1024K)]
  0x0000027a5d96a7e0 WorkerThread "GC Thread#2"                     [id=15000, stack(0x000000f26c400000,0x000000f26c500000) (1024K)]
  0x0000027a5dabe230 WorkerThread "GC Thread#3"                     [id=17352, stack(0x000000f26c500000,0x000000f26c600000) (1024K)]
  0x0000027a5dabe5e0 WorkerThread "GC Thread#4"                     [id=24672, stack(0x000000f26c600000,0x000000f26c700000) (1024K)]
  0x0000027a5dabeda0 WorkerThread "GC Thread#5"                     [id=26812, stack(0x000000f26c700000,0x000000f26c800000) (1024K)]
  0x0000027a5dabf150 WorkerThread "GC Thread#6"                     [id=25396, stack(0x000000f26c800000,0x000000f26c900000) (1024K)]
  0x0000027a5dabf500 WorkerThread "GC Thread#7"                     [id=27328, stack(0x000000f26c900000,0x000000f26ca00000) (1024K)]
  0x0000027a17517c10 WorkerThread "GC Thread#8"                     [id=16508, stack(0x000000f26ca00000,0x000000f26cb00000) (1024K)]
  0x0000027a5db02030 WorkerThread "GC Thread#9"                     [id=23004, stack(0x000000f26cb00000,0x000000f26cc00000) (1024K)]
  0x0000027a5e1dd1f0 WorkerThread "GC Thread#10"                    [id=26644, stack(0x000000f26d200000,0x000000f26d300000) (1024K)]
  0x0000027a5e1dd5a0 WorkerThread "GC Thread#11"                    [id=16256, stack(0x000000f26d300000,0x000000f26d400000) (1024K)]
  0x0000027a5e1dc6e0 WorkerThread "GC Thread#12"                    [id=20000, stack(0x000000f26d400000,0x000000f26d500000) (1024K)]
  0x0000027a77ddbd60 ConcurrentGCThread "G1 Main Marker"            [id=21608, stack(0x000000f26b100000,0x000000f26b200000) (1024K)]
  0x0000027a77ddc870 WorkerThread "G1 Conc#0"                       [id=5288, stack(0x000000f26b200000,0x000000f26b300000) (1024K)]
  0x0000027a5e1dca90 WorkerThread "G1 Conc#1"                       [id=7516, stack(0x000000f26d500000,0x000000f26d600000) (1024K)]
  0x0000027a5e1dbf80 WorkerThread "G1 Conc#2"                       [id=13512, stack(0x000000f26d600000,0x000000f26d700000) (1024K)]
  0x0000027a7db6e550 ConcurrentGCThread "G1 Refine#0"               [id=4324, stack(0x000000f26b300000,0x000000f26b400000) (1024K)]
  0x0000027a7db6eee0 ConcurrentGCThread "G1 Service"                [id=11216, stack(0x000000f26b400000,0x000000f26b500000) (1024K)]
Total: 21

Threads with active compile tasks:
Total: 0

VM state: at safepoint (normal execution)

VM Mutex/Monitor currently owned by a thread:  ([mutex/lock_event])
[0x00007ffe90730df0] Threads_lock - owner thread: 0x0000027a7dcb6540
[0x00007ffe90730ef0] Heap_lock - owner thread: 0x0000027a75a40540

Heap address: 0x0000000084c00000, size: 1972 MB, Compressed Oops mode: 32-bit

CDS archive(s) mapped at: [0x0000027a18000000-0x0000027a18c90000-0x0000027a18c90000), size 13172736, SharedBaseAddress: 0x0000027a18000000, ArchiveRelocationMode: 1.
Compressed class space mapped at: 0x0000027a19000000-0x0000027a59000000, reserved size: 1073741824
Narrow klass base: 0x0000027a18000000, Narrow klass shift: 0, Narrow klass range: 0x100000000

GC Precious Log:
 CardTable entry size: 512
 Card Set container configuration: InlinePtr #cards 5 size 8 Array Of Cards #cards 12 size 40 Howl #buckets 4 coarsen threshold 1843 Howl Bitmap #cards 512 size 80 coarsen threshold 460 Card regions per heap region 1 cards per card region 2048
 CPUs: 16 total, 16 available
 Memory: 7885M
 Large Page Support: Disabled
 NUMA Support: Disabled
 Compressed Oops: Enabled (32-bit)
 Heap Region Size: 1M
 Heap Min Capacity: 8M
 Heap Initial Capacity: 124M
 Heap Max Capacity: 1972M
 Pre-touch: Disabled
 Parallel Workers: 13
 Concurrent Workers: 3
 Concurrent Refinement Workers: 13
 Periodic GC: Disabled

Heap:
 garbage-first heap   total 96256K, used 50317K [0x0000000084c00000, 0x0000000100000000)
  region size 1024K, 1 young (1024K), 1 survivors (1024K)
 Metaspace       used 40232K, committed 41536K, reserved 1114112K
  class space    used 4499K, committed 4928K, reserved 1048576K

Heap Regions: E=young(eden), S=young(survivor), O=old, HS=humongous(starts), HC=humongous(continues), CS=collection set, F=free, TAMS=top-at-mark-start, PB=parsable bottom
|   0|0x0000000084c00000, 0x0000000084d00000, 0x0000000084d00000|100%| O|  |TAMS 0x0000000084c00000| PB 0x0000000084c00000| Untracked 
|   1|0x0000000084d00000, 0x0000000084e00000, 0x0000000084e00000|100%| O|  |TAMS 0x0000000084d00000| PB 0x0000000084d00000| Untracked 
|   2|0x0000000084e00000, 0x0000000084f00000, 0x0000000084f00000|100%| O|  |TAMS 0x0000000084e00000| PB 0x0000000084e00000| Untracked 
|   3|0x0000000084f00000, 0x0000000085000000, 0x0000000085000000|100%| O|Cm|TAMS 0x0000000084f00000| PB 0x0000000084f00000| Complete 
|   4|0x0000000085000000, 0x0000000085100000, 0x0000000085100000|100%| O|  |TAMS 0x0000000085000000| PB 0x0000000085000000| Untracked 
|   5|0x0000000085100000, 0x0000000085200000, 0x0000000085200000|100%| O|  |TAMS 0x0000000085100000| PB 0x0000000085100000| Untracked 
|   6|0x0000000085200000, 0x0000000085300000, 0x0000000085300000|100%| O|  |TAMS 0x0000000085200000| PB 0x0000000085200000| Untracked 
|   7|0x0000000085300000, 0x0000000085400000, 0x0000000085400000|100%|HS|  |TAMS 0x0000000085300000| PB 0x0000000085300000| Complete 
|   8|0x0000000085400000, 0x0000000085500000, 0x0000000085500000|100%|HC|  |TAMS 0x0000000085400000| PB 0x0000000085400000| Complete 
|   9|0x0000000085500000, 0x0000000085600000, 0x0000000085600000|100%|HC|  |TAMS 0x0000000085500000| PB 0x0000000085500000| Complete 
|  10|0x0000000085600000, 0x0000000085600000, 0x0000000085700000|  0%| F|  |TAMS 0x0000000085600000| PB 0x0000000085600000| Untracked 
|  11|0x0000000085700000, 0x0000000085792f58, 0x0000000085800000| 57%| O|  |TAMS 0x0000000085700000| PB 0x0000000085700000| Untracked 
|  12|0x0000000085800000, 0x0000000085800000, 0x0000000085900000|  0%| F|  |TAMS 0x0000000085800000| PB 0x0000000085800000| Untracked 
|  13|0x0000000085900000, 0x0000000085a00000, 0x0000000085a00000|100%| O|  |TAMS 0x0000000085900000| PB 0x0000000085900000| Untracked 
|  14|0x0000000085a00000, 0x0000000085b00000, 0x0000000085b00000|100%| O|  |TAMS 0x0000000085a00000| PB 0x0000000085a00000| Untracked 
|  15|0x0000000085b00000, 0x0000000085b00000, 0x0000000085c00000|  0%| F|  |TAMS 0x0000000085b00000| PB 0x0000000085b00000| Untracked 
|  16|0x0000000085c00000, 0x0000000085d00000, 0x0000000085d00000|100%| O|  |TAMS 0x0000000085c00000| PB 0x0000000085c00000| Untracked 
|  17|0x0000000085d00000, 0x0000000085d00000, 0x0000000085e00000|  0%| F|  |TAMS 0x0000000085d00000| PB 0x0000000085d00000| Untracked 
|  18|0x0000000085e00000, 0x0000000085f00000, 0x0000000085f00000|100%| O|  |TAMS 0x0000000085e00000| PB 0x0000000085e00000| Untracked 
|  19|0x0000000085f00000, 0x0000000086000000, 0x0000000086000000|100%| O|  |TAMS 0x0000000085f00000| PB 0x0000000085f00000| Untracked 
|  20|0x0000000086000000, 0x0000000086100000, 0x0000000086100000|100%|HS|  |TAMS 0x0000000086000000| PB 0x0000000086000000| Complete 
|  21|0x0000000086100000, 0x0000000086200000, 0x0000000086200000|100%|HC|  |TAMS 0x0000000086100000| PB 0x0000000086100000| Complete 
|  22|0x0000000086200000, 0x0000000086300000, 0x0000000086300000|100%|HC|  |TAMS 0x0000000086200000| PB 0x0000000086200000| Complete 
|  23|0x0000000086300000, 0x0000000086400000, 0x0000000086400000|100%| O|Cm|TAMS 0x0000000086300000| PB 0x0000000086300000| Complete 
|  24|0x0000000086400000, 0x0000000086500000, 0x0000000086500000|100%| O|Cm|TAMS 0x0000000086400000| PB 0x0000000086400000| Complete 
|  25|0x0000000086500000, 0x0000000086600000, 0x0000000086600000|100%| O|Cm|TAMS 0x0000000086500000| PB 0x0000000086500000| Complete 
|  26|0x0000000086600000, 0x0000000086600000, 0x0000000086700000|  0%| F|  |TAMS 0x0000000086600000| PB 0x0000000086600000| Untracked 
|  27|0x0000000086700000, 0x0000000086800000, 0x0000000086800000|100%| O|Cm|TAMS 0x0000000086700000| PB 0x0000000086700000| Complete 
|  28|0x0000000086800000, 0x0000000086900000, 0x0000000086900000|100%| O|Cm|TAMS 0x0000000086800000| PB 0x0000000086800000| Complete 
|  29|0x0000000086900000, 0x0000000086a00000, 0x0000000086a00000|100%| O|  |TAMS 0x0000000086900000| PB 0x0000000086900000| Untracked 
|  30|0x0000000086a00000, 0x0000000086b00000, 0x0000000086b00000|100%| O|Cm|TAMS 0x0000000086a00000| PB 0x0000000086a00000| Complete 
|  31|0x0000000086b00000, 0x0000000086c00000, 0x0000000086c00000|100%| O|Cm|TAMS 0x0000000086b00000| PB 0x0000000086b00000| Complete 
|  32|0x0000000086c00000, 0x0000000086d00000, 0x0000000086d00000|100%| O|  |TAMS 0x0000000086c00000| PB 0x0000000086c00000| Untracked 
|  33|0x0000000086d00000, 0x0000000086e00000, 0x0000000086e00000|100%| O|  |TAMS 0x0000000086d00000| PB 0x0000000086d00000| Untracked 
|  34|0x0000000086e00000, 0x0000000086f00000, 0x0000000086f00000|100%| O|  |TAMS 0x0000000086e00000| PB 0x0000000086e00000| Untracked 
|  35|0x0000000086f00000, 0x0000000087000000, 0x0000000087000000|100%| O|  |TAMS 0x0000000086f00000| PB 0x0000000086f00000| Untracked 
|  36|0x0000000087000000, 0x0000000087000000, 0x0000000087100000|  0%| F|  |TAMS 0x0000000087000000| PB 0x0000000087000000| Untracked 
|  37|0x0000000087100000, 0x0000000087100000, 0x0000000087200000|  0%| F|  |TAMS 0x0000000087100000| PB 0x0000000087100000| Untracked 
|  38|0x0000000087200000, 0x0000000087200000, 0x0000000087300000|  0%| F|  |TAMS 0x0000000087200000| PB 0x0000000087200000| Untracked 
|  39|0x0000000087300000, 0x0000000087300000, 0x0000000087400000|  0%| F|  |TAMS 0x0000000087300000| PB 0x0000000087300000| Untracked 
|  40|0x0000000087400000, 0x0000000087400000, 0x0000000087500000|  0%| F|  |TAMS 0x0000000087400000| PB 0x0000000087400000| Untracked 
|  41|0x0000000087500000, 0x0000000087500000, 0x0000000087600000|  0%| F|  |TAMS 0x0000000087500000| PB 0x0000000087500000| Untracked 
|  42|0x0000000087600000, 0x0000000087600000, 0x0000000087700000|  0%| F|  |TAMS 0x0000000087600000| PB 0x0000000087600000| Untracked 
|  43|0x0000000087700000, 0x0000000087700000, 0x0000000087800000|  0%| F|  |TAMS 0x0000000087700000| PB 0x0000000087700000| Untracked 
|  44|0x0000000087800000, 0x0000000087800000, 0x0000000087900000|  0%| F|  |TAMS 0x0000000087800000| PB 0x0000000087800000| Untracked 
|  45|0x0000000087900000, 0x0000000087900000, 0x0000000087a00000|  0%| F|  |TAMS 0x0000000087900000| PB 0x0000000087900000| Untracked 
|  46|0x0000000087a00000, 0x0000000087a00000, 0x0000000087b00000|  0%| F|  |TAMS 0x0000000087a00000| PB 0x0000000087a00000| Untracked 
|  47|0x0000000087b00000, 0x0000000087b00000, 0x0000000087c00000|  0%| F|  |TAMS 0x0000000087b00000| PB 0x0000000087b00000| Untracked 
|  48|0x0000000087c00000, 0x0000000087c00000, 0x0000000087d00000|  0%| F|  |TAMS 0x0000000087c00000| PB 0x0000000087c00000| Untracked 
|  49|0x0000000087d00000, 0x0000000087d00000, 0x0000000087e00000|  0%| F|  |TAMS 0x0000000087d00000| PB 0x0000000087d00000| Untracked 
|  50|0x0000000087e00000, 0x0000000087e00000, 0x0000000087f00000|  0%| F|  |TAMS 0x0000000087e00000| PB 0x0000000087e00000| Untracked 
|  51|0x0000000087f00000, 0x0000000087f00000, 0x0000000088000000|  0%| F|  |TAMS 0x0000000087f00000| PB 0x0000000087f00000| Untracked 
|  52|0x0000000088000000, 0x0000000088000000, 0x0000000088100000|  0%| F|  |TAMS 0x0000000088000000| PB 0x0000000088000000| Untracked 
|  53|0x0000000088100000, 0x0000000088100000, 0x0000000088200000|  0%| F|  |TAMS 0x0000000088100000| PB 0x0000000088100000| Untracked 
|  54|0x0000000088200000, 0x0000000088200000, 0x0000000088300000|  0%| F|  |TAMS 0x0000000088200000| PB 0x0000000088200000| Untracked 
|  55|0x0000000088300000, 0x0000000088300000, 0x0000000088400000|  0%| F|  |TAMS 0x0000000088300000| PB 0x0000000088300000| Untracked 
|  56|0x0000000088400000, 0x0000000088400000, 0x0000000088500000|  0%| F|  |TAMS 0x0000000088400000| PB 0x0000000088400000| Untracked 
|  57|0x0000000088500000, 0x0000000088500000, 0x0000000088600000|  0%| F|  |TAMS 0x0000000088500000| PB 0x0000000088500000| Untracked 
|  58|0x0000000088600000, 0x0000000088600000, 0x0000000088700000|  0%| F|  |TAMS 0x0000000088600000| PB 0x0000000088600000| Untracked 
|  59|0x0000000088700000, 0x0000000088700000, 0x0000000088800000|  0%| F|  |TAMS 0x0000000088700000| PB 0x0000000088700000| Untracked 
|  60|0x0000000088800000, 0x0000000088800000, 0x0000000088900000|  0%| F|  |TAMS 0x0000000088800000| PB 0x0000000088800000| Untracked 
|  61|0x0000000088900000, 0x0000000088900000, 0x0000000088a00000|  0%| F|  |TAMS 0x0000000088900000| PB 0x0000000088900000| Untracked 
|  62|0x0000000088a00000, 0x0000000088a00000, 0x0000000088b00000|  0%| F|  |TAMS 0x0000000088a00000| PB 0x0000000088a00000| Untracked 
|  63|0x0000000088b00000, 0x0000000088b00000, 0x0000000088c00000|  0%| F|  |TAMS 0x0000000088b00000| PB 0x0000000088b00000| Untracked 
|  64|0x0000000088c00000, 0x0000000088c00000, 0x0000000088d00000|  0%| F|  |TAMS 0x0000000088c00000| PB 0x0000000088c00000| Untracked 
|  65|0x0000000088d00000, 0x0000000088d00000, 0x0000000088e00000|  0%| F|  |TAMS 0x0000000088d00000| PB 0x0000000088d00000| Untracked 
|  66|0x0000000088e00000, 0x0000000088e00000, 0x0000000088f00000|  0%| F|  |TAMS 0x0000000088e00000| PB 0x0000000088e00000| Untracked 
|  67|0x0000000088f00000, 0x0000000088f00000, 0x0000000089000000|  0%| F|  |TAMS 0x0000000088f00000| PB 0x0000000088f00000| Untracked 
|  68|0x0000000089000000, 0x0000000089000000, 0x0000000089100000|  0%| F|  |TAMS 0x0000000089000000| PB 0x0000000089000000| Untracked 
| 123|0x000000008c700000, 0x000000008c700000, 0x000000008c800000|  0%| F|  |TAMS 0x000000008c700000| PB 0x000000008c700000| Untracked 
|1948|0x00000000fe800000, 0x00000000fe900000, 0x00000000fe900000|100%| O|Cm|TAMS 0x00000000fe800000| PB 0x00000000fe800000| Complete 
|1949|0x00000000fe900000, 0x00000000fea00000, 0x00000000fea00000|100%| O|Cm|TAMS 0x00000000fe900000| PB 0x00000000fe900000| Complete 
|1950|0x00000000fea00000, 0x00000000feb00000, 0x00000000feb00000|100%| O|Cm|TAMS 0x00000000fea00000| PB 0x00000000fea00000| Complete 
|1951|0x00000000feb00000, 0x00000000feb00000, 0x00000000fec00000|  0%| F|  |TAMS 0x00000000feb00000| PB 0x00000000feb00000| Untracked 
|1952|0x00000000fec00000, 0x00000000fed00000, 0x00000000fed00000|100%| O|  |TAMS 0x00000000fec00000| PB 0x00000000fec00000| Untracked 
|1953|0x00000000fed00000, 0x00000000fee00000, 0x00000000fee00000|100%| O|  |TAMS 0x00000000fed00000| PB 0x00000000fed00000| Untracked 
|1954|0x00000000fee00000, 0x00000000fef00000, 0x00000000fef00000|100%| O|Cm|TAMS 0x00000000fee00000| PB 0x00000000fee00000| Complete 
|1955|0x00000000fef00000, 0x00000000fef906a8, 0x00000000ff000000| 56%| S|CS|TAMS 0x00000000fef00000| PB 0x00000000fef00000| Complete 
|1956|0x00000000ff000000, 0x00000000ff000000, 0x00000000ff100000|  0%| F|  |TAMS 0x00000000ff000000| PB 0x00000000ff000000| Untracked 
|1957|0x00000000ff100000, 0x00000000ff100000, 0x00000000ff200000|  0%| F|  |TAMS 0x00000000ff100000| PB 0x00000000ff100000| Untracked 
|1958|0x00000000ff200000, 0x00000000ff200000, 0x00000000ff300000|  0%| F|  |TAMS 0x00000000ff200000| PB 0x00000000ff200000| Untracked 
|1959|0x00000000ff300000, 0x00000000ff300000, 0x00000000ff400000|  0%| F|  |TAMS 0x00000000ff300000| PB 0x00000000ff300000| Untracked 
|1960|0x00000000ff400000, 0x00000000ff500000, 0x00000000ff500000|100%| O|Cm|TAMS 0x00000000ff400000| PB 0x00000000ff400000| Complete 
|1961|0x00000000ff500000, 0x00000000ff600000, 0x00000000ff600000|100%| O|  |TAMS 0x00000000ff500000| PB 0x00000000ff500000| Untracked 
|1962|0x00000000ff600000, 0x00000000ff700000, 0x00000000ff700000|100%| O|  |TAMS 0x00000000ff600000| PB 0x00000000ff600000| Untracked 
|1963|0x00000000ff700000, 0x00000000ff800000, 0x00000000ff800000|100%| O|  |TAMS 0x00000000ff700000| PB 0x00000000ff700000| Untracked 
|1964|0x00000000ff800000, 0x00000000ff900000, 0x00000000ff900000|100%| O|  |TAMS 0x00000000ff800000| PB 0x00000000ff800000| Untracked 
|1965|0x00000000ff900000, 0x00000000ffa00000, 0x00000000ffa00000|100%| O|  |TAMS 0x00000000ff900000| PB 0x00000000ff900000| Untracked 
|1966|0x00000000ffa00000, 0x00000000ffb00000, 0x00000000ffb00000|100%| O|  |TAMS 0x00000000ffa00000| PB 0x00000000ffa00000| Untracked 
|1967|0x00000000ffb00000, 0x00000000ffc00000, 0x00000000ffc00000|100%| O|  |TAMS 0x00000000ffb00000| PB 0x00000000ffb00000| Untracked 
|1968|0x00000000ffc00000, 0x00000000ffd00000, 0x00000000ffd00000|100%| O|  |TAMS 0x00000000ffc00000| PB 0x00000000ffc00000| Untracked 
|1969|0x00000000ffd00000, 0x00000000ffe00000, 0x00000000ffe00000|100%| O|  |TAMS 0x00000000ffd00000| PB 0x00000000ffd00000| Untracked 
|1970|0x00000000ffe00000, 0x00000000fff00000, 0x00000000fff00000|100%| O|  |TAMS 0x00000000ffe00000| PB 0x00000000ffe00000| Untracked 
|1971|0x00000000fff00000, 0x0000000100000000, 0x0000000100000000|100%| O|  |TAMS 0x00000000fff00000| PB 0x00000000fff00000| Untracked 

Card table byte_map: [0x0000027a78aa0000,0x0000027a78e80000] _byte_map_base: 0x0000027a7867a000

Marking Bits: (CMBitMap*) 0x0000027a77dcbe00
 Bits: [0x0000027a78e80000, 0x0000027a7ad50000)

Polling page: 0x0000027a75c60000

Metaspace:

Usage:
  Non-class:     34.90 MB used.
      Class:      4.39 MB used.
       Both:     39.29 MB used.

Virtual space:
  Non-class space:       64.00 MB reserved,      35.75 MB ( 56%) committed,  1 nodes.
      Class space:        1.00 GB reserved,       4.81 MB ( <1%) committed,  1 nodes.
             Both:        1.06 GB reserved,      40.56 MB (  4%) committed. 

Chunk freelists:
   Non-Class:  12.74 MB
       Class:  11.35 MB
        Both:  24.09 MB

MaxMetaspaceSize: unlimited
CompressedClassSpaceSize: 1.00 GB
Initial GC threshold: 21.00 MB
Current GC threshold: 67.62 MB
CDS: on
 - commit_granule_bytes: 65536.
 - commit_granule_words: 8192.
 - virtual_space_node_default_size: 8388608.
 - enlarge_chunks_in_place: 1.
 - use_allocation_guard: 0.


Internal statistics:

num_allocs_failed_limit: 6.
num_arena_births: 602.
num_arena_deaths: 6.
num_vsnodes_births: 2.
num_vsnodes_deaths: 0.
num_space_committed: 665.
num_space_uncommitted: 8.
num_chunks_returned_to_freelist: 112.
num_chunks_taken_from_freelist: 2038.
num_chunk_merges: 22.
num_chunk_splits: 1398.
num_chunks_enlarged: 1007.
num_inconsistent_stats: 0.

CodeHeap 'non-profiled nmethods': size=119168Kb used=4382Kb max_used=5255Kb free=114785Kb
 bounds [0x0000027a0ff80000, 0x0000027a104b0000, 0x0000027a173e0000]
CodeHeap 'profiled nmethods': size=119104Kb used=17573Kb max_used=19139Kb free=101530Kb
 bounds [0x0000027a083e0000, 0x0000027a096a0000, 0x0000027a0f830000]
CodeHeap 'non-nmethods': size=7488Kb used=1548Kb max_used=3281Kb free=5939Kb
 bounds [0x0000027a0f830000, 0x0000027a0fbe0000, 0x0000027a0ff80000]
 total_blobs=8511 nmethods=7903 adapters=512
 compilation: enabled
              stopped_count=0, restarted_count=0
 full_count=0

Compilation events (20 events):
Event: 153.686 Thread 0x0000027a7dce3340 9829       3       sun.net.www.protocol.jar.JarURLConnection::setUseCaches (9 bytes)
Event: 153.689 Thread 0x0000027a7dce3340 nmethod 9829 0x0000027a08559310 code [0x0000027a085594c0, 0x0000027a08559698]
Event: 153.689 Thread 0x0000027a7dce3340 9830       3       org.eclipse.sisu.space.Streams::open (26 bytes)
Event: 153.690 Thread 0x0000027a7dce3340 nmethod 9830 0x0000027a083f6790 code [0x0000027a083f6960, 0x0000027a083f6d38]
Event: 153.697 Thread 0x0000027a7dce3340 9831   !   3       java.io.RandomAccessFile::close (69 bytes)
Event: 153.698 Thread 0x0000027a7dce3340 nmethod 9831 0x0000027a089d0290 code [0x0000027a089d0480, 0x0000027a089d09d0]
Event: 153.711 Thread 0x0000027a7dce3340 9832   !   3       java.io.RandomAccessFile::length (24 bytes)
Event: 153.711 Thread 0x0000027a7dce3340 nmethod 9832 0x0000027a085e3690 code [0x0000027a085e3860, 0x0000027a085e3a78]
Event: 153.713 Thread 0x0000027a7dce3340 9833       3       java.util.zip.ZipFile$Source::close (50 bytes)
Event: 153.713 Thread 0x0000027a7dce3340 nmethod 9833 0x0000027a0843fa90 code [0x0000027a0843fc40, 0x0000027a0843ff00]
Event: 153.730 Thread 0x0000027a7dce0ad0 9834   !   4       java.util.zip.ZipFile$Source::readFullyAt (74 bytes)
Event: 153.738 Thread 0x0000027a7dce0ad0 nmethod 9834 0x0000027a0ffc1390 code [0x0000027a0ffc1580, 0x0000027a0ffc1c80]
Event: 153.747 Thread 0x0000027a7dce3340 9835       3       java.lang.invoke.InvokerBytecodeGenerator::<init> (12 bytes)
Event: 153.749 Thread 0x0000027a7dce3340 nmethod 9835 0x0000027a08776290 code [0x0000027a08776440, 0x0000027a087765f8]
Event: 153.749 Thread 0x0000027a7dce3340 9836       3       java.lang.invoke.InvokerBytecodeGenerator::generateCustomizedCodeBytes (37 bytes)
Event: 153.753 Thread 0x0000027a7dce3340 nmethod 9836 0x0000027a08603710 code [0x0000027a08603920, 0x0000027a08603d00]
Event: 153.769 Thread 0x0000027a7dce3340 9837       3       jdk.internal.org.objectweb.asm.AnnotationWriter::computeAnnotationsSize (42 bytes)
Event: 153.770 Thread 0x0000027a7dce3340 nmethod 9837 0x0000027a0845cb10 code [0x0000027a0845ccc0, 0x0000027a0845cf08]
Event: 153.770 Thread 0x0000027a7dce3340 9838       3       java.lang.invoke.InvokerBytecodeGenerator::loadMethod (39 bytes)
Event: 153.771 Thread 0x0000027a7dce3340 nmethod 9838 0x0000027a08456010 code [0x0000027a08456200, 0x0000027a084564f8]

GC Heap History (20 events):
Event: 44.890 GC heap after
{Heap after GC invocations=12 (full 0):
 garbage-first heap   total 76800K, used 43871K [0x0000000084c00000, 0x0000000100000000)
  region size 1024K, 2 young (2048K), 2 survivors (2048K)
 Metaspace       used 37871K, committed 38336K, reserved 1114112K
  class space    used 4259K, committed 4480K, reserved 1048576K
}
Event: 47.840 GC heap before
{Heap before GC invocations=12 (full 0):
 garbage-first heap   total 76800K, used 65375K [0x0000000084c00000, 0x0000000100000000)
  region size 1024K, 23 young (23552K), 2 survivors (2048K)
 Metaspace       used 38182K, committed 38720K, reserved 1114112K
  class space    used 4291K, committed 4544K, reserved 1048576K
}
Event: 47.851 GC heap after
{Heap after GC invocations=13 (full 0):
 garbage-first heap   total 76800K, used 44543K [0x0000000084c00000, 0x0000000100000000)
  region size 1024K, 3 young (3072K), 3 survivors (3072K)
 Metaspace       used 38182K, committed 38720K, reserved 1114112K
  class space    used 4291K, committed 4544K, reserved 1048576K
}
Event: 52.314 GC heap before
{Heap before GC invocations=14 (full 0):
 garbage-first heap   total 76800K, used 63999K [0x0000000084c00000, 0x0000000100000000)
  region size 1024K, 25 young (25600K), 3 survivors (3072K)
 Metaspace       used 38419K, committed 38912K, reserved 1114112K
  class space    used 4291K, committed 4544K, reserved 1048576K
}
Event: 52.328 GC heap after
{Heap after GC invocations=15 (full 0):
 garbage-first heap   total 76800K, used 41796K [0x0000000084c00000, 0x0000000100000000)
  region size 1024K, 2 young (2048K), 2 survivors (2048K)
 Metaspace       used 38419K, committed 38912K, reserved 1114112K
  class space    used 4291K, committed 4544K, reserved 1048576K
}
Event: 65.452 GC heap before
{Heap before GC invocations=15 (full 0):
 garbage-first heap   total 76800K, used 71492K [0x0000000084c00000, 0x0000000100000000)
  region size 1024K, 28 young (28672K), 2 survivors (2048K)
 Metaspace       used 40372K, committed 40960K, reserved 1114112K
  class space    used 4524K, committed 4800K, reserved 1048576K
}
Event: 65.519 GC heap after
{Heap after GC invocations=16 (full 0):
 garbage-first heap   total 78848K, used 48301K [0x0000000084c00000, 0x0000000100000000)
  region size 1024K, 4 young (4096K), 4 survivors (4096K)
 Metaspace       used 40372K, committed 40960K, reserved 1114112K
  class space    used 4524K, committed 4800K, reserved 1048576K
}
Event: 67.101 GC heap before
{Heap before GC invocations=16 (full 0):
 garbage-first heap   total 78848K, used 67757K [0x0000000084c00000, 0x0000000100000000)
  region size 1024K, 24 young (24576K), 4 survivors (4096K)
 Metaspace       used 40423K, committed 40960K, reserved 1114112K
  class space    used 4525K, committed 4800K, reserved 1048576K
}
Event: 67.131 GC heap after
{Heap after GC invocations=17 (full 0):
 garbage-first heap   total 80896K, used 56320K [0x0000000084c00000, 0x0000000100000000)
  region size 1024K, 3 young (3072K), 3 survivors (3072K)
 Metaspace       used 40423K, committed 40960K, reserved 1114112K
  class space    used 4525K, committed 4800K, reserved 1048576K
}
Event: 68.592 GC heap before
{Heap before GC invocations=18 (full 0):
 garbage-first heap   total 96256K, used 70656K [0x0000000084c00000, 0x0000000100000000)
  region size 1024K, 17 young (17408K), 3 survivors (3072K)
 Metaspace       used 40655K, committed 41216K, reserved 1114112K
  class space    used 4544K, committed 4800K, reserved 1048576K
}
Event: 68.602 GC heap after
{Heap after GC invocations=19 (full 0):
 garbage-first heap   total 96256K, used 60416K [0x0000000084c00000, 0x0000000100000000)
  region size 1024K, 3 young (3072K), 3 survivors (3072K)
 Metaspace       used 40655K, committed 41216K, reserved 1114112K
  class space    used 4544K, committed 4800K, reserved 1048576K
}
Event: 70.136 GC heap before
{Heap before GC invocations=19 (full 0):
 garbage-first heap   total 96256K, used 79872K [0x0000000084c00000, 0x0000000100000000)
  region size 1024K, 23 young (23552K), 3 survivors (3072K)
 Metaspace       used 41568K, committed 42176K, reserved 1114112K
  class space    used 4658K, committed 4928K, reserved 1048576K
}
Event: 70.144 GC heap after
{Heap after GC invocations=20 (full 0):
 garbage-first heap   total 96256K, used 55818K [0x0000000084c00000, 0x0000000100000000)
  region size 1024K, 1 young (1024K), 1 survivors (1024K)
 Metaspace       used 41568K, committed 42176K, reserved 1114112K
  class space    used 4658K, committed 4928K, reserved 1048576K
}
Event: 143.111 GC heap before
{Heap before GC invocations=20 (full 0):
 garbage-first heap   total 96256K, used 80394K [0x0000000084c00000, 0x0000000100000000)
  region size 1024K, 25 young (25600K), 1 survivors (1024K)
 Metaspace       used 41882K, committed 42496K, reserved 1114112K
  class space    used 4690K, committed 4992K, reserved 1048576K
}
Event: 144.198 GC heap after
{Heap after GC invocations=21 (full 0):
 garbage-first heap   total 96256K, used 56667K [0x0000000084c00000, 0x0000000100000000)
  region size 1024K, 2 young (2048K), 2 survivors (2048K)
 Metaspace       used 41882K, committed 42496K, reserved 1114112K
  class space    used 4690K, committed 4992K, reserved 1048576K
}
Event: 152.730 GC heap before
{Heap before GC invocations=22 (full 0):
 garbage-first heap   total 96256K, used 56667K [0x0000000084c00000, 0x0000000100000000)
  region size 1024K, 4 young (4096K), 2 survivors (2048K)
 Metaspace       used 40171K, committed 41536K, reserved 1114112K
  class space    used 4491K, committed 4928K, reserved 1048576K
}
Event: 152.804 GC heap after
{Heap after GC invocations=23 (full 0):
 garbage-first heap   total 96256K, used 54646K [0x0000000084c00000, 0x0000000100000000)
  region size 1024K, 1 young (1024K), 1 survivors (1024K)
 Metaspace       used 40171K, committed 41536K, reserved 1114112K
  class space    used 4491K, committed 4928K, reserved 1048576K
}
Event: 153.652 GC heap before
{Heap before GC invocations=23 (full 0):
 garbage-first heap   total 96256K, used 56694K [0x0000000084c00000, 0x0000000100000000)
  region size 1024K, 4 young (4096K), 1 survivors (1024K)
 Metaspace       used 40174K, committed 41536K, reserved 1114112K
  class space    used 4491K, committed 4928K, reserved 1048576K
}
Event: 153.662 GC heap after
{Heap after GC invocations=24 (full 0):
 garbage-first heap   total 96256K, used 52315K [0x0000000084c00000, 0x0000000100000000)
  region size 1024K, 1 young (1024K), 1 survivors (1024K)
 Metaspace       used 40174K, committed 41536K, reserved 1114112K
  class space    used 4491K, committed 4928K, reserved 1048576K
}
Event: 153.855 GC heap before
{Heap before GC invocations=24 (full 0):
 garbage-first heap   total 96256K, used 54363K [0x0000000084c00000, 0x0000000100000000)
  region size 1024K, 4 young (4096K), 1 survivors (1024K)
 Metaspace       used 40232K, committed 41536K, reserved 1114112K
  class space    used 4499K, committed 4928K, reserved 1048576K
}

Dll operation events (10 events):
Event: 0.025 Loaded shared library C:\Program Files\Java\jdk-21\bin\java.dll
Event: 0.205 Loaded shared library C:\Program Files\Java\jdk-21\bin\jsvml.dll
Event: 0.359 Loaded shared library C:\Program Files\Java\jdk-21\bin\net.dll
Event: 0.374 Loaded shared library C:\Program Files\Java\jdk-21\bin\nio.dll
Event: 0.383 Loaded shared library C:\Program Files\Java\jdk-21\bin\zip.dll
Event: 1.224 Loaded shared library C:\apache-maven-3.9.14\lib\jansi-native\Windows\x86_64\jansi.dll
Event: 1.336 Loaded shared library C:\Program Files\Java\jdk-21\bin\verify.dll
Event: 1.440 Loaded shared library C:\Program Files\Java\jdk-21\bin\jimage.dll
Event: 10.822 Loaded shared library C:\Program Files\Java\jdk-21\bin\sunmscapi.dll
Event: 14.386 Loaded shared library C:\Program Files\Java\jdk-21\bin\extnet.dll

Deoptimization events (20 events):
Event: 68.905 Thread 0x0000027a75a40540 DEOPT PACKING pc=0x0000027a08402541 sp=0x000000f26affc8d0
Event: 68.905 Thread 0x0000027a75a40540 DEOPT UNPACKING pc=0x0000027a0f884e42 sp=0x000000f26affbd80 mode 0
Event: 70.538 Thread 0x0000027a75a40540 Uncommon trap: trap_request=0xffffff45 fr.pc=0x0000027a10346880 relative=0x0000000000001300
Event: 70.538 Thread 0x0000027a75a40540 Uncommon trap: reason=unstable_if action=reinterpret pc=0x0000027a10346880 method=lombok.launch.PackageShader.apply([B)Z @ 190 c2
Event: 70.538 Thread 0x0000027a75a40540 DEOPT PACKING pc=0x0000027a10346880 sp=0x000000f26affc970
Event: 70.538 Thread 0x0000027a75a40540 DEOPT UNPACKING pc=0x0000027a0f8846a2 sp=0x000000f26affc950 mode 2
Event: 70.551 Thread 0x0000027a75a40540 DEOPT PACKING pc=0x0000027a086bb5c1 sp=0x000000f26aff7b90
Event: 70.551 Thread 0x0000027a75a40540 DEOPT UNPACKING pc=0x0000027a0f884e42 sp=0x000000f26aff7030 mode 0
Event: 70.551 Thread 0x0000027a75a40540 Uncommon trap: trap_request=0xffffff45 fr.pc=0x0000027a1034b02c relative=0x000000000000092c
Event: 70.551 Thread 0x0000027a75a40540 Uncommon trap: reason=unstable_if action=reinterpret pc=0x0000027a1034b02c method=lombok.launch.PackageShader.apply([B)Z @ 190 c2
Event: 70.551 Thread 0x0000027a75a40540 DEOPT PACKING pc=0x0000027a1034b02c sp=0x000000f26aff7bc0
Event: 70.551 Thread 0x0000027a75a40540 DEOPT UNPACKING pc=0x0000027a0f8846a2 sp=0x000000f26aff7b40 mode 2
Event: 70.551 Thread 0x0000027a75a40540 Uncommon trap: trap_request=0xffffff45 fr.pc=0x0000027a10349d7c relative=0x000000000000097c
Event: 70.551 Thread 0x0000027a75a40540 Uncommon trap: reason=unstable_if action=reinterpret pc=0x0000027a10349d7c method=lombok.launch.PackageShader.apply([B)Z @ 190 c2
Event: 70.551 Thread 0x0000027a75a40540 DEOPT PACKING pc=0x0000027a10349d7c sp=0x000000f26aff7bc0
Event: 70.551 Thread 0x0000027a75a40540 DEOPT UNPACKING pc=0x0000027a0f8846a2 sp=0x000000f26aff7b40 mode 2
Event: 82.184 Thread 0x0000027a75a40540 Uncommon trap: trap_request=0xffffff45 fr.pc=0x0000027a1003c844 relative=0x00000000000000a4
Event: 82.186 Thread 0x0000027a75a40540 Uncommon trap: reason=unstable_if action=reinterpret pc=0x0000027a1003c844 method=java.lang.ref.ReferenceQueue.poll()Ljava/lang/ref/Reference; @ 4 c2
Event: 82.353 Thread 0x0000027a75a40540 DEOPT PACKING pc=0x0000027a1003c844 sp=0x000000f26affd8e0
Event: 82.354 Thread 0x0000027a75a40540 DEOPT UNPACKING pc=0x0000027a0f8846a2 sp=0x000000f26affd7c8 mode 2

Classes loaded (20 events):
Event: 55.725 Loading class java/lang/invoke/MethodHandleImpl$Makers$3
Event: 55.725 Loading class java/lang/invoke/MethodHandleImpl$Makers$3 done
Event: 55.798 Loading class java/lang/runtime/ObjectMethods$1
Event: 55.798 Loading class java/lang/runtime/ObjectMethods$1 done
Event: 55.853 Loading class java/lang/invoke/DirectMethodHandle$1
Event: 55.857 Loading class java/lang/invoke/DirectMethodHandle$1 done
Event: 59.412 Loading class java/util/stream/ReduceOps$2
Event: 59.413 Loading class java/util/stream/ReduceOps$2 done
Event: 59.413 Loading class java/util/stream/ReduceOps$2ReducingSink
Event: 59.413 Loading class java/util/stream/ReduceOps$2ReducingSink done
Event: 59.463 Loading class java/lang/invoke/MethodHandleImpl$CountingWrapper
Event: 59.463 Loading class java/lang/invoke/MethodHandleImpl$CountingWrapper done
Event: 60.015 Loading class java/util/EnumMap$Values
Event: 60.015 Loading class java/util/EnumMap$Values done
Event: 60.015 Loading class java/util/EnumMap$ValueIterator
Event: 60.015 Loading class java/util/EnumMap$ValueIterator done
Event: 60.025 Loading class java/util/WeakHashMap$KeyIterator
Event: 60.025 Loading class java/util/WeakHashMap$KeyIterator done
Event: 68.244 Loading class jdk/internal/module/IllegalAccessLogger
Event: 68.244 Loading class jdk/internal/module/IllegalAccessLogger done

Classes unloaded (20 events):
Event: 145.172 Thread 0x0000027a7dcb6540 Unloading class 0x0000027a194127d0 'lombok/javac/apt/MessagerDiagnosticsReceiver'
Event: 145.174 Thread 0x0000027a7dcb6540 Unloading class 0x0000027a19412410 'lombok/javac/apt/InterceptingJavaFileManager'
Event: 145.174 Thread 0x0000027a7dcb6540 Unloading class 0x0000027a19412210 'lombok/permit/dummy/Parent'
Event: 145.174 Thread 0x0000027a7dcb6540 Unloading class 0x0000027a19412000 'lombok/core/CleanupRegistry'
Event: 145.174 Thread 0x0000027a7dcb6540 Unloading class 0x0000027a19411db8 'lombok/permit/Permit$Fake'
Event: 145.175 Thread 0x0000027a7dcb6540 Unloading class 0x0000027a19411bc0 'lombok/permit/Permit'
Event: 145.175 Thread 0x0000027a7dcb6540 Unloading class 0x0000027a194119d0 'lombok/core/DiagnosticsReceiver'
Event: 145.175 Thread 0x0000027a7dcb6540 Unloading class 0x0000027a194116e8 'lombok/javac/apt/LombokProcessor$1'
Event: 145.176 Thread 0x0000027a7dcb6540 Unloading class 0x0000027a19411458 'lombok/javac/apt/LombokProcessor'
Event: 145.176 Thread 0x0000027a7dcb6540 Unloading class 0x0000027a19411230 'lombok/core/AnnotationProcessor$EcjDescriptor'
Event: 145.176 Thread 0x0000027a7dcb6540 Unloading class 0x0000027a19411000 'lombok/core/AnnotationProcessor$JavacDescriptor'
Event: 145.176 Thread 0x0000027a7dcb6540 Unloading class 0x0000027a19410a78 'lombok/core/AnnotationProcessor$ProcessorDescriptor'
Event: 145.177 Thread 0x0000027a7dcb6540 Unloading class 0x0000027a19410800 'lombok/core/AnnotationProcessor'
Event: 145.177 Thread 0x0000027a7dcb6540 Unloading class 0x0000027a1946bc00 'lombok/launch/AnnotationProcessorHider$ClaimingProcessor'
Event: 145.178 Thread 0x0000027a7dcb6540 Unloading class 0x0000027a19410488 'lombok/launch/AnnotationProcessorHider$AstModificationNotifierData'
Event: 145.180 Thread 0x0000027a7dcb6540 Unloading class 0x0000027a19410210 'lombok/launch/ClassFileMetaData'
Event: 145.180 Thread 0x0000027a7dcb6540 Unloading class 0x0000027a19410000 'lombok/launch/PackageShader'
Event: 145.181 Thread 0x0000027a7dcb6540 Unloading class 0x0000027a193dc470 'lombok/launch/ShadowClassLoader'
Event: 145.181 Thread 0x0000027a7dcb6540 Unloading class 0x0000027a193dc278 'lombok/launch/Main'
Event: 145.181 Thread 0x0000027a7dcb6540 Unloading class 0x0000027a193dc000 'lombok/launch/AnnotationProcessorHider$AnnotationProcessor'

Classes redefined (0 events):
No events

Internal exceptions (20 events):
Event: 68.109 Thread 0x0000027a75a40540 Exception <a 'sun/nio/fs/WindowsException'{0x0000000088792b40}> (0x0000000088792b40) 
thrown [s\open\src\hotspot\share\prims\jni.cpp, line 520]
Event: 70.416 Thread 0x0000027a75a40540 Exception <a 'sun/nio/fs/WindowsException'{0x000000008c786a50}> (0x000000008c786a50) 
thrown [s\open\src\hotspot\share\prims\jni.cpp, line 520]
Event: 70.416 Thread 0x0000027a75a40540 Exception <a 'sun/nio/fs/WindowsException'{0x000000008c787478}> (0x000000008c787478) 
thrown [s\open\src\hotspot\share\prims\jni.cpp, line 520]
Event: 70.417 Thread 0x0000027a75a40540 Exception <a 'sun/nio/fs/WindowsException'{0x000000008c787f78}> (0x000000008c787f78) 
thrown [s\open\src\hotspot\share\prims\jni.cpp, line 520]
Event: 70.429 Thread 0x0000027a75a40540 Exception <a 'sun/nio/fs/WindowsException'{0x000000008c7ab9c0}> (0x000000008c7ab9c0) 
thrown [s\open\src\hotspot\share\prims\jni.cpp, line 520]
Event: 70.429 Thread 0x0000027a75a40540 Exception <a 'sun/nio/fs/WindowsException'{0x000000008c7ac3e8}> (0x000000008c7ac3e8) 
thrown [s\open\src\hotspot\share\prims\jni.cpp, line 520]
Event: 70.431 Thread 0x0000027a75a40540 Exception <a 'sun/nio/fs/WindowsException'{0x000000008c7acee8}> (0x000000008c7acee8) 
thrown [s\open\src\hotspot\share\prims\jni.cpp, line 520]
Event: 70.439 Thread 0x0000027a75a40540 Exception <a 'sun/nio/fs/WindowsException'{0x000000008c7dc7e0}> (0x000000008c7dc7e0) 
thrown [s\open\src\hotspot\share\prims\jni.cpp, line 520]
Event: 70.441 Thread 0x0000027a75a40540 Exception <a 'sun/nio/fs/WindowsException'{0x000000008c7dd208}> (0x000000008c7dd208) 
thrown [s\open\src\hotspot\share\prims\jni.cpp, line 520]
Event: 70.442 Thread 0x0000027a75a40540 Exception <a 'sun/nio/fs/WindowsException'{0x000000008c7ddd08}> (0x000000008c7ddd08) 
thrown [s\open\src\hotspot\share\prims\jni.cpp, line 520]
Event: 70.447 Thread 0x0000027a75a40540 Exception <a 'sun/nio/fs/WindowsException'{0x000000008c7fa4f8}> (0x000000008c7fa4f8) 
thrown [s\open\src\hotspot\share\prims\jni.cpp, line 520]
Event: 70.448 Thread 0x0000027a75a40540 Exception <a 'sun/nio/fs/WindowsException'{0x000000008c7faf20}> (0x000000008c7faf20) 
thrown [s\open\src\hotspot\share\prims\jni.cpp, line 520]
Event: 70.448 Thread 0x0000027a75a40540 Exception <a 'sun/nio/fs/WindowsException'{0x000000008c7fba20}> (0x000000008c7fba20) 
thrown [s\open\src\hotspot\share\prims\jni.cpp, line 520]
Event: 70.465 Thread 0x0000027a75a40540 Exception <a 'sun/nio/fs/WindowsException'{0x000000008907df80}> (0x000000008907df80) 
thrown [s\open\src\hotspot\share\prims\jni.cpp, line 520]
Event: 70.475 Thread 0x0000027a75a40540 Exception <a 'sun/nio/fs/WindowsException'{0x0000000089095260}> (0x0000000089095260) 
thrown [s\open\src\hotspot\share\prims\jni.cpp, line 520]
Event: 70.492 Thread 0x0000027a75a40540 Exception <a 'sun/nio/fs/WindowsException'{0x00000000890ac6b0}> (0x00000000890ac6b0) 
thrown [s\open\src\hotspot\share\prims\jni.cpp, line 520]
Event: 70.492 Thread 0x0000027a75a40540 Exception <a 'sun/nio/fs/WindowsException'{0x00000000890ace60}> (0x00000000890ace60) 
thrown [s\open\src\hotspot\share\prims\jni.cpp, line 520]
Event: 70.492 Thread 0x0000027a75a40540 Exception <a 'sun/nio/fs/WindowsException'{0x00000000890ad430}> (0x00000000890ad430) 
thrown [s\open\src\hotspot\share\prims\jni.cpp, line 520]
Event: 70.492 Thread 0x0000027a75a40540 Exception <a 'sun/nio/fs/WindowsException'{0x00000000890adb90}> (0x00000000890adb90) 
thrown [s\open\src\hotspot\share\prims\jni.cpp, line 520]
Event: 70.493 Thread 0x0000027a75a40540 Exception <a 'sun/nio/fs/WindowsException'{0x00000000890ae2c8}> (0x00000000890ae2c8) 
thrown [s\open\src\hotspot\share\prims\jni.cpp, line 520]

ZGC Phase Switch (0 events):
No events

VM Operations (20 events):
Event: 123.457 Executing VM operation: Cleanup done
Event: 124.457 Executing VM operation: Cleanup
Event: 124.783 Executing VM operation: Cleanup done
Event: 138.925 Executing VM operation: Cleanup
Event: 138.941 Executing VM operation: Cleanup done
Event: 141.968 Executing VM operation: Cleanup
Event: 142.078 Executing VM operation: Cleanup done
Event: 143.087 Executing VM operation: Cleanup
Event: 143.103 Executing VM operation: Cleanup done
Event: 143.108 Executing VM operation: G1CollectForAllocation (G1 Evacuation Pause)
Event: 144.198 Executing VM operation: G1CollectForAllocation (G1 Evacuation Pause) done
Event: 144.337 Executing VM operation: G1PauseRemark
Event: 149.961 Executing VM operation: G1PauseRemark done
Event: 150.819 Executing VM operation: G1PauseCleanup
Event: 151.035 Executing VM operation: G1PauseCleanup done
Event: 152.713 Executing VM operation: G1CollectForAllocation (G1 Evacuation Pause)
Event: 152.813 Executing VM operation: G1CollectForAllocation (G1 Evacuation Pause) done
Event: 153.651 Executing VM operation: G1CollectForAllocation (G1 Evacuation Pause)
Event: 153.662 Executing VM operation: G1CollectForAllocation (G1 Evacuation Pause) done
Event: 153.855 Executing VM operation: G1CollectForAllocation (G1 Evacuation Pause)

Events (20 events):
Event: 149.757 Thread 0x0000027a7dcb6540 flushing nmethod 0x0000027a093cc790
Event: 149.757 Thread 0x0000027a7dcb6540 flushing nmethod 0x0000027a093d9d10
Event: 149.757 Thread 0x0000027a7dcb6540 flushing nmethod 0x0000027a093dad90
Event: 149.757 Thread 0x0000027a7dcb6540 flushing nmethod 0x0000027a093dfc10
Event: 149.757 Thread 0x0000027a7dcb6540 flushing nmethod 0x0000027a093f6410
Event: 149.757 Thread 0x0000027a7dcb6540 flushing nmethod 0x0000027a093fb610
Event: 149.757 Thread 0x0000027a7dcb6540 flushing nmethod 0x0000027a093fea90
Event: 149.757 Thread 0x0000027a7dcb6540 flushing nmethod 0x0000027a09458910
Event: 149.757 Thread 0x0000027a7dcb6540 flushing nmethod 0x0000027a0945b290
Event: 149.757 Thread 0x0000027a7dcb6540 flushing nmethod 0x0000027a0945cb90
Event: 149.757 Thread 0x0000027a7dcb6540 flushing nmethod 0x0000027a09465e10
Event: 149.760 Thread 0x0000027a7dcb6540 flushing nmethod 0x0000027a0946bc90
Event: 149.760 Thread 0x0000027a7dcb6540 flushing nmethod 0x0000027a0946c110
Event: 149.760 Thread 0x0000027a7dcb6540 flushing nmethod 0x0000027a09470b90
Event: 149.760 Thread 0x0000027a7dcb6540 flushing nmethod 0x0000027a09470f90
Event: 149.760 Thread 0x0000027a7dcb6540 flushing nmethod 0x0000027a09471e10
Event: 149.760 Thread 0x0000027a7dcb6540 flushing nmethod 0x0000027a09472810
Event: 149.760 Thread 0x0000027a7dcb6540 flushing nmethod 0x0000027a09473c90
Event: 149.760 Thread 0x0000027a7dcb6540 flushing nmethod 0x0000027a09532c90
Event: 149.962 Thread 0x0000027a5eb46120 Thread exited: 0x0000027a5eb46120


Dynamic libraries:
0x00007ff6d08e0000 - 0x00007ff6d08f0000 	C:\Program Files\Java\jdk-21\bin\java.exe
0x00007fff305c0000 - 0x00007fff30827000 	C:\WINDOWS\SYSTEM32\ntdll.dll
0x00007fff2eb90000 - 0x00007fff2ec59000 	C:\WINDOWS\System32\KERNEL32.DLL
0x00007fff2dd40000 - 0x00007fff2e134000 	C:\WINDOWS\System32\KERNELBASE.dll
0x00007fff2e200000 - 0x00007fff2e34b000 	C:\WINDOWS\System32\ucrtbase.dll
0x00007ffefcea0000 - 0x00007ffefcebb000 	C:\Program Files\Java\jdk-21\bin\VCRUNTIME140.dll
0x00007ffefed80000 - 0x00007ffefed99000 	C:\Program Files\Java\jdk-21\bin\jli.dll
0x00007fff302f0000 - 0x00007fff303a6000 	C:\WINDOWS\System32\ADVAPI32.dll
0x00007fff2ff00000 - 0x00007fff2ffa9000 	C:\WINDOWS\System32\msvcrt.dll
0x00007fff2eca0000 - 0x00007fff2ed47000 	C:\WINDOWS\System32\sechost.dll
0x00007fff2e350000 - 0x00007fff2e468000 	C:\WINDOWS\System32\RPCRT4.dll
0x00007fff303b0000 - 0x00007fff30575000 	C:\WINDOWS\System32\USER32.dll
0x00007fff17010000 - 0x00007fff172a3000 	C:\WINDOWS\WinSxS\amd64_microsoft.windows.common-controls_6595b64144ccf1df_6.0.26100.8115_none_3e075c82e3354f9c\COMCTL32.dll
0x00007fff2d210000 - 0x00007fff2d237000 	C:\WINDOWS\System32\win32u.dll
0x00007fff2ec60000 - 0x00007fff2ec8b000 	C:\WINDOWS\System32\GDI32.dll
0x00007fff2d240000 - 0x00007fff2d36b000 	C:\WINDOWS\System32\gdi32full.dll
0x00007fff2dc90000 - 0x00007fff2dd33000 	C:\WINDOWS\System32\msvcp_win.dll
0x00007fff17e50000 - 0x00007fff17e5b000 	C:\WINDOWS\SYSTEM32\VERSION.dll
0x00007fff2e470000 - 0x00007fff2e4a2000 	C:\WINDOWS\System32\IMM32.DLL
0x00007fff194a0000 - 0x00007fff194ac000 	C:\Program Files\Java\jdk-21\bin\vcruntime140_1.dll
0x00007ffef4410000 - 0x00007ffef449e000 	C:\Program Files\Java\jdk-21\bin\msvcp140.dll
0x00007ffe8faf0000 - 0x00007ffe9080d000 	C:\Program Files\Java\jdk-21\bin\server\jvm.dll
0x00007fff2e4b0000 - 0x00007fff2e530000 	C:\WINDOWS\System32\WS2_32.dll
0x00007fff2ccf0000 - 0x00007fff2cd4e000 	C:\WINDOWS\SYSTEM32\POWRPROF.dll
0x00007fff1ffe0000 - 0x00007fff20016000 	C:\WINDOWS\SYSTEM32\WINMM.dll
0x00007fff2ccd0000 - 0x00007fff2cce4000 	C:\WINDOWS\SYSTEM32\UMPDC.dll
0x00007fff2bc20000 - 0x00007fff2bc3b000 	C:\WINDOWS\SYSTEM32\kernel.appcore.dll
0x00007fff0e100000 - 0x00007fff0e10a000 	C:\Program Files\Java\jdk-21\bin\jimage.dll
0x00007fff2a940000 - 0x00007fff2ab82000 	C:\WINDOWS\SYSTEM32\DBGHELP.DLL
0x00007fff2efb0000 - 0x00007fff2f332000 	C:\WINDOWS\System32\combase.dll
0x00007fff2eed0000 - 0x00007fff2efa8000 	C:\WINDOWS\System32\OLEAUT32.dll
0x00007fff14cd0000 - 0x00007fff14d0b000 	C:\WINDOWS\SYSTEM32\dbgcore.DLL
0x00007fff2dbe0000 - 0x00007fff2dc85000 	C:\WINDOWS\System32\bcryptPrimitives.dll
0x00007ffef49b0000 - 0x00007ffef49cf000 	C:\Program Files\Java\jdk-21\bin\java.dll
0x00007fff2f340000 - 0x00007fff2faa7000 	C:\WINDOWS\System32\SHELL32.dll
0x00007fff2ce90000 - 0x00007fff2cffa000 	C:\WINDOWS\System32\wintypes.dll
0x00007fff2d370000 - 0x00007fff2dbd8000 	C:\WINDOWS\System32\windows.storage.dll
0x00007fff30190000 - 0x00007fff30288000 	C:\WINDOWS\System32\SHCORE.dll
0x00007fff2fe90000 - 0x00007fff2fef6000 	C:\WINDOWS\System32\shlwapi.dll
0x00007fff2cdb0000 - 0x00007fff2cdd9000 	C:\WINDOWS\SYSTEM32\profapi.dll
0x00007ffec4c90000 - 0x00007ffec4d67000 	C:\Program Files\Java\jdk-21\bin\jsvml.dll
0x00007ffeff9f0000 - 0x00007ffeffa00000 	C:\Program Files\Java\jdk-21\bin\net.dll
0x00007fff23390000 - 0x00007fff234bd000 	C:\WINDOWS\SYSTEM32\WINHTTP.dll
0x00007fff2c190000 - 0x00007fff2c1fc000 	C:\WINDOWS\system32\mswsock.dll
0x00007ffef4990000 - 0x00007ffef49a6000 	C:\Program Files\Java\jdk-21\bin\nio.dll
0x00007ffef43f0000 - 0x00007ffef4408000 	C:\Program Files\Java\jdk-21\bin\zip.dll
0x00007ffec4c60000 - 0x00007ffec4c84000 	C:\apache-maven-3.9.14\lib\jansi-native\Windows\x86_64\jansi.dll
0x00007ffefce90000 - 0x00007ffefcea0000 	C:\Program Files\Java\jdk-21\bin\verify.dll
0x00007ffef76e0000 - 0x00007ffef76ee000 	C:\Program Files\Java\jdk-21\bin\sunmscapi.dll
0x00007fff2d090000 - 0x00007fff2d207000 	C:\WINDOWS\System32\CRYPT32.dll
0x00007fff2c690000 - 0x00007fff2c6c0000 	C:\WINDOWS\SYSTEM32\ncrypt.dll
0x00007fff2c640000 - 0x00007fff2c67f000 	C:\WINDOWS\SYSTEM32\NTASN1.dll
0x00007fff2c470000 - 0x00007fff2c48b000 	C:\WINDOWS\SYSTEM32\CRYPTSP.dll
0x00007fff2bb80000 - 0x00007fff2bbb9000 	C:\WINDOWS\system32\rsaenh.dll
0x00007fff2c240000 - 0x00007fff2c273000 	C:\WINDOWS\SYSTEM32\USERENV.dll
0x00007fff2cd80000 - 0x00007fff2cdaa000 	C:\WINDOWS\SYSTEM32\bcrypt.dll
0x00007fff2c490000 - 0x00007fff2c49c000 	C:\WINDOWS\SYSTEM32\CRYPTBASE.dll
0x00007fff2b6d0000 - 0x00007fff2b702000 	C:\WINDOWS\SYSTEM32\IPHLPAPI.DLL
0x00007fff2ec90000 - 0x00007fff2ec9a000 	C:\WINDOWS\System32\NSI.dll
0x00007fff2b710000 - 0x00007fff2b842000 	C:\WINDOWS\SYSTEM32\DNSAPI.dll
0x00007fff22dd0000 - 0x00007fff22ddb000 	C:\Windows\System32\rasadhlp.dll
0x00007fff24890000 - 0x00007fff24916000 	C:\WINDOWS\System32\fwpuclnt.dll
0x00007ffef6e40000 - 0x00007ffef6e49000 	C:\Program Files\Java\jdk-21\bin\extnet.dll

dbghelp: loaded successfully - version: 4.0.5 - missing functions: none
symbol engine: initialized successfully - sym options: 0x614 - pdb path: .;C:\Program Files\Java\jdk-21\bin;C:\WINDOWS\SYSTEM32;C:\WINDOWS\WinSxS\amd64_microsoft.windows.common-controls_6595b64144ccf1df_6.0.26100.8115_none_3e075c82e3354f9c;C:\Program Files\Java\jdk-21\bin\server;C:\apache-maven-3.9.14\lib\jansi-native\Windows\x86_64

VM Arguments:
jvm_args: --enable-native-access=ALL-UNNAMED -Dclassworlds.conf=C:\apache-maven-3.9.14\bin\m2.conf -Dmaven.home=C:\apache-maven-3.9.14 -Dlibrary.jansi.path=C:\apache-maven-3.9.14\lib\jansi-native -Dmaven.multiModuleProjectDirectory=C:\Users\Asus\OneDrive\Desktop\OABS\backend\notification-service 
java_command: org.codehaus.plexus.classworlds.launcher.Launcher clean spring-boot:run
java_class_path (initial): C:\apache-maven-3.9.14\boot\plexus-classworlds-2.9.0.jar
Launcher Type: SUN_STANDARD

[Global flags]
     intx CICompilerCount                          = 12                                        {product} {ergonomic}
     uint ConcGCThreads                            = 3                                         {product} {ergonomic}
     uint G1ConcRefinementThreads                  = 13                                        {product} {ergonomic}
   size_t G1HeapRegionSize                         = 1048576                                   {product} {ergonomic}
    uintx GCDrainStackTargetSize                   = 64                                        {product} {ergonomic}
   size_t InitialHeapSize                          = 130023424                                 {product} {ergonomic}
   size_t MarkStackSize                            = 4194304                                   {product} {ergonomic}
   size_t MaxHeapSize                              = 2067791872                                {product} {ergonomic}
   size_t MaxNewSize                               = 1240465408                                {product} {ergonomic}
   size_t MinHeapDeltaBytes                        = 1048576                                   {product} {ergonomic}
   size_t MinHeapSize                              = 8388608                                   {product} {ergonomic}
    uintx NonNMethodCodeHeapSize                   = 7602480                                {pd product} {ergonomic}
    uintx NonProfiledCodeHeapSize                  = 122027880                              {pd product} {ergonomic}
    uintx ProfiledCodeHeapSize                     = 122027880                              {pd product} {ergonomic}
    uintx ReservedCodeCacheSize                    = 251658240                              {pd product} {ergonomic}
     bool SegmentedCodeCache                       = true                                      {product} {ergonomic}
   size_t SoftMaxHeapSize                          = 2067791872                             {manageable} {ergonomic}
     bool UseCompressedOops                        = true                           {product lp64_product} {ergonomic}
     bool UseG1GC                                  = true                                      {product} {ergonomic}
     bool UseLargePagesIndividualAllocation        = false                                  {pd product} {ergonomic}

Logging:
Log output configuration:
 #0: stdout all=warning uptime,level,tags foldmultilines=false
 #1: stderr all=off uptime,level,tags foldmultilines=false

Environment Variables:
JAVA_HOME=C:\Program Files\Java\jdk-21
PATH=C:\Python314\Scripts\;C:\Python314\;C:\Python312\Scripts\;C:\Python312\;C:\WINDOWS\system32;C:\WINDOWS;C:\WINDOWS\System32\Wbem;C:\WINDOWS\System32\WindowsPowerShell\v1.0\;C:\WINDOWS\System32\OpenSSH\;C:\Program Files\Java\jdk-21\bin;C:\ProgramData\chocolatey\bin;C:\Program Files\Git\cmd;C:\Program Files\Cloudflare\Cloudflare WARP\;C:\Program Files\Java\jdk-21\bin;C:\apache-maven-3.9.14\bin;C:\Program Files\nodejs\;C:\Program Files\MySQL\MySQL Shell 8.0\bin\;C:\Users\Asus\AppData\Local\Microsoft\WindowsApps;C:\Program Files\IntelliJ IDEA Community Edition 2023.2.1\bin;C:\Users\Asus\AppData\Local\Programs\Microsoft VS Code\bin;C:\Users\Asus\AppData\Local\JetBrains\Toolbox\scripts;C:\Users\Asus\AppData\Local\GitHubDesktop\bin;C:\Users\Asus\AppData\Local\Microsoft\WindowsApps;C:\Program Files\MySQL\MySQL Server 8.0\bin;C:\Program Files\JetBrains\IntelliJ IDEA 2024.2.6\bin;;C:\Users\Asus\AppData\Local\Programs\Antigravity\bin;C:\Users\Asus\AppData\Roaming\npm
USERNAME=Asus
OS=Windows_NT
PROCESSOR_IDENTIFIER=Intel64 Family 6 Model 154 Stepping 3, GenuineIntel
TMP=C:\Users\Asus\AppData\Local\Temp
TEMP=C:\Users\Asus\AppData\Local\Temp




Periodic native trim disabled

---------------  S Y S T E M  ---------------

OS:
 Windows 11 , 64 bit Build 26100 (10.0.26100.8246)
OS uptime: 0 days 8:45 hours

CPU: total 16 (initial active 16) (8 cores per cpu, 2 threads per core) family 6 model 154 stepping 3 microcode 0x418, cx8, cmov, fxsr, ht, mmx, 3dnowpref, sse, sse2, sse3, ssse3, sse4.1, sse4.2, popcnt, lzcnt, tsc, tscinvbit, avx, avx2, aes, erms, clmul, bmi1, bmi2, adx, sha, fma, vzeroupper, clflush, clflushopt, clwb, serialize, rdtscp, rdpid, fsrm, f16c, pku, cet_ibt, cet_ss
Processor Information for processor 0
  Max Mhz: 1700, Current Mhz: 1700, Mhz Limit: 1700
Processor Information for processor 1
  Max Mhz: 1700, Current Mhz: 1700, Mhz Limit: 1700
Processor Information for processor 2
  Max Mhz: 1700, Current Mhz: 1700, Mhz Limit: 1700
Processor Information for processor 3
  Max Mhz: 1700, Current Mhz: 1700, Mhz Limit: 1700
Processor Information for processor 4
  Max Mhz: 1700, Current Mhz: 1700, Mhz Limit: 1700
Processor Information for processor 5
  Max Mhz: 1700, Current Mhz: 1700, Mhz Limit: 1700
Processor Information for processor 6
  Max Mhz: 1700, Current Mhz: 1700, Mhz Limit: 1700
Processor Information for processor 7
  Max Mhz: 1700, Current Mhz: 1700, Mhz Limit: 1700
Processor Information for processor 8
  Max Mhz: 1700, Current Mhz: 1200, Mhz Limit: 1190
Processor Information for processor 9
  Max Mhz: 1700, Current Mhz: 1200, Mhz Limit: 1190
Processor Information for processor 10
  Max Mhz: 1700, Current Mhz: 1200, Mhz Limit: 1190
Processor Information for processor 11
  Max Mhz: 1700, Current Mhz: 1200, Mhz Limit: 1190
Processor Information for processor 12
  Max Mhz: 1700, Current Mhz: 1200, Mhz Limit: 1190
Processor Information for processor 13
  Max Mhz: 1700, Current Mhz: 1200, Mhz Limit: 1190
Processor Information for processor 14
  Max Mhz: 1700, Current Mhz: 1200, Mhz Limit: 1190
Processor Information for processor 15
  Max Mhz: 1700, Current Mhz: 1200, Mhz Limit: 1190

Memory: 4k page, system-wide physical 7885M (234M free)
TotalPageFile size 26635M (AvailPageFile size 23M)
current process WorkingSet (physical memory assigned to process): 94M, peak: 251M
current process commit charge ("private bytes"): 283M, peak: 329M

vm_info: Java HotSpot(TM) 64-Bit Server VM (21.0.9+7-LTS-338) for windows-amd64 JRE (21.0.9+7-LTS-338), built on 2025-09-26T06:33:49Z by "mach5run" with MS VC++ 17.6 (VS2022)

END.
