#
# There is insufficient memory for the Java Runtime Environment to continue.
# Native memory allocation (mmap) failed to map 15728640 bytes for G1 virtual space
# Possible reasons:
#   The system is out of physical RAM or swap space
#   The process is running with CompressedOops enabled, and the Java Heap may be blocking the growth of the native heap
# Possible solutions:
#   Reduce memory load on the system
#   Increase physical memory or swap space
#   Check if swap backing store is full
#   Decrease Java heap size (-Xmx/-Xms)
#   Decrease number of Java threads
#   Decrease Java thread stack sizes (-Xss)
#   Set larger code cache with -XX:ReservedCodeCacheSize=
#   JVM is running with Unscaled Compressed Oops mode in which the Java heap is
#     placed in the first 4GB address space. The Java Heap base address is the
#     maximum limit for the native heap growth. Please use -XX:HeapBaseMinAddress
#     to set the Java Heap base and to place the Java Heap above 4GB virtual address.
# This output file may be truncated or incomplete.
#
#  Out of Memory Error (os_windows.cpp:3603), pid=10756, tid=22560
#
# JRE version: Java(TM) SE Runtime Environment (21.0.9+7) (build 21.0.9+7-LTS-338)
# Java VM: Java HotSpot(TM) 64-Bit Server VM (21.0.9+7-LTS-338, mixed mode, emulated-client, sharing, tiered, compressed oops, compressed class ptrs, g1 gc, windows-amd64)
# No core dump will be written. Minidumps are not enabled by default on client versions of Windows
#

---------------  S U M M A R Y ------------

Command Line: -XX:TieredStopAtLevel=1 com.bridgelabz.notificationservice.NotificationServiceApplication

Host: 12th Gen Intel(R) Core(TM) i5-1240P, 16 cores, 7G,  Windows 11 , 64 bit Build 26100 (10.0.26100.8246)
Time: Tue Apr 28 15:26:12 2026 India Standard Time elapsed time: 365.822118 seconds (0d 0h 6m 5s)

---------------  T H R E A D  ---------------

Current thread (0x000002aca4b3cbc0):  VMThread "VM Thread"          [id=22560, stack(0x000000de2bc00000,0x000000de2bd00000) (1024K)]

Stack: [0x000000de2bc00000,0x000000de2bd00000]
Native frames: (J=compiled Java code, j=interpreted, Vv=VM code, C=native code)
V  [jvm.dll+0x6cbf89]
V  [jvm.dll+0x858421]
V  [jvm.dll+0x85a94e]
V  [jvm.dll+0x85b023]
V  [jvm.dll+0x27ebc6]
V  [jvm.dll+0x6c8705]
V  [jvm.dll+0x6bd26a]
V  [jvm.dll+0x354a0a]
V  [jvm.dll+0x35c686]
V  [jvm.dll+0x3af79e]
V  [jvm.dll+0x3afa48]
V  [jvm.dll+0x328d1c]
V  [jvm.dll+0x328da7]
V  [jvm.dll+0x36d6cc]
V  [jvm.dll+0x36bf1e]
V  [jvm.dll+0x3284e1]
V  [jvm.dll+0x36b63a]
V  [jvm.dll+0x860df0]
V  [jvm.dll+0x862174]
V  [jvm.dll+0x8626b0]
V  [jvm.dll+0x862953]
V  [jvm.dll+0x80265b]
V  [jvm.dll+0x6ca66d]
C  [ucrtbase.dll+0x37b0]
C  [KERNEL32.DLL+0x2e8d7]
C  [ntdll.dll+0x8c3fc]

VM_Operation (0x000000de2e4fea10): G1CollectForAllocation, mode: safepoint, requested by thread 0x000002acec5a0180


---------------  P R O C E S S  ---------------

Threads class SMR info:
_java_thread_list=0x000002acecaba8d0, length=30, elements={
0x000002aca4b54f50, 0x000002aca4b599c0, 0x000002aca4b5e440, 0x000002aca4b5eea0,
0x000002aca4b5f900, 0x000002aca4b60490, 0x000002aca4b63030, 0x000002aca5791e30,
0x000002aca5798680, 0x000002acec3bd250, 0x000002acec392510, 0x000002acec392b80,
0x000002acec3931f0, 0x000002acec677cc0, 0x000002acec65cd40, 0x000002acec59faf0,
0x000002acec5a0180, 0x000002acec5a0810, 0x000002acec5a0ea0, 0x000002acec59e740,
0x000002acec59edd0, 0x000002acec5a1530, 0x000002acecab0c80, 0x000002acecaaf8d0,
0x000002acecaaff60, 0x000002acecab05f0, 0x000002acecaae520, 0x000002acecab1310,
0x000002acecab2030, 0x000002acecab19a0
}

Java Threads: ( => current thread )
  0x000002aca4b54f50 JavaThread "Reference Handler"          daemon [_thread_blocked, id=22564, stack(0x000000de2bd00000,0x000000de2be00000) (1024K)]
  0x000002aca4b599c0 JavaThread "Finalizer"                  daemon [_thread_blocked, id=22568, stack(0x000000de2be00000,0x000000de2bf00000) (1024K)]
  0x000002aca4b5e440 JavaThread "Signal Dispatcher"          daemon [_thread_blocked, id=22572, stack(0x000000de2bf00000,0x000000de2c000000) (1024K)]
  0x000002aca4b5eea0 JavaThread "Attach Listener"            daemon [_thread_blocked, id=22576, stack(0x000000de2c000000,0x000000de2c100000) (1024K)]
  0x000002aca4b5f900 JavaThread "Service Thread"             daemon [_thread_blocked, id=22580, stack(0x000000de2c100000,0x000000de2c200000) (1024K)]
  0x000002aca4b60490 JavaThread "Monitor Deflation Thread"   daemon [_thread_blocked, id=22584, stack(0x000000de2c200000,0x000000de2c300000) (1024K)]
  0x000002aca4b63030 JavaThread "C1 CompilerThread0"         daemon [_thread_blocked, id=22588, stack(0x000000de2c300000,0x000000de2c400000) (1024K)]
  0x000002aca5791e30 JavaThread "Notification Thread"        daemon [_thread_blocked, id=22596, stack(0x000000de2c500000,0x000000de2c600000) (1024K)]
  0x000002aca5798680 JavaThread "Common-Cleaner"             daemon [_thread_blocked, id=22600, stack(0x000000de2c600000,0x000000de2c700000) (1024K)]
  0x000002acec3bd250 JavaThread "Catalina-utility-1"                [_thread_blocked, id=22716, stack(0x000000de2dc00000,0x000000de2dd00000) (1024K)]
  0x000002acec392510 JavaThread "Catalina-utility-2"                [_thread_blocked, id=22720, stack(0x000000de2dd00000,0x000000de2de00000) (1024K)]
  0x000002acec392b80 JavaThread "container-0"                       [_thread_blocked, id=22724, stack(0x000000de2de00000,0x000000de2df00000) (1024K)]
  0x000002acec3931f0 JavaThread "BufferPoolPruner-1-thread-1" daemon [_thread_blocked, id=22732, stack(0x000000de2df00000,0x000000de2e000000) (1024K)]
  0x000002acec677cc0 JavaThread "cluster-ClusterId{value='69f082d0b276f97c0ddfb1b9', description='null'}-localhost:27017" daemon [_thread_blocked, id=22740, stack(0x000000de2e000000,0x000000de2e100000) (1024K)]
  0x000002acec65cd40 JavaThread "cluster-rtt-ClusterId{value='69f082d0b276f97c0ddfb1b9', description='null'}-localhost:27017" daemon [_thread_blocked, id=22744, stack(0x000000de2e100000,0x000000de2e200000) (1024K)]
  0x000002acec59faf0 JavaThread "MaintenanceTimer-2-thread-1" daemon [_thread_blocked, id=22760, stack(0x000000de2e300000,0x000000de2e400000) (1024K)]
  0x000002acec5a0180 JavaThread "File Watcher"               daemon [_thread_blocked, id=22784, stack(0x000000de2e400000,0x000000de2e500000) (1024K)]
  0x000002acec5a0810 JavaThread "http-nio-8087-exec-1"       daemon [_thread_blocked, id=22788, stack(0x000000de2e500000,0x000000de2e600000) (1024K)]
  0x000002acec5a0ea0 JavaThread "http-nio-8087-exec-2"       daemon [_thread_blocked, id=22792, stack(0x000000de2e600000,0x000000de2e700000) (1024K)]
  0x000002acec59e740 JavaThread "http-nio-8087-exec-3"       daemon [_thread_blocked, id=22796, stack(0x000000de2e700000,0x000000de2e800000) (1024K)]
  0x000002acec59edd0 JavaThread "http-nio-8087-exec-4"       daemon [_thread_blocked, id=22800, stack(0x000000de2e800000,0x000000de2e900000) (1024K)]
  0x000002acec5a1530 JavaThread "http-nio-8087-exec-5"       daemon [_thread_blocked, id=22804, stack(0x000000de2e900000,0x000000de2ea00000) (1024K)]
  0x000002acecab0c80 JavaThread "http-nio-8087-exec-6"       daemon [_thread_blocked, id=22808, stack(0x000000de2ea00000,0x000000de2eb00000) (1024K)]
  0x000002acecaaf8d0 JavaThread "http-nio-8087-exec-7"       daemon [_thread_blocked, id=22812, stack(0x000000de2eb00000,0x000000de2ec00000) (1024K)]
  0x000002acecaaff60 JavaThread "http-nio-8087-exec-8"       daemon [_thread_blocked, id=22816, stack(0x000000de2ec00000,0x000000de2ed00000) (1024K)]
  0x000002acecab05f0 JavaThread "http-nio-8087-exec-9"       daemon [_thread_blocked, id=22820, stack(0x000000de2ed00000,0x000000de2ee00000) (1024K)]
  0x000002acecaae520 JavaThread "http-nio-8087-exec-10"      daemon [_thread_blocked, id=22824, stack(0x000000de2ee00000,0x000000de2ef00000) (1024K)]
  0x000002acecab1310 JavaThread "http-nio-8087-Poller"       daemon [_thread_blocked, id=22828, stack(0x000000de2ef00000,0x000000de2f000000) (1024K)]
  0x000002acecab2030 JavaThread "http-nio-8087-Acceptor"     daemon [_thread_in_native, id=22832, stack(0x000000de2f000000,0x000000de2f100000) (1024K)]
  0x000002acecab19a0 JavaThread "DestroyJavaVM"                     [_thread_blocked, id=22532, stack(0x000000de2b500000,0x000000de2b600000) (1024K)]
Total: 30

Other Threads:
=>0x000002aca4b3cbc0 VMThread "VM Thread"                           [id=22560, stack(0x000000de2bc00000,0x000000de2bd00000) (1024K)]
  0x000002aca4b25e20 WatcherThread "VM Periodic Task Thread"        [id=22556, stack(0x000000de2bb00000,0x000000de2bc00000) (1024K)]
  0x000002ac94327170 WorkerThread "GC Thread#0"                     [id=22536, stack(0x000000de2b600000,0x000000de2b700000) (1024K)]
  0x000002aca4b3c460 WorkerThread "GC Thread#1"                     [id=22628, stack(0x000000de2cb00000,0x000000de2cc00000) (1024K)]
  0x000002aca4b3cf70 WorkerThread "GC Thread#2"                     [id=22632, stack(0x000000de2cc00000,0x000000de2cd00000) (1024K)]
  0x000002aca4b3c0b0 WorkerThread "GC Thread#3"                     [id=22636, stack(0x000000de2cd00000,0x000000de2ce00000) (1024K)]
  0x000002aca4b3c810 WorkerThread "GC Thread#4"                     [id=22640, stack(0x000000de2ce00000,0x000000de2cf00000) (1024K)]
  0x000002aca4b3b950 WorkerThread "GC Thread#5"                     [id=22644, stack(0x000000de2cf00000,0x000000de2d000000) (1024K)]
  0x000002aceb5aa470 WorkerThread "GC Thread#6"                     [id=22656, stack(0x000000de2d100000,0x000000de2d200000) (1024K)]
  0x000002aceb5ac1f0 WorkerThread "GC Thread#7"                     [id=22660, stack(0x000000de2d200000,0x000000de2d300000) (1024K)]
  0x000002aceb5ac950 WorkerThread "GC Thread#8"                     [id=22664, stack(0x000000de2d300000,0x000000de2d400000) (1024K)]
  0x000002aceb5ac5a0 WorkerThread "GC Thread#9"                     [id=22680, stack(0x000000de2d700000,0x000000de2d800000) (1024K)]
  0x000002aceb5acd00 WorkerThread "GC Thread#10"                    [id=22684, stack(0x000000de2d800000,0x000000de2d900000) (1024K)]
  0x000002aceb5a9d10 WorkerThread "GC Thread#11"                    [id=22700, stack(0x000000de2d000000,0x000000de2d100000) (1024K)]
  0x000002aceb5aba90 WorkerThread "GC Thread#12"                    [id=22704, stack(0x000000de2db00000,0x000000de2dc00000) (1024K)]
  0x000002ac94339600 ConcurrentGCThread "G1 Main Marker"            [id=22540, stack(0x000000de2b700000,0x000000de2b800000) (1024K)]
  0x000002ac9433b5b0 WorkerThread "G1 Conc#0"                       [id=22544, stack(0x000000de2b800000,0x000000de2b900000) (1024K)]
  0x000002aceb5a9960 WorkerThread "G1 Conc#1"                       [id=22688, stack(0x000000de2d900000,0x000000de2da00000) (1024K)]
  0x000002aceb5ab6e0 WorkerThread "G1 Conc#2"                       [id=22692, stack(0x000000de2da00000,0x000000de2db00000) (1024K)]
  0x000002aca49f6330 ConcurrentGCThread "G1 Refine#0"               [id=22548, stack(0x000000de2b900000,0x000000de2ba00000) (1024K)]
  0x000002aca49f7f70 ConcurrentGCThread "G1 Service"                [id=22552, stack(0x000000de2ba00000,0x000000de2bb00000) (1024K)]
Total: 21

Threads with active compile tasks:
Total: 0

VM state: at safepoint (normal execution)

VM Mutex/Monitor currently owned by a thread:  ([mutex/lock_event])
[0x00007ffc27000df0] Threads_lock - owner thread: 0x000002aca4b3cbc0
[0x00007ffc27000ef0] Heap_lock - owner thread: 0x000002acec5a0180

Heap address: 0x0000000084c00000, size: 1972 MB, Compressed Oops mode: 32-bit

CDS archive(s) mapped at: [0x000002aca6000000-0x000002aca6c90000-0x000002aca6c90000), size 13172736, SharedBaseAddress: 0x000002aca6000000, ArchiveRelocationMode: 1.
Compressed class space mapped at: 0x000002aca7000000-0x000002ace7000000, reserved size: 1073741824
Narrow klass base: 0x000002aca6000000, Narrow klass shift: 0, Narrow klass range: 0x100000000

GC Precious Log:
 CardTable entry size: 512
 Card Set container configuration: InlinePtr #cards 5 size 8 Array Of Cards #cards 12 size 40 Howl #buckets 4 coarsen threshold 1843 Howl Bitmap #cards 512 size 80 coarsen threshold 460 Card regions per heap region 1 cards per card region 2048
 CPUs: 16 total, 16 available
 Memory: 7885M
 Large Page Support: Disabled
 NUMA Support: Disabled
 Compressed Oops: Enabled (32-bit)
 Heap Region Size: 1M
 Heap Min Capacity: 8M
 Heap Initial Capacity: 124M
 Heap Max Capacity: 1972M
 Pre-touch: Disabled
 Parallel Workers: 13
 Concurrent Workers: 3
 Concurrent Refinement Workers: 13
 Periodic GC: Disabled

Heap:
 garbage-first heap   total 53248K, used 22105K [0x0000000084c00000, 0x0000000100000000)
  region size 1024K, 2 young (2048K), 2 survivors (2048K)
 Metaspace       used 39774K, committed 40448K, reserved 1114112K
  class space    used 5565K, committed 5888K, reserved 1048576K

Heap Regions: E=young(eden), S=young(survivor), O=old, HS=humongous(starts), HC=humongous(continues), CS=collection set, F=free, TAMS=top-at-mark-start, PB=parsable bottom
|   0|0x0000000084c00000, 0x0000000084d00000, 0x0000000084d00000|100%| O|  |TAMS 0x0000000084c00000| PB 0x0000000084c00000| Untracked 
|   1|0x0000000084d00000, 0x0000000084e00000, 0x0000000084e00000|100%| O|  |TAMS 0x0000000084d00000| PB 0x0000000084d00000| Untracked 
|   2|0x0000000084e00000, 0x0000000084f00000, 0x0000000084f00000|100%| O|  |TAMS 0x0000000084e00000| PB 0x0000000084e00000| Untracked 
|   3|0x0000000084f00000, 0x0000000085000000, 0x0000000085000000|100%| O|  |TAMS 0x0000000084f00000| PB 0x0000000084f00000| Untracked 
|   4|0x0000000085000000, 0x0000000085100000, 0x0000000085100000|100%| O|  |TAMS 0x0000000085000000| PB 0x0000000085000000| Untracked 
|   5|0x0000000085100000, 0x0000000085200000, 0x0000000085200000|100%| O|  |TAMS 0x0000000085100000| PB 0x0000000085100000| Untracked 
|   6|0x0000000085200000, 0x0000000085300000, 0x0000000085300000|100%| O|  |TAMS 0x0000000085200000| PB 0x0000000085200000| Untracked 
|   7|0x0000000085300000, 0x0000000085400000, 0x0000000085400000|100%| O|  |TAMS 0x0000000085300000| PB 0x0000000085300000| Untracked 
|   8|0x0000000085400000, 0x0000000085500000, 0x0000000085500000|100%| O|  |TAMS 0x0000000085400000| PB 0x0000000085400000| Untracked 
|   9|0x0000000085500000, 0x0000000085600000, 0x0000000085600000|100%| O|  |TAMS 0x0000000085500000| PB 0x0000000085500000| Untracked 
|  10|0x0000000085600000, 0x0000000085700000, 0x0000000085700000|100%| O|  |TAMS 0x0000000085600000| PB 0x0000000085600000| Untracked 
|  11|0x0000000085700000, 0x0000000085800000, 0x0000000085800000|100%| O|  |TAMS 0x0000000085700000| PB 0x0000000085700000| Untracked 
|  12|0x0000000085800000, 0x0000000085900000, 0x0000000085900000|100%| O|  |TAMS 0x0000000085800000| PB 0x0000000085800000| Untracked 
|  13|0x0000000085900000, 0x0000000085a00000, 0x0000000085a00000|100%| O|  |TAMS 0x0000000085900000| PB 0x0000000085900000| Untracked 
|  14|0x0000000085a00000, 0x0000000085b00000, 0x0000000085b00000|100%| O|  |TAMS 0x0000000085a00000| PB 0x0000000085a00000| Untracked 
|  15|0x0000000085b00000, 0x0000000085b7e310, 0x0000000085c00000| 49%| O|  |TAMS 0x0000000085b00000| PB 0x0000000085b00000| Untracked 
|  16|0x0000000085c00000, 0x0000000085d00000, 0x0000000085d00000|100%| O|  |TAMS 0x0000000085c00000| PB 0x0000000085c00000| Untracked 
|  17|0x0000000085d00000, 0x0000000085e00000, 0x0000000085e00000|100%| O|  |TAMS 0x0000000085d00000| PB 0x0000000085d00000| Untracked 
|  18|0x0000000085e00000, 0x0000000085f00000, 0x0000000085f00000|100%| O|  |TAMS 0x0000000085e00000| PB 0x0000000085e00000| Untracked 
|  19|0x0000000085f00000, 0x0000000086000000, 0x0000000086000000|100%| O|  |TAMS 0x0000000085f00000| PB 0x0000000085f00000| Untracked 
|  20|0x0000000086000000, 0x0000000086000000, 0x0000000086100000|  0%| F|  |TAMS 0x0000000086000000| PB 0x0000000086000000| Untracked 
|  21|0x0000000086100000, 0x0000000086100000, 0x0000000086200000|  0%| F|  |TAMS 0x0000000086100000| PB 0x0000000086100000| Untracked 
|  22|0x0000000086200000, 0x0000000086200000, 0x0000000086300000|  0%| F|  |TAMS 0x0000000086200000| PB 0x0000000086200000| Untracked 
|  23|0x0000000086300000, 0x0000000086300000, 0x0000000086400000|  0%| F|  |TAMS 0x0000000086300000| PB 0x0000000086300000| Untracked 
|  24|0x0000000086400000, 0x0000000086400000, 0x0000000086500000|  0%| F|  |TAMS 0x0000000086400000| PB 0x0000000086400000| Untracked 
|  25|0x0000000086500000, 0x0000000086500000, 0x0000000086600000|  0%| F|  |TAMS 0x0000000086500000| PB 0x0000000086500000| Untracked 
|  26|0x0000000086600000, 0x00000000866182a0, 0x0000000086700000|  9%| S|CS|TAMS 0x0000000086600000| PB 0x0000000086600000| Complete 
|  27|0x0000000086700000, 0x0000000086800000, 0x0000000086800000|100%| S|CS|TAMS 0x0000000086700000| PB 0x0000000086700000| Complete 
|  28|0x0000000086800000, 0x0000000086800000, 0x0000000086900000|  0%| F|  |TAMS 0x0000000086800000| PB 0x0000000086800000| Untracked 
|  29|0x0000000086900000, 0x0000000086900000, 0x0000000086a00000|  0%| F|  |TAMS 0x0000000086900000| PB 0x0000000086900000| Untracked 
|  30|0x0000000086a00000, 0x0000000086a00000, 0x0000000086b00000|  0%| F|  |TAMS 0x0000000086a00000| PB 0x0000000086a00000| Untracked 
|  31|0x0000000086b00000, 0x0000000086b00000, 0x0000000086c00000|  0%| F|  |TAMS 0x0000000086b00000| PB 0x0000000086b00000| Untracked 
|  32|0x0000000086c00000, 0x0000000086c00000, 0x0000000086d00000|  0%| F|  |TAMS 0x0000000086c00000| PB 0x0000000086c00000| Untracked 
|  33|0x0000000086d00000, 0x0000000086d00000, 0x0000000086e00000|  0%| F|  |TAMS 0x0000000086d00000| PB 0x0000000086d00000| Untracked 
|  34|0x0000000086e00000, 0x0000000086e00000, 0x0000000086f00000|  0%| F|  |TAMS 0x0000000086e00000| PB 0x0000000086e00000| Untracked 
|  35|0x0000000086f00000, 0x0000000086f00000, 0x0000000087000000|  0%| F|  |TAMS 0x0000000086f00000| PB 0x0000000086f00000| Untracked 
|  36|0x0000000087000000, 0x0000000087000000, 0x0000000087100000|  0%| F|  |TAMS 0x0000000087000000| PB 0x0000000087000000| Untracked 
|  37|0x0000000087100000, 0x0000000087100000, 0x0000000087200000|  0%| F|  |TAMS 0x0000000087100000| PB 0x0000000087100000| Untracked 
|  38|0x0000000087200000, 0x0000000087200000, 0x0000000087300000|  0%| F|  |TAMS 0x0000000087200000| PB 0x0000000087200000| Untracked 
|  39|0x0000000087300000, 0x0000000087300000, 0x0000000087400000|  0%| F|  |TAMS 0x0000000087300000| PB 0x0000000087300000| Untracked 
|  40|0x0000000087400000, 0x0000000087400000, 0x0000000087500000|  0%| F|  |TAMS 0x0000000087400000| PB 0x0000000087400000| Untracked 
|  41|0x0000000087500000, 0x0000000087500000, 0x0000000087600000|  0%| F|  |TAMS 0x0000000087500000| PB 0x0000000087500000| Untracked 
|  42|0x0000000087600000, 0x0000000087600000, 0x0000000087700000|  0%| F|  |TAMS 0x0000000087600000| PB 0x0000000087600000| Untracked 
|  43|0x0000000087700000, 0x0000000087700000, 0x0000000087800000|  0%| F|  |TAMS 0x0000000087700000| PB 0x0000000087700000| Untracked 
|  44|0x0000000087800000, 0x0000000087800000, 0x0000000087900000|  0%| F|  |TAMS 0x0000000087800000| PB 0x0000000087800000| Untracked 
|  45|0x0000000087900000, 0x0000000087900000, 0x0000000087a00000|  0%| F|  |TAMS 0x0000000087900000| PB 0x0000000087900000| Untracked 
|  46|0x0000000087a00000, 0x0000000087a00000, 0x0000000087b00000|  0%| F|  |TAMS 0x0000000087a00000| PB 0x0000000087a00000| Untracked 
|  47|0x0000000087b00000, 0x0000000087b00000, 0x0000000087c00000|  0%| F|  |TAMS 0x0000000087b00000| PB 0x0000000087b00000| Untracked 
|  48|0x0000000087c00000, 0x0000000087c00000, 0x0000000087d00000|  0%| F|  |TAMS 0x0000000087c00000| PB 0x0000000087c00000| Untracked 
|  49|0x0000000087d00000, 0x0000000087d00000, 0x0000000087e00000|  0%| F|  |TAMS 0x0000000087d00000| PB 0x0000000087d00000| Untracked 
| 123|0x000000008c700000, 0x000000008c700000, 0x000000008c800000|  0%| F|  |TAMS 0x000000008c700000| PB 0x000000008c700000| Untracked 
|1971|0x00000000fff00000, 0x0000000100000000, 0x0000000100000000|100%| O|  |TAMS 0x00000000fff00000| PB 0x00000000fff00000| Untracked 

Card table byte_map: [0x000002aca01b0000,0x000002aca0590000] _byte_map_base: 0x000002ac9fd8a000

Marking Bits: (CMBitMap*) 0x000002ac943296a0
 Bits: [0x000002aca0590000, 0x000002aca2460000)

Polling page: 0x000002ac921d0000

Metaspace:

Usage:
  Non-class:     33.41 MB used.
      Class:      5.44 MB used.
       Both:     38.84 MB used.

Virtual space:
  Non-class space:       64.00 MB reserved,      33.75 MB ( 53%) committed,  1 nodes.
      Class space:        1.00 GB reserved,       5.75 MB ( <1%) committed,  1 nodes.
             Both:        1.06 GB reserved,      39.50 MB (  4%) committed. 

Chunk freelists:
   Non-Class:  14.26 MB
       Class:  10.08 MB
        Both:  24.34 MB

MaxMetaspaceSize: unlimited
CompressedClassSpaceSize: 1.00 GB
Initial GC threshold: 21.00 MB
Current GC threshold: 40.31 MB
CDS: on
 - commit_granule_bytes: 65536.
 - commit_granule_words: 8192.
 - virtual_space_node_default_size: 8388608.
 - enlarge_chunks_in_place: 1.
 - use_allocation_guard: 0.


Internal statistics:

num_allocs_failed_limit: 3.
num_arena_births: 930.
num_arena_deaths: 0.
num_vsnodes_births: 2.
num_vsnodes_deaths: 0.
num_space_committed: 632.
num_space_uncommitted: 0.
num_chunks_returned_to_freelist: 3.
num_chunks_taken_from_freelist: 2474.
num_chunk_merges: 3.
num_chunk_splits: 1678.
num_chunks_enlarged: 1208.
num_inconsistent_stats: 0.

CodeCache: size=49152Kb used=8943Kb max_used=11934Kb free=40208Kb
 bounds [0x000002ac9c770000, 0x000002ac9d320000, 0x000002ac9f770000]
 total_blobs=5416 nmethods=4859 adapters=481
 compilation: enabled
              stopped_count=0, restarted_count=0
 full_count=0

Compilation events (20 events):
Event: 335.725 Thread 0x000002aca4b63030 4896       1       java.lang.Throwable::getMessage (5 bytes)
Event: 335.725 Thread 0x000002aca4b63030 nmethod 4896 0x000002ac9cd93910 code [0x000002ac9cd93aa0, 0x000002ac9cd93b68]
Event: 342.674 Thread 0x000002aca4b63030 4897       1       java.net.InetSocketAddress$InetSocketAddressHolder::getPort (5 bytes)
Event: 342.674 Thread 0x000002aca4b63030 nmethod 4897 0x000002ac9cd93610 code [0x000002ac9cd937a0, 0x000002ac9cd93868]
Event: 345.730 Thread 0x000002aca4b63030 4898       1       java.net.InetSocketAddress$InetSocketAddressHolder::getAddress (5 bytes)
Event: 345.731 Thread 0x000002aca4b63030 nmethod 4898 0x000002ac9cd93310 code [0x000002ac9cd934a0, 0x000002ac9cd93568]
Event: 361.770 Thread 0x000002aca4b63030 4899       1       com.mongodb.internal.connection.PowerOfTwoBufferPool$$Lambda/0x000002aca75a69c0::accept (8 bytes)
Event: 361.778 Thread 0x000002aca4b63030 nmethod 4899 0x000002ac9cd92c10 code [0x000002ac9cd92de0, 0x000002ac9cd930c0]
Event: 361.778 Thread 0x000002aca4b63030 4905       1       java.util.concurrent.ConcurrentLinkedDeque::bulkRemove (67 bytes)
Event: 361.780 Thread 0x000002aca4b63030 nmethod 4905 0x000002ac9cd92090 code [0x000002ac9cd922c0, 0x000002ac9cd928a8]
Event: 361.780 Thread 0x000002aca4b63030 4900       1       com.mongodb.internal.connection.PowerOfTwoBufferPool$BufferPool::prune (20 bytes)
Event: 361.780 Thread 0x000002aca4b63030 nmethod 4900 0x000002ac9cd91a10 code [0x000002ac9cd91be0, 0x000002ac9cd91e80]
Event: 361.780 Thread 0x000002aca4b63030 4901       1       java.lang.invoke.LambdaForm$MH/0x000002aca75a1800::linkToTargetMethod (10 bytes)
Event: 361.780 Thread 0x000002aca4b63030 nmethod 4901 0x000002ac9cd91690 code [0x000002ac9cd91840, 0x000002ac9cd91970]
Event: 361.780 Thread 0x000002aca4b63030 4902       1       java.lang.invoke.LambdaForm$DMH/0x000002aca75a1400::newInvokeSpecial (27 bytes)
Event: 361.780 Thread 0x000002aca4b63030 nmethod 4902 0x000002ac9cd91190 code [0x000002ac9cd91360, 0x000002ac9cd91510]
Event: 361.780 Thread 0x000002aca4b63030 4903       1       com.mongodb.internal.connection.PowerOfTwoBufferPool$BufferPool$$Lambda/0x000002aca75a6be0::<init> (15 bytes)
Event: 361.780 Thread 0x000002aca4b63030 nmethod 4903 0x000002ac9cd90e90 code [0x000002ac9cd91020, 0x000002ac9cd91138]
Event: 361.780 Thread 0x000002aca4b63030 4904       1       java.util.concurrent.ConcurrentLinkedDeque::removeIf (11 bytes)
Event: 361.780 Thread 0x000002aca4b63030 nmethod 4904 0x000002ac9cd90a90 code [0x000002ac9cd90c40, 0x000002ac9cd90dd0]

GC Heap History (19 events):
Event: 0.390 GC heap before
{Heap before GC invocations=0 (full 0):
 garbage-first heap   total 126976K, used 23552K [0x0000000084c00000, 0x0000000100000000)
  region size 1024K, 23 young (23552K), 0 survivors (0K)
 Metaspace       used 5443K, committed 5696K, reserved 1114112K
  class space    used 700K, committed 832K, reserved 1048576K
}
Event: 0.394 GC heap after
{Heap after GC invocations=1 (full 0):
 garbage-first heap   total 126976K, used 5223K [0x0000000084c00000, 0x0000000100000000)
  region size 1024K, 3 young (3072K), 3 survivors (3072K)
 Metaspace       used 5443K, committed 5696K, reserved 1114112K
  class space    used 700K, committed 832K, reserved 1048576K
}
Event: 0.672 GC heap before
{Heap before GC invocations=1 (full 0):
 garbage-first heap   total 126976K, used 35943K [0x0000000084c00000, 0x0000000100000000)
  region size 1024K, 34 young (34816K), 3 survivors (3072K)
 Metaspace       used 11655K, committed 11904K, reserved 1114112K
  class space    used 1695K, committed 1792K, reserved 1048576K
}
Event: 0.676 GC heap after
{Heap after GC invocations=2 (full 0):
 garbage-first heap   total 126976K, used 7525K [0x0000000084c00000, 0x0000000100000000)
  region size 1024K, 3 young (3072K), 3 survivors (3072K)
 Metaspace       used 11655K, committed 11904K, reserved 1114112K
  class space    used 1695K, committed 1792K, reserved 1048576K
}
Event: 0.746 GC heap before
{Heap before GC invocations=2 (full 0):
 garbage-first heap   total 126976K, used 19813K [0x0000000084c00000, 0x0000000100000000)
  region size 1024K, 16 young (16384K), 3 survivors (3072K)
 Metaspace       used 14482K, committed 14784K, reserved 1114112K
  class space    used 1997K, committed 2112K, reserved 1048576K
}
Event: 0.748 GC heap after
{Heap after GC invocations=3 (full 0):
 garbage-first heap   total 126976K, used 8396K [0x0000000084c00000, 0x0000000100000000)
  region size 1024K, 4 young (4096K), 4 survivors (4096K)
 Metaspace       used 14482K, committed 14784K, reserved 1114112K
  class space    used 1997K, committed 2112K, reserved 1048576K
}
Event: 0.946 GC heap before
{Heap before GC invocations=4 (full 0):
 garbage-first heap   total 40960K, used 38092K [0x0000000084c00000, 0x0000000100000000)
  region size 1024K, 34 young (34816K), 4 survivors (4096K)
 Metaspace       used 19155K, committed 19520K, reserved 1114112K
  class space    used 2614K, committed 2816K, reserved 1048576K
}
Event: 0.950 GC heap after
{Heap after GC invocations=5 (full 0):
 garbage-first heap   total 48128K, used 11975K [0x0000000084c00000, 0x0000000100000000)
  region size 1024K, 7 young (7168K), 7 survivors (7168K)
 Metaspace       used 19155K, committed 19520K, reserved 1114112K
  class space    used 2614K, committed 2816K, reserved 1048576K
}
Event: 1.123 GC heap before
{Heap before GC invocations=5 (full 0):
 garbage-first heap   total 48128K, used 33479K [0x0000000084c00000, 0x0000000100000000)
  region size 1024K, 28 young (28672K), 7 survivors (7168K)
 Metaspace       used 20725K, committed 21056K, reserved 1114112K
  class space    used 2837K, committed 3008K, reserved 1048576K
}
Event: 1.128 GC heap after
{Heap after GC invocations=6 (full 0):
 garbage-first heap   total 48128K, used 12598K [0x0000000084c00000, 0x0000000100000000)
  region size 1024K, 2 young (2048K), 2 survivors (2048K)
 Metaspace       used 20725K, committed 21056K, reserved 1114112K
  class space    used 2837K, committed 3008K, reserved 1048576K
}
Event: 1.404 GC heap before
{Heap before GC invocations=6 (full 0):
 garbage-first heap   total 48128K, used 34102K [0x0000000084c00000, 0x0000000100000000)
  region size 1024K, 24 young (24576K), 2 survivors (2048K)
 Metaspace       used 24234K, committed 24640K, reserved 1114112K
  class space    used 3306K, committed 3520K, reserved 1048576K
}
Event: 1.407 GC heap after
{Heap after GC invocations=7 (full 0):
 garbage-first heap   total 58368K, used 13852K [0x0000000084c00000, 0x0000000100000000)
  region size 1024K, 3 young (3072K), 3 survivors (3072K)
 Metaspace       used 24234K, committed 24640K, reserved 1114112K
  class space    used 3306K, committed 3520K, reserved 1048576K
}
Event: 1.766 GC heap before
{Heap before GC invocations=8 (full 0):
 garbage-first heap   total 51200K, used 45596K [0x0000000084c00000, 0x0000000100000000)
  region size 1024K, 34 young (34816K), 3 survivors (3072K)
 Metaspace       used 29822K, committed 30400K, reserved 1114112K
  class space    used 4087K, committed 4352K, reserved 1048576K
}
Event: 1.773 GC heap after
{Heap after GC invocations=9 (full 0):
 garbage-first heap   total 53248K, used 16565K [0x0000000084c00000, 0x0000000100000000)
  region size 1024K, 5 young (5120K), 5 survivors (5120K)
 Metaspace       used 29822K, committed 30400K, reserved 1114112K
  class space    used 4087K, committed 4352K, reserved 1048576K
}
Event: 2.036 GC heap before
{Heap before GC invocations=9 (full 0):
 garbage-first heap   total 53248K, used 41141K [0x0000000084c00000, 0x0000000100000000)
  region size 1024K, 30 young (30720K), 5 survivors (5120K)
 Metaspace       used 35178K, committed 35776K, reserved 1114112K
  class space    used 4908K, committed 5184K, reserved 1048576K
}
Event: 2.041 GC heap after
{Heap after GC invocations=10 (full 0):
 garbage-first heap   total 53248K, used 18480K [0x0000000084c00000, 0x0000000100000000)
  region size 1024K, 3 young (3072K), 3 survivors (3072K)
 Metaspace       used 35178K, committed 35776K, reserved 1114112K
  class space    used 4908K, committed 5184K, reserved 1048576K
}
Event: 2.269 GC heap before
{Heap before GC invocations=10 (full 0):
 garbage-first heap   total 53248K, used 44080K [0x0000000084c00000, 0x0000000100000000)
  region size 1024K, 28 young (28672K), 3 survivors (3072K)
 Metaspace       used 38033K, committed 38656K, reserved 1114112K
  class space    used 5313K, committed 5568K, reserved 1048576K
}
Event: 2.273 GC heap after
{Heap after GC invocations=11 (full 0):
 garbage-first heap   total 53248K, used 21145K [0x0000000084c00000, 0x0000000100000000)
  region size 1024K, 3 young (3072K), 3 survivors (3072K)
 Metaspace       used 38033K, committed 38656K, reserved 1114112K
  class space    used 5313K, committed 5568K, reserved 1048576K
}
Event: 363.753 GC heap before
{Heap before GC invocations=11 (full 0):
 garbage-first heap   total 53248K, used 44697K [0x0000000084c00000, 0x0000000100000000)
  region size 1024K, 26 young (26624K), 3 survivors (3072K)
 Metaspace       used 39774K, committed 40448K, reserved 1114112K
  class space    used 5565K, committed 5888K, reserved 1048576K
}

Dll operation events (9 events):
Event: 0.007 Loaded shared library C:\Program Files\Java\jdk-21\bin\java.dll
Event: 0.063 Loaded shared library C:\Program Files\Java\jdk-21\bin\net.dll
Event: 0.065 Loaded shared library C:\Program Files\Java\jdk-21\bin\nio.dll
Event: 0.068 Loaded shared library C:\Program Files\Java\jdk-21\bin\zip.dll
Event: 0.136 Loaded shared library C:\Program Files\Java\jdk-21\bin\jimage.dll
Event: 0.299 Loaded shared library C:\Program Files\Java\jdk-21\bin\management.dll
Event: 0.301 Loaded shared library C:\Program Files\Java\jdk-21\bin\management_ext.dll
Event: 0.907 Loaded shared library C:\Program Files\Java\jdk-21\bin\sunmscapi.dll
Event: 1.827 Loaded shared library C:\Program Files\Java\jdk-21\bin\extnet.dll

Deoptimization events (2 events):
Event: 1.901 Thread 0x000002aceb39e6c0 DEOPT PACKING pc=0x000002ac9d1fd6a4 sp=0x000000de2cafa1f0
Event: 1.901 Thread 0x000002aceb39e6c0 DEOPT UNPACKING pc=0x000002ac9c7c4e42 sp=0x000000de2caf9748 mode 0

Classes loaded (20 events):
Event: 2.409 Loading class com/sun/beans/util/Cache$Kind$3
Event: 2.409 Loading class com/sun/beans/util/Cache$Kind$3 done
Event: 2.409 Loading class com/sun/beans/util/Cache$CacheEntry
Event: 2.409 Loading class com/sun/beans/util/Cache$CacheEntry done
Event: 143.936 Loading class sun/net/ConnectionResetException
Event: 143.973 Loading class sun/net/ConnectionResetException done
Event: 144.178 Loading class java/nio/channels/ClosedByInterruptException
Event: 144.186 Loading class java/nio/channels/AsynchronousCloseException
Event: 144.189 Loading class java/nio/channels/ClosedChannelException
Event: 144.202 Loading class java/nio/channels/ClosedChannelException done
Event: 144.202 Loading class java/nio/channels/AsynchronousCloseException done
Event: 144.203 Loading class java/nio/channels/ClosedByInterruptException done
Event: 144.916 Loading class java/lang/Class$Holder
Event: 144.919 Loading class java/lang/Class$Holder done
Event: 144.924 Loading class java/security/AllPermissionCollection
Event: 144.929 Loading class java/security/AllPermissionCollection done
Event: 145.335 Loading class java/net/ConnectException
Event: 145.339 Loading class java/net/ConnectException done
Event: 145.341 Loading class sun/net/util/SocketExceptions
Event: 145.356 Loading class sun/net/util/SocketExceptions done

Classes unloaded (0 events):
No events

Classes redefined (0 events):
No events

Internal exceptions (20 events):
Event: 265.588 Thread 0x000002acec677cc0 Exception <a 'java/net/ConnectException'{0x0000000086d37b20}: Connection refused: getsockopt> (0x0000000086d37b20) 
thrown [s\open\src\hotspot\share\prims\jni.cpp, line 539]
Event: 272.526 Thread 0x000002acec65cd40 Exception <a 'java/net/ConnectException'{0x0000000086c5e040}: Connection refused: getsockopt> (0x0000000086c5e040) 
thrown [s\open\src\hotspot\share\prims\jni.cpp, line 539]
Event: 275.591 Thread 0x000002acec677cc0 Exception <a 'java/net/ConnectException'{0x0000000086bc11a8}: Connection refused: getsockopt> (0x0000000086bc11a8) 
thrown [s\open\src\hotspot\share\prims\jni.cpp, line 539]
Event: 282.542 Thread 0x000002acec65cd40 Exception <a 'java/net/ConnectException'{0x0000000086c5f2a0}: Connection refused: getsockopt> (0x0000000086c5f2a0) 
thrown [s\open\src\hotspot\share\prims\jni.cpp, line 539]
Event: 285.614 Thread 0x000002acec677cc0 Exception <a 'java/net/ConnectException'{0x0000000086bc28c0}: Connection refused: getsockopt> (0x0000000086bc28c0) 
thrown [s\open\src\hotspot\share\prims\jni.cpp, line 539]
Event: 292.575 Thread 0x000002acec65cd40 Exception <a 'java/net/ConnectException'{0x0000000086c60500}: Connection refused: getsockopt> (0x0000000086c60500) 
thrown [s\open\src\hotspot\share\prims\jni.cpp, line 539]
Event: 295.617 Thread 0x000002acec677cc0 Exception <a 'java/net/ConnectException'{0x0000000086bc41f0}: Connection refused: getsockopt> (0x0000000086bc41f0) 
thrown [s\open\src\hotspot\share\prims\jni.cpp, line 539]
Event: 302.592 Thread 0x000002acec65cd40 Exception <a 'java/net/ConnectException'{0x0000000086afb2d8}: Connection refused: getsockopt> (0x0000000086afb2d8) 
thrown [s\open\src\hotspot\share\prims\jni.cpp, line 539]
Event: 305.644 Thread 0x000002acec677cc0 Exception <a 'java/net/ConnectException'{0x0000000086bc5908}: Connection refused: getsockopt> (0x0000000086bc5908) 
thrown [s\open\src\hotspot\share\prims\jni.cpp, line 539]
Event: 312.621 Thread 0x000002acec65cd40 Exception <a 'java/net/ConnectException'{0x0000000086afc538}: Connection refused: getsockopt> (0x0000000086afc538) 
thrown [s\open\src\hotspot\share\prims\jni.cpp, line 539]
Event: 315.675 Thread 0x000002acec677cc0 Exception <a 'java/net/ConnectException'{0x0000000086bc7020}: Connection refused: getsockopt> (0x0000000086bc7020) 
thrown [s\open\src\hotspot\share\prims\jni.cpp, line 539]
Event: 322.650 Thread 0x000002acec65cd40 Exception <a 'java/net/ConnectException'{0x0000000086afd798}: Connection refused: getsockopt> (0x0000000086afd798) 
thrown [s\open\src\hotspot\share\prims\jni.cpp, line 539]
Event: 325.703 Thread 0x000002acec677cc0 Exception <a 'java/net/ConnectException'{0x0000000086bc8950}: Connection refused: getsockopt> (0x0000000086bc8950) 
thrown [s\open\src\hotspot\share\prims\jni.cpp, line 539]
Event: 332.663 Thread 0x000002acec65cd40 Exception <a 'java/net/ConnectException'{0x0000000086afe9f8}: Connection refused: getsockopt> (0x0000000086afe9f8) 
thrown [s\open\src\hotspot\share\prims\jni.cpp, line 539]
Event: 335.724 Thread 0x000002acec677cc0 Exception <a 'java/net/ConnectException'{0x0000000086bca068}: Connection refused: getsockopt> (0x0000000086bca068) 
thrown [s\open\src\hotspot\share\prims\jni.cpp, line 539]
Event: 342.690 Thread 0x000002acec65cd40 Exception <a 'java/net/ConnectException'{0x0000000086affc58}: Connection refused: getsockopt> (0x0000000086affc58) 
thrown [s\open\src\hotspot\share\prims\jni.cpp, line 539]
Event: 345.731 Thread 0x000002acec677cc0 Exception <a 'java/net/ConnectException'{0x000000008686a7f0}: Connection refused: getsockopt> (0x000000008686a7f0) 
thrown [s\open\src\hotspot\share\prims\jni.cpp, line 539]
Event: 352.724 Thread 0x000002acec65cd40 Exception <a 'java/net/ConnectException'{0x0000000086848928}: Connection refused: getsockopt> (0x0000000086848928) 
thrown [s\open\src\hotspot\share\prims\jni.cpp, line 539]
Event: 355.739 Thread 0x000002acec677cc0 Exception <a 'java/net/ConnectException'{0x000000008686c120}: Connection refused: getsockopt> (0x000000008686c120) 
thrown [s\open\src\hotspot\share\prims\jni.cpp, line 539]
Event: 362.756 Thread 0x000002acec65cd40 Exception <a 'java/net/ConnectException'{0x0000000086849b88}: Connection refused: getsockopt> (0x0000000086849b88) 
thrown [s\open\src\hotspot\share\prims\jni.cpp, line 539]

ZGC Phase Switch (0 events):
No events

VM Operations (20 events):
Event: 133.300 Executing VM operation: Cleanup done
Event: 134.312 Executing VM operation: Cleanup
Event: 134.327 Executing VM operation: Cleanup done
Event: 145.428 Executing VM operation: Cleanup
Event: 145.428 Executing VM operation: Cleanup done
Event: 175.654 Executing VM operation: Cleanup
Event: 175.654 Executing VM operation: Cleanup done
Event: 201.871 Executing VM operation: Cleanup
Event: 201.871 Executing VM operation: Cleanup done
Event: 202.872 Executing VM operation: Cleanup
Event: 202.872 Executing VM operation: Cleanup done
Event: 215.994 Executing VM operation: Cleanup
Event: 215.994 Executing VM operation: Cleanup done
Event: 232.116 Executing VM operation: Cleanup
Event: 232.116 Executing VM operation: Cleanup done
Event: 255.300 Executing VM operation: Cleanup
Event: 255.300 Executing VM operation: Cleanup done
Event: 274.437 Executing VM operation: Cleanup
Event: 274.437 Executing VM operation: Cleanup done
Event: 363.750 Executing VM operation: G1CollectForAllocation (G1 Evacuation Pause)

Events (20 events):
Event: 2.391 Thread 0x000002acecab05f0 Thread added: 0x000002acecab05f0
Event: 2.391 Thread 0x000002acecaae520 Thread added: 0x000002acecaae520
Event: 2.398 Thread 0x000002acecab1310 Thread added: 0x000002acecab1310
Event: 2.399 Thread 0x000002acecab2030 Thread added: 0x000002acecab2030
Event: 2.409 Thread 0x000002aceb39e6c0 Thread exited: 0x000002aceb39e6c0
Event: 2.410 Thread 0x000002aceb414360 Thread exited: 0x000002aceb414360
Event: 2.410 Thread 0x000002ac91f38da0 Thread exited: 0x000002ac91f38da0
Event: 2.410 Thread 0x000002acecab19a0 Thread added: 0x000002acecab19a0
Event: 4.393 Thread 0x000002aceba6e500 Thread exited: 0x000002aceba6e500
Event: 4.393 Thread 0x000002aceb960ef0 Thread exited: 0x000002aceb960ef0
Event: 4.393 Thread 0x000002aceb8918c0 Thread exited: 0x000002aceb8918c0
Event: 4.407 Thread 0x000002aceb1475a0 Thread exited: 0x000002aceb1475a0
Event: 10.511 Thread 0x000002aceb0ad550 Thread exited: 0x000002aceb0ad550
Event: 30.611 Thread 0x000002aca5681010 Thread exited: 0x000002aca5681010
Event: 81.793 Thread 0x000002aceb8918c0 Thread added: 0x000002aceb8918c0
Event: 88.418 Thread 0x000002aceb8918c0 Thread exited: 0x000002aceb8918c0
Event: 215.524 Thread 0x000002aceba6e2f0 Thread added: 0x000002aceba6e2f0
Event: 220.543 Thread 0x000002aceba6e2f0 Thread exited: 0x000002aceba6e2f0
Event: 261.457 Thread 0x000002aceba6e2f0 Thread added: 0x000002aceba6e2f0
Event: 270.595 Thread 0x000002aceba6e2f0 Thread exited: 0x000002aceba6e2f0


Dynamic libraries:
0x00007ff7788d0000 - 0x00007ff7788e0000 	C:\Program Files\Java\jdk-21\bin\java.exe
0x00007ffcc39c0000 - 0x00007ffcc3c27000 	C:\WINDOWS\SYSTEM32\ntdll.dll
0x00007ffcc1850000 - 0x00007ffcc1919000 	C:\WINDOWS\System32\KERNEL32.DLL
0x00007ffcc0290000 - 0x00007ffcc0684000 	C:\WINDOWS\System32\KERNELBASE.dll
0x00007ffcc09d0000 - 0x00007ffcc0b1b000 	C:\WINDOWS\System32\ucrtbase.dll
0x00007ffc96720000 - 0x00007ffc9673b000 	C:\Program Files\Java\jdk-21\bin\VCRUNTIME140.dll
0x00007ffc949b0000 - 0x00007ffc949c9000 	C:\Program Files\Java\jdk-21\bin\jli.dll
0x00007ffcc2ff0000 - 0x00007ffcc30a6000 	C:\WINDOWS\System32\ADVAPI32.dll
0x00007ffcc2570000 - 0x00007ffcc2619000 	C:\WINDOWS\System32\msvcrt.dll
0x00007ffcc1b00000 - 0x00007ffcc1ba7000 	C:\WINDOWS\System32\sechost.dll
0x00007ffcc1bb0000 - 0x00007ffcc1cc8000 	C:\WINDOWS\System32\RPCRT4.dll
0x00007ffcc1920000 - 0x00007ffcc1ae5000 	C:\WINDOWS\System32\USER32.dll
0x00007ffcc0b20000 - 0x00007ffcc0b47000 	C:\WINDOWS\System32\win32u.dll
0x00007ffcc2fc0000 - 0x00007ffcc2feb000 	C:\WINDOWS\System32\GDI32.dll
0x00007ffcc08a0000 - 0x00007ffcc09cb000 	C:\WINDOWS\System32\gdi32full.dll
0x00007ffca91f0000 - 0x00007ffca9483000 	C:\WINDOWS\WinSxS\amd64_microsoft.windows.common-controls_6595b64144ccf1df_6.0.26100.8115_none_3e075c82e3354f9c\COMCTL32.dll
0x00007ffcc0cc0000 - 0x00007ffcc0d63000 	C:\WINDOWS\System32\msvcp_win.dll
0x00007ffcad310000 - 0x00007ffcad31b000 	C:\WINDOWS\SYSTEM32\VERSION.dll
0x00007ffcc3650000 - 0x00007ffcc3682000 	C:\WINDOWS\System32\IMM32.DLL
0x00007ffcb7ed0000 - 0x00007ffcb7edc000 	C:\Program Files\Java\jdk-21\bin\vcruntime140_1.dll
0x00007ffc87cb0000 - 0x00007ffc87d3e000 	C:\Program Files\Java\jdk-21\bin\msvcp140.dll
0x00007ffc263c0000 - 0x00007ffc270dd000 	C:\Program Files\Java\jdk-21\bin\server\jvm.dll
0x00007ffcc35c0000 - 0x00007ffcc3640000 	C:\WINDOWS\System32\WS2_32.dll
0x00007ffcc00f0000 - 0x00007ffcc014e000 	C:\WINDOWS\SYSTEM32\POWRPROF.dll
0x00007ffcb3490000 - 0x00007ffcb34c6000 	C:\WINDOWS\SYSTEM32\WINMM.dll
0x00007ffcc00d0000 - 0x00007ffcc00e4000 	C:\WINDOWS\SYSTEM32\UMPDC.dll
0x00007ffcbf020000 - 0x00007ffcbf03b000 	C:\WINDOWS\SYSTEM32\kernel.appcore.dll
0x00007ffcb7cb0000 - 0x00007ffcb7cba000 	C:\Program Files\Java\jdk-21\bin\jimage.dll
0x00007ffcbe220000 - 0x00007ffcbe462000 	C:\WINDOWS\SYSTEM32\DBGHELP.DLL
0x00007ffcc2080000 - 0x00007ffcc2402000 	C:\WINDOWS\System32\combase.dll
0x00007ffcc2e20000 - 0x00007ffcc2ef8000 	C:\WINDOWS\System32\OLEAUT32.dll
0x00007ffca6700000 - 0x00007ffca673b000 	C:\WINDOWS\SYSTEM32\dbgcore.DLL
0x00007ffcc0d70000 - 0x00007ffcc0e15000 	C:\WINDOWS\System32\bcryptPrimitives.dll
0x00007ffc948e0000 - 0x00007ffc948ff000 	C:\Program Files\Java\jdk-21\bin\java.dll
0x00007ffcc26b0000 - 0x00007ffcc2e17000 	C:\WINDOWS\System32\SHELL32.dll
0x00007ffcc0b50000 - 0x00007ffcc0cba000 	C:\WINDOWS\System32\wintypes.dll
0x00007ffcc0ee0000 - 0x00007ffcc1748000 	C:\WINDOWS\System32\windows.storage.dll
0x00007ffcc3710000 - 0x00007ffcc3808000 	C:\WINDOWS\System32\SHCORE.dll
0x00007ffcc17e0000 - 0x00007ffcc1846000 	C:\WINDOWS\System32\shlwapi.dll
0x00007ffcc01b0000 - 0x00007ffcc01d9000 	C:\WINDOWS\SYSTEM32\profapi.dll
0x00007ffcb5dc0000 - 0x00007ffcb5dd0000 	C:\Program Files\Java\jdk-21\bin\net.dll
0x00007ffcb6460000 - 0x00007ffcb658d000 	C:\WINDOWS\SYSTEM32\WINHTTP.dll
0x00007ffcbf590000 - 0x00007ffcbf5fc000 	C:\WINDOWS\system32\mswsock.dll
0x00007ffc94780000 - 0x00007ffc94796000 	C:\Program Files\Java\jdk-21\bin\nio.dll
0x00007ffc94160000 - 0x00007ffc94178000 	C:\Program Files\Java\jdk-21\bin\zip.dll
0x00007ffcacc30000 - 0x00007ffcacc3a000 	C:\Program Files\Java\jdk-21\bin\management.dll
0x00007ffcacbc0000 - 0x00007ffcacbcb000 	C:\Program Files\Java\jdk-21\bin\management_ext.dll
0x00007ffcc3810000 - 0x00007ffcc3818000 	C:\WINDOWS\System32\PSAPI.DLL
0x00007ffca30c0000 - 0x00007ffca30ce000 	C:\Program Files\Java\jdk-21\bin\sunmscapi.dll
0x00007ffcc0720000 - 0x00007ffcc0897000 	C:\WINDOWS\System32\CRYPT32.dll
0x00007ffcbfa90000 - 0x00007ffcbfac0000 	C:\WINDOWS\SYSTEM32\ncrypt.dll
0x00007ffcbfa40000 - 0x00007ffcbfa7f000 	C:\WINDOWS\SYSTEM32\NTASN1.dll
0x00007ffcbf880000 - 0x00007ffcbf89b000 	C:\WINDOWS\SYSTEM32\CRYPTSP.dll
0x00007ffcbef80000 - 0x00007ffcbefb9000 	C:\WINDOWS\system32\rsaenh.dll
0x00007ffcbf640000 - 0x00007ffcbf673000 	C:\WINDOWS\SYSTEM32\USERENV.dll
0x00007ffcc0180000 - 0x00007ffcc01aa000 	C:\WINDOWS\SYSTEM32\bcrypt.dll
0x00007ffcbf870000 - 0x00007ffcbf87c000 	C:\WINDOWS\SYSTEM32\CRYPTBASE.dll
0x00007ffcbead0000 - 0x00007ffcbeb02000 	C:\WINDOWS\SYSTEM32\IPHLPAPI.DLL
0x00007ffcc2650000 - 0x00007ffcc265a000 	C:\WINDOWS\System32\NSI.dll
0x00007ffcbebb0000 - 0x00007ffcbece2000 	C:\WINDOWS\SYSTEM32\DNSAPI.dll
0x00007ffcb5e00000 - 0x00007ffcb5e0b000 	C:\Windows\System32\rasadhlp.dll
0x00007ffcb7cc0000 - 0x00007ffcb7d46000 	C:\WINDOWS\System32\fwpuclnt.dll
0x00007ffca9e60000 - 0x00007ffca9e69000 	C:\Program Files\Java\jdk-21\bin\extnet.dll
0x00007ffc97490000 - 0x00007ffc97498000 	C:\WINDOWS\system32\wshunix.dll

dbghelp: loaded successfully - version: 4.0.5 - missing functions: none
symbol engine: initialized successfully - sym options: 0x614 - pdb path: .;C:\Program Files\Java\jdk-21\bin;C:\WINDOWS\SYSTEM32;C:\WINDOWS\WinSxS\amd64_microsoft.windows.common-controls_6595b64144ccf1df_6.0.26100.8115_none_3e075c82e3354f9c;C:\Program Files\Java\jdk-21\bin\server

VM Arguments:
jvm_args: -XX:TieredStopAtLevel=1 
java_command: com.bridgelabz.notificationservice.NotificationServiceApplication
java_class_path (initial): C:\Users\Asus\OneDrive\Desktop\Appointment-Booking-System\backend\notification-service\target\classes;C:\Users\Asus\.m2\repository\ch\qos\logback\logback-classic\1.5.11\logback-classic-1.5.11.jar;C:\Users\Asus\.m2\repository\ch\qos\logback\logback-core\1.5.11\logback-core-1.5.11.jar;C:\Users\Asus\.m2\repository\org\apache\logging\log4j\log4j-to-slf4j\2.23.1\log4j-to-slf4j-2.23.1.jar;C:\Users\Asus\.m2\repository\org\apache\logging\log4j\log4j-api\2.23.1\log4j-api-2.23.1.jar;C:\Users\Asus\.m2\repository\org\slf4j\jul-to-slf4j\2.0.16\jul-to-slf4j-2.0.16.jar;C:\Users\Asus\.m2\repository\jakarta\annotation\jakarta.annotation-api\2.1.1\jakarta.annotation-api-2.1.1.jar;C:\Users\Asus\.m2\repository\org\yaml\snakeyaml\2.2\snakeyaml-2.2.jar;C:\Users\Asus\.m2\repository\com\fasterxml\jackson\core\jackson-databind\2.17.2\jackson-databind-2.17.2.jar;C:\Users\Asus\.m2\repository\com\fasterxml\jackson\core\jackson-annotations\2.17.2\jackson-annotations-2.17.2.jar;C:\Users\Asus\.m2\repository\com\fasterxml\jackson\core\jackson-core\2.17.2\jackson-core-2.17.2.jar;C:\Users\Asus\.m2\repository\com\fasterxml\jackson\datatype\jackson-datatype-jdk8\2.17.2\jackson-datatype-jdk8-2.17.2.jar;C:\Users\Asus\.m2\repository\com\fasterxml\jackson\datatype\jackson-datatype-jsr310\2.17.2\jackson-datatype-jsr310-2.17.2.jar;C:\Users\Asus\.m2\repository\com\fasterxml\jackson\module\jackson-module-parameter-names\2.17.2\jackson-module-parameter-names-2.17.2.jar;C:\Users\Asus\.m2\repository\org\apache\tomcat\embed\tomcat-embed-core\10.1.31\tomcat-embed-core-10.1.31.jar;C:\Users\Asus\.m2\repository\org\apache\tomcat\embed\tomcat-embed-websocket\10.1.31\tomcat-embed-websocket-10.1.31.jar;C:\Users\Asus\.m2\repository\org\springframework\spring-web\6.1.14\spring-web-6.1.14.jar;C:\Users\Asus\.m2\repository\org\springframework\spring-beans\6.1.14\spring-beans-6.1.14.jar;C:\Users\Asus\.m2\repository\io\micrometer\micrometer-observation\1.13.6\micrometer-observation-1.13.6.jar;C:\Users\Asus\.m2\repository\io\micrometer\micrometer-commons\1.13.6\micrometer-commons-1.13.6.jar;C:\Users\Asus\.m2\repository\org\springframework\spring-webmvc\6.1.14\spring-webmvc-6.1.14.jar;C:\Users\Asus\.m2\repository\org\springframework\spring-aop\6.1.14\spring-aop-6.1.14.jar;C:\Users\Asus\.m2\repository\org\springframework\spring-context\6.1.14\spring-context-6.1.14.jar;C:\Users\Asus\.m2\repository\org\springframework\spring-expression\6.1.14\spring-expression-6.1.14.jar;C:\Users\Asus\.m2\repository\org\mongodb\mongodb-driver-sync\5.0.1\mongodb-driver-sync-5.0.1.jar;C:\Users\Asus\.m2\repository\org\mongodb\bson\5.0.1\bson-5.0.1.jar;C:\Users\Asus\.m2\repository\org\mongodb\mongodb-driver-core\5.0.1\mongodb-driver-core-5.0.1.jar;C:\Users\Asus\.m2\repository\org\mongodb\bson-record-codec\5.0.1\bson-record-codec-5.0.1.jar;C:\Users\Asus\.m2\repository\org\springframework\data\spring-data-mongodb\4.3.5\spring-data-mongodb-4.3.5.jar;C:\Users\Asus\.m2\repository\org\springframework\spring-tx\6.1.14\spring-tx-6.1.14.jar;C:\Users\Asus\.m2\repository\org\springframework\data\spring-data-commons\3.3.5\spring-data-commons-3.3.5.jar;C:\Users\Asus\.m2\repository\org\slf4j\slf4j-api\2.0.16\slf4j-api-2.0.16.jar;C:\Users\Asus\.m2\repository\org\apache\tomcat\embed\tomcat-embed-el\10.1.31\tomcat-embed-el-10.1.31.jar;C:\Users\Asus\.m2\repository\org\hibernate\validator\hibernate-validator\8.0.1.Final\hibernate-validator-8.0.1.Final.jar;C:\Users\Asus\.m2\repository\jakarta\validation\jakarta.validation-api\3.0.2\jakarta.validation-api-3.0.2.jar;C:\Users\Asus\.m2\repository\org\jboss\logging\jboss-logging\3.5.3.Final\jboss-logging-3.5.3.Final.jar;C:\Users\Asus\.m2\repository\com\fasterxml\classmate\1.7.0\classmate-1.7.0.jar;C:\Users\Asus\.m2\repository\org\projectlombok\lombok\1.18.34\lombok-1.18.34.jar;C:\Users\Asus\.m2\repository\org\springdoc\springdoc-openapi-starter-webmvc-ui\2.6.0\springdoc-openapi-starter-webmvc-ui-2.6.0.jar;C:\Users\Asus\.m2\repository\org\springdoc\springdoc-openapi-starter-webmvc-api\2.6.0\springdoc-openapi-starter-webmvc-api-2.6.0.jar;C:\Users\Asus\.m2\repository\org\springdoc\springdoc-openapi-starter-common\2.6.0\springdoc-openapi-starter-common-2.6.0.jar;C:\Users\Asus\.m2\repository\io\swagger\core\v3\swagger-core-jakarta\2.2.22\swagger-core-jakarta-2.2.22.jar;C:\Users\Asus\.m2\repository\org\apache\commons\commons-lang3\3.14.0\commons-lang3-3.14.0.jar;C:\Users\Asus\.m2\repository\io\swagger\core\v3\swagger-annotations-jakarta\2.2.22\swagger-annotations-jakarta-2.2.22.jar;C:\Users\Asus\.m2\repository\io\swagger\core\v3\swagger-models-jakarta\2.2.22\swagger-models-jakarta-2.2.22.jar;C:\Users\Asus\.m2\repository\com\fasterxml\jackson\dataformat\jackson-dataformat-yaml\2.17.2\jackson-dataformat-yaml-2.17.2.jar;C:\Users\Asus\.m2\repository\org\webjars\swagger-ui\5.17.14\swagger-ui-5.17.14.jar;C:\Users\Asus\.m2\repository\org\springframework\boot\spring-boot-devtools\3.3.5\spring-boot-devtools-3.3.5.jar;C:\Users\Asus\.m2\repository\org\springframework\boot\spring-boot\3.3.5\spring-boot-3.3.5.jar;C:\Users\Asus\.m2\repository\org\springframework\boot\spring-boot-autoconfigure\3.3.5\spring-boot-autoconfigure-3.3.5.jar;C:\Users\Asus\.m2\repository\jakarta\xml\bind\jakarta.xml.bind-api\4.0.2\jakarta.xml.bind-api-4.0.2.jar;C:\Users\Asus\.m2\repository\jakarta\activation\jakarta.activation-api\2.1.3\jakarta.activation-api-2.1.3.jar;C:\Users\Asus\.m2\repository\org\springframework\spring-core\6.1.14\spring-core-6.1.14.jar;C:\Users\Asus\.m2\repository\org\springframework\spring-jcl\6.1.14\spring-jcl-6.1.14.jar
Launcher Type: SUN_STANDARD

[Global flags]
     intx CICompilerCount                          = 12                                        {product} {ergonomic}
     uint ConcGCThreads                            = 3                                         {product} {ergonomic}
     uint G1ConcRefinementThreads                  = 13                                        {product} {ergonomic}
   size_t G1HeapRegionSize                         = 1048576                                   {product} {ergonomic}
    uintx GCDrainStackTargetSize                   = 64                                        {product} {ergonomic}
   size_t InitialHeapSize                          = 130023424                                 {product} {ergonomic}
   size_t MarkStackSize                            = 4194304                                   {product} {ergonomic}
   size_t MaxHeapSize                              = 2067791872                                {product} {ergonomic}
   size_t MaxNewSize                               = 1240465408                                {product} {ergonomic}
   size_t MinHeapDeltaBytes                        = 1048576                                   {product} {ergonomic}
   size_t MinHeapSize                              = 8388608                                   {product} {ergonomic}
    uintx NonNMethodCodeHeapSize                   = 4096                                   {pd product} {ergonomic}
    uintx NonProfiledCodeHeapSize                  = 0                                      {pd product} {ergonomic}
     bool ProfileInterpreter                       = false                                  {pd product} {command line}
    uintx ProfiledCodeHeapSize                     = 0                                      {pd product} {ergonomic}
   size_t SoftMaxHeapSize                          = 2067791872                             {manageable} {ergonomic}
     intx TieredStopAtLevel                        = 1                                         {product} {command line}
     bool UseCompressedOops                        = true                           {product lp64_product} {ergonomic}
     bool UseG1GC                                  = true                                      {product} {ergonomic}
     bool UseLargePagesIndividualAllocation        = false                                  {pd product} {ergonomic}

Logging:
Log output configuration:
 #0: stdout all=warning uptime,level,tags foldmultilines=false
 #1: stderr all=off uptime,level,tags foldmultilines=false

Environment Variables:
JAVA_HOME=C:\Program Files\Java\jdk-21
PATH=C:\Python314\Scripts\;C:\Python314\;C:\Python312\Scripts\;C:\Python312\;C:\WINDOWS\system32;C:\WINDOWS;C:\WINDOWS\System32\Wbem;C:\WINDOWS\System32\WindowsPowerShell\v1.0\;C:\WINDOWS\System32\OpenSSH\;C:\Program Files\Java\jdk-21\bin;C:\ProgramData\chocolatey\bin;C:\Program Files\Git\cmd;C:\Program Files\Cloudflare\Cloudflare WARP\;C:\Program Files\Java\jdk-21\bin;C:\apache-maven-3.9.14\bin;C:\Program Files\nodejs\;C:\Program Files\MySQL\MySQL Shell 8.0\bin\;C:\Users\Asus\AppData\Local\Microsoft\WindowsApps;C:\Program Files\IntelliJ IDEA Community Edition 2023.2.1\bin;C:\Users\Asus\AppData\Local\Programs\Microsoft VS Code\bin;C:\Users\Asus\AppData\Local\JetBrains\Toolbox\scripts;C:\Users\Asus\AppData\Local\GitHubDesktop\bin;C:\Users\Asus\AppData\Local\Microsoft\WindowsApps;C:\Program Files\MySQL\MySQL Server 8.0\bin;C:\Program Files\JetBrains\IntelliJ IDEA 2024.2.6\bin;;C:\Users\Asus\AppData\Local\Programs\Antigravity\bin;C:\Users\Asus\AppData\Roaming\npm
USERNAME=Asus
OS=Windows_NT
PROCESSOR_IDENTIFIER=Intel64 Family 6 Model 154 Stepping 3, GenuineIntel
TMP=C:\Users\Asus\AppData\Local\Temp
TEMP=C:\Users\Asus\AppData\Local\Temp




Periodic native trim disabled

---------------  S Y S T E M  ---------------

OS:
 Windows 11 , 64 bit Build 26100 (10.0.26100.8246)
OS uptime: 0 days 0:34 hours

CPU: total 16 (initial active 16) (8 cores per cpu, 2 threads per core) family 6 model 154 stepping 3 microcode 0x418, cx8, cmov, fxsr, ht, mmx, 3dnowpref, sse, sse2, sse3, ssse3, sse4.1, sse4.2, popcnt, lzcnt, tsc, tscinvbit, avx, avx2, aes, erms, clmul, bmi1, bmi2, adx, sha, fma, vzeroupper, clflush, clflushopt, clwb, serialize, rdtscp, rdpid, fsrm, f16c, pku, cet_ibt, cet_ss
Processor Information for processor 0
  Max Mhz: 1700, Current Mhz: 1700, Mhz Limit: 1700
Processor Information for processor 1
  Max Mhz: 1700, Current Mhz: 1700, Mhz Limit: 1700
Processor Information for processor 2
  Max Mhz: 1700, Current Mhz: 1700, Mhz Limit: 1700
Processor Information for processor 3
  Max Mhz: 1700, Current Mhz: 1700, Mhz Limit: 1700
Processor Information for processor 4
  Max Mhz: 1700, Current Mhz: 1700, Mhz Limit: 1700
Processor Information for processor 5
  Max Mhz: 1700, Current Mhz: 1700, Mhz Limit: 1700
Processor Information for processor 6
  Max Mhz: 1700, Current Mhz: 1700, Mhz Limit: 1700
Processor Information for processor 7
  Max Mhz: 1700, Current Mhz: 1700, Mhz Limit: 1700
Processor Information for processor 8
  Max Mhz: 1700, Current Mhz: 1200, Mhz Limit: 1190
Processor Information for processor 9
  Max Mhz: 1700, Current Mhz: 1200, Mhz Limit: 1190
Processor Information for processor 10
  Max Mhz: 1700, Current Mhz: 1200, Mhz Limit: 1190
Processor Information for processor 11
  Max Mhz: 1700, Current Mhz: 1200, Mhz Limit: 1190
Processor Information for processor 12
  Max Mhz: 1700, Current Mhz: 1200, Mhz Limit: 1190
Processor Information for processor 13
  Max Mhz: 1700, Current Mhz: 1200, Mhz Limit: 1190
Processor Information for processor 14
  Max Mhz: 1700, Current Mhz: 1200, Mhz Limit: 1190
Processor Information for processor 15
  Max Mhz: 1700, Current Mhz: 1200, Mhz Limit: 1190

Memory: 4k page, system-wide physical 7885M (786M free)
TotalPageFile size 26635M (AvailPageFile size 45M)
current process WorkingSet (physical memory assigned to process): 50M, peak: 168M
current process commit charge ("private bytes"): 217M, peak: 244M

vm_info: Java HotSpot(TM) 64-Bit Server VM (21.0.9+7-LTS-338) for windows-amd64 JRE (21.0.9+7-LTS-338), built on 2025-09-26T06:33:49Z by "mach5run" with MS VC++ 17.6 (VS2022)

END.
