#
# There is insufficient memory for the Java Runtime Environment to continue.
# Native memory allocation (malloc) failed to allocate 1306896 bytes for Chunk::new
# Possible reasons:
#   The system is out of physical RAM or swap space
#   The process is running with CompressedOops enabled, and the Java Heap may be blocking the growth of the native heap
# Possible solutions:
#   Reduce memory load on the system
#   Increase physical memory or swap space
#   Check if swap backing store is full
#   Decrease Java heap size (-Xmx/-Xms)
#   Decrease number of Java threads
#   Decrease Java thread stack sizes (-Xss)
#   Set larger code cache with -XX:ReservedCodeCacheSize=
#   JVM is running with Unscaled Compressed Oops mode in which the Java heap is
#     placed in the first 4GB address space. The Java Heap base address is the
#     maximum limit for the native heap growth. Please use -XX:HeapBaseMinAddress
#     to set the Java Heap base and to place the Java Heap above 4GB virtual address.
# This output file may be truncated or incomplete.
#
#  Out of Memory Error (arena.cpp:168), pid=28608, tid=28188
#
# JRE version: Java(TM) SE Runtime Environment (21.0.9+7) (build 21.0.9+7-LTS-338)
# Java VM: Java HotSpot(TM) 64-Bit Server VM (21.0.9+7-LTS-338, mixed mode, sharing, tiered, compressed oops, compressed class ptrs, g1 gc, windows-amd64)
# No core dump will be written. Minidumps are not enabled by default on client versions of Windows
#

---------------  S U M M A R Y ------------

Command Line: --enable-native-access=ALL-UNNAMED -Dclassworlds.conf=C:\apache-maven-3.9.14\bin\m2.conf -Dmaven.home=C:\apache-maven-3.9.14 -Dlibrary.jansi.path=C:\apache-maven-3.9.14\lib\jansi-native -Dmaven.multiModuleProjectDirectory=D:\OABS\backend\api-gateway org.codehaus.plexus.classworlds.launcher.Launcher test

Host: 12th Gen Intel(R) Core(TM) i5-1240P, 16 cores, 7G,  Windows 11 , 64 bit Build 26100 (10.0.26100.8246)
Time: Wed May 13 23:57:50 2026 India Standard Time elapsed time: 11.177864 seconds (0d 0h 0m 11s)

---------------  T H R E A D  ---------------

Current thread (0x00000160dcfa0740):  JavaThread "C2 CompilerThread0" daemon [_thread_in_native, id=28188, stack(0x000000263cd00000,0x000000263ce00000) (1024K)]


Current CompileTask:
C2:  11177 5339       4       java.lang.invoke.MethodType::makeImpl (109 bytes)

Stack: [0x000000263cd00000,0x000000263ce00000]
Native frames: (J=compiled Java code, j=interpreted, Vv=VM code, C=native code)
V  [jvm.dll+0x6cbf89]
V  [jvm.dll+0x858421]
V  [jvm.dll+0x85a94e]
V  [jvm.dll+0x85b023]
V  [jvm.dll+0x27ebc6]
V  [jvm.dll+0xc4f4d]
V  [jvm.dll+0xc5483]
V  [jvm.dll+0x3b69c2]
V  [jvm.dll+0x382925]
V  [jvm.dll+0x381d9a]
V  [jvm.dll+0x247640]
V  [jvm.dll+0x246c1f]
V  [jvm.dll+0x1c7a3e]
V  [jvm.dll+0x256329]
V  [jvm.dll+0x2548ba]
V  [jvm.dll+0x3efdee]
V  [jvm.dll+0x80265b]
V  [jvm.dll+0x6ca66d]
C  [ucrtbase.dll+0x37b0]
C  [KERNEL32.DLL+0x2e8d7]
C  [ntdll.dll+0x8c3fc]


---------------  P R O C E S S  ---------------

Threads class SMR info:
_java_thread_list=0x0000016122376ec0, length=14, elements={
0x00000160bd8813d0, 0x00000160dcf96d90, 0x00000160dcf98800, 0x00000160dcf9b270,
0x00000160dcf9bcd0, 0x00000160dcf9cb40, 0x00000160dcf9d5a0, 0x00000160dcfa0740,
0x00000160dcfa3c10, 0x0000016122342bd0, 0x0000016122347280, 0x0000016123221830,
0x000001612216d410, 0x000001612216dae0
}

Java Threads: ( => current thread )
  0x00000160bd8813d0 JavaThread "main"                              [_thread_in_Java, id=2140, stack(0x000000263bf00000,0x000000263c000000) (1024K)]
  0x00000160dcf96d90 JavaThread "Reference Handler"          daemon [_thread_blocked, id=5420, stack(0x000000263c700000,0x000000263c800000) (1024K)]
  0x00000160dcf98800 JavaThread "Finalizer"                  daemon [_thread_blocked, id=32964, stack(0x000000263c800000,0x000000263c900000) (1024K)]
  0x00000160dcf9b270 JavaThread "Signal Dispatcher"          daemon [_thread_blocked, id=25972, stack(0x000000263c900000,0x000000263ca00000) (1024K)]
  0x00000160dcf9bcd0 JavaThread "Attach Listener"            daemon [_thread_blocked, id=30572, stack(0x000000263ca00000,0x000000263cb00000) (1024K)]
  0x00000160dcf9cb40 JavaThread "Service Thread"             daemon [_thread_blocked, id=23048, stack(0x000000263cb00000,0x000000263cc00000) (1024K)]
  0x00000160dcf9d5a0 JavaThread "Monitor Deflation Thread"   daemon [_thread_blocked, id=28056, stack(0x000000263cc00000,0x000000263cd00000) (1024K)]
=>0x00000160dcfa0740 JavaThread "C2 CompilerThread0"         daemon [_thread_in_native, id=28188, stack(0x000000263cd00000,0x000000263ce00000) (1024K)]
  0x00000160dcfa3c10 JavaThread "C1 CompilerThread0"         daemon [_thread_in_native, id=19980, stack(0x000000263ce00000,0x000000263cf00000) (1024K)]
  0x0000016122342bd0 JavaThread "Notification Thread"        daemon [_thread_blocked, id=32976, stack(0x000000263d100000,0x000000263d200000) (1024K)]
  0x0000016122347280 JavaThread "Common-Cleaner"             daemon [_thread_blocked, id=7172, stack(0x000000263d200000,0x000000263d300000) (1024K)]
  0x0000016123221830 JavaThread "Thread-1"                   daemon [_thread_blocked, id=30668, stack(0x000000263d600000,0x000000263d700000) (1024K)]
  0x000001612216d410 JavaThread "C2 CompilerThread1"         daemon [_thread_blocked, id=34804, stack(0x000000263d400000,0x000000263d500000) (1024K)]
  0x000001612216dae0 JavaThread "C1 CompilerThread1"         daemon [_thread_in_native, id=15372, stack(0x000000263cf00000,0x000000263d000000) (1024K)]
Total: 14

Other Threads:
  0x00000160dcf77150 VMThread "VM Thread"                           [id=33872, stack(0x000000263c600000,0x000000263c700000) (1024K)]
  0x00000160dcf65240 WatcherThread "VM Periodic Task Thread"        [id=5344, stack(0x000000263c500000,0x000000263c600000) (1024K)]
  0x00000160bfc6a0f0 WorkerThread "GC Thread#0"                     [id=32480, stack(0x000000263c000000,0x000000263c100000) (1024K)]
  0x0000016123b957e0 WorkerThread "GC Thread#1"                     [id=22472, stack(0x000000263d900000,0x000000263da00000) (1024K)]
  0x0000016123514bb0 WorkerThread "GC Thread#2"                     [id=20180, stack(0x000000263da00000,0x000000263db00000) (1024K)]
  0x0000016123a559e0 WorkerThread "GC Thread#3"                     [id=32980, stack(0x000000263db00000,0x000000263dc00000) (1024K)]
  0x00000161238768f0 WorkerThread "GC Thread#4"                     [id=5240, stack(0x000000263dc00000,0x000000263dd00000) (1024K)]
  0x0000016123ed91d0 WorkerThread "GC Thread#5"                     [id=4804, stack(0x000000263dd00000,0x000000263de00000) (1024K)]
  0x0000016123ed9990 WorkerThread "GC Thread#6"                     [id=23232, stack(0x000000263de00000,0x000000263df00000) (1024K)]
  0x000001612395d850 WorkerThread "GC Thread#7"                     [id=27248, stack(0x000000263df00000,0x000000263e000000) (1024K)]
  0x0000016123b53f30 WorkerThread "GC Thread#8"                     [id=27072, stack(0x000000263d800000,0x000000263d900000) (1024K)]
  0x0000016123c40260 WorkerThread "GC Thread#9"                     [id=20448, stack(0x000000263e000000,0x000000263e100000) (1024K)]
  0x0000016123652e70 WorkerThread "GC Thread#10"                    [id=13092, stack(0x000000263d700000,0x000000263d800000) (1024K)]
  0x0000016123653220 WorkerThread "GC Thread#11"                    [id=25080, stack(0x000000263e100000,0x000000263e200000) (1024K)]
  0x00000161236540e0 WorkerThread "GC Thread#12"                    [id=23420, stack(0x000000263e200000,0x000000263e300000) (1024K)]
  0x00000160bfc97750 ConcurrentGCThread "G1 Main Marker"            [id=32904, stack(0x000000263c100000,0x000000263c200000) (1024K)]
  0x00000160bfc9a480 WorkerThread "G1 Conc#0"                       [id=19848, stack(0x000000263c200000,0x000000263c300000) (1024K)]
  0x00000160dce365d0 ConcurrentGCThread "G1 Refine#0"               [id=20240, stack(0x000000263c300000,0x000000263c400000) (1024K)]
  0x00000160dce37e10 ConcurrentGCThread "G1 Service"                [id=26176, stack(0x000000263c400000,0x000000263c500000) (1024K)]
Total: 19

Threads with active compile tasks:
C2 CompilerThread0    11276 5339       4       java.lang.invoke.MethodType::makeImpl (109 bytes)
C1 CompilerThread0    11276 5446       3       java.util.HashMap::computeIfAbsent (330 bytes)
C1 CompilerThread1    11276 5447       3       org.eclipse.aether.graph.Dependency$Exclusions::iterator (9 bytes)
Total: 3

VM state: not at safepoint (normal execution)

VM Mutex/Monitor currently owned by a thread: None

Heap address: 0x0000000084c00000, size: 1972 MB, Compressed Oops mode: 32-bit

CDS archive(s) mapped at: [0x00000160dd000000-0x00000160ddc90000-0x00000160ddc90000), size 13172736, SharedBaseAddress: 0x00000160dd000000, ArchiveRelocationMode: 1.
Compressed class space mapped at: 0x00000160de000000-0x000001611e000000, reserved size: 1073741824
Narrow klass base: 0x00000160dd000000, Narrow klass shift: 0, Narrow klass range: 0x100000000

GC Precious Log:
 CardTable entry size: 512
 Card Set container configuration: InlinePtr #cards 5 size 8 Array Of Cards #cards 12 size 40 Howl #buckets 4 coarsen threshold 1843 Howl Bitmap #cards 512 size 80 coarsen threshold 460 Card regions per heap region 1 cards per card region 2048
 CPUs: 16 total, 16 available
 Memory: 7885M
 Large Page Support: Disabled
 NUMA Support: Disabled
 Compressed Oops: Enabled (32-bit)
 Heap Region Size: 1M
 Heap Min Capacity: 8M
 Heap Initial Capacity: 124M
 Heap Max Capacity: 1972M
 Pre-touch: Disabled
 Parallel Workers: 13
 Concurrent Workers: 3
 Concurrent Refinement Workers: 13
 Periodic GC: Disabled

Heap:
 garbage-first heap   total 126976K, used 68096K [0x0000000084c00000, 0x0000000100000000)
  region size 1024K, 22 young (22528K), 3 survivors (3072K)
 Metaspace       used 18504K, committed 18752K, reserved 1114112K
  class space    used 2040K, committed 2176K, reserved 1048576K

Heap Regions: E=young(eden), S=young(survivor), O=old, HS=humongous(starts), HC=humongous(continues), CS=collection set, F=free, TAMS=top-at-mark-start, PB=parsable bottom
|   0|0x0000000084c00000, 0x0000000084d00000, 0x0000000084d00000|100%| O|  |TAMS 0x0000000084c00000| PB 0x0000000084c00000| Untracked 
|   1|0x0000000084d00000, 0x0000000084e00000, 0x0000000084e00000|100%| O|  |TAMS 0x0000000084d00000| PB 0x0000000084d00000| Untracked 
|   2|0x0000000084e00000, 0x0000000084f00000, 0x0000000084f00000|100%| O|  |TAMS 0x0000000084e00000| PB 0x0000000084e00000| Untracked 
|   3|0x0000000084f00000, 0x0000000085000000, 0x0000000085000000|100%| O|  |TAMS 0x0000000084f00000| PB 0x0000000084f00000| Untracked 
|   4|0x0000000085000000, 0x0000000085100000, 0x0000000085100000|100%| O|  |TAMS 0x0000000085000000| PB 0x0000000085000000| Untracked 
|   5|0x0000000085100000, 0x0000000085200000, 0x0000000085200000|100%| O|  |TAMS 0x0000000085100000| PB 0x0000000085100000| Untracked 
|   6|0x0000000085200000, 0x0000000085300000, 0x0000000085300000|100%| O|  |TAMS 0x0000000085200000| PB 0x0000000085200000| Untracked 
|   7|0x0000000085300000, 0x0000000085400000, 0x0000000085400000|100%| O|  |TAMS 0x0000000085300000| PB 0x0000000085300000| Untracked 
|   8|0x0000000085400000, 0x0000000085500000, 0x0000000085500000|100%| O|  |TAMS 0x0000000085400000| PB 0x0000000085400000| Untracked 
|   9|0x0000000085500000, 0x0000000085600000, 0x0000000085600000|100%| O|  |TAMS 0x0000000085500000| PB 0x0000000085500000| Untracked 
|  10|0x0000000085600000, 0x0000000085700000, 0x0000000085700000|100%| O|  |TAMS 0x0000000085600000| PB 0x0000000085600000| Untracked 
|  11|0x0000000085700000, 0x0000000085800000, 0x0000000085800000|100%| O|  |TAMS 0x0000000085700000| PB 0x0000000085700000| Untracked 
|  12|0x0000000085800000, 0x0000000085900000, 0x0000000085900000|100%| O|  |TAMS 0x0000000085800000| PB 0x0000000085800000| Untracked 
|  13|0x0000000085900000, 0x0000000085980000, 0x0000000085a00000| 50%| O|  |TAMS 0x0000000085900000| PB 0x0000000085900000| Untracked 
|  14|0x0000000085a00000, 0x0000000085b00000, 0x0000000085b00000|100%|HS|  |TAMS 0x0000000085a00000| PB 0x0000000085a00000| Complete 
|  15|0x0000000085b00000, 0x0000000085c00000, 0x0000000085c00000|100%|HC|  |TAMS 0x0000000085b00000| PB 0x0000000085b00000| Complete 
|  16|0x0000000085c00000, 0x0000000085d00000, 0x0000000085d00000|100%|HC|  |TAMS 0x0000000085c00000| PB 0x0000000085c00000| Complete 
|  17|0x0000000085d00000, 0x0000000085e00000, 0x0000000085e00000|100%|HC|  |TAMS 0x0000000085d00000| PB 0x0000000085d00000| Complete 
|  18|0x0000000085e00000, 0x0000000085f00000, 0x0000000085f00000|100%|HC|  |TAMS 0x0000000085e00000| PB 0x0000000085e00000| Complete 
|  19|0x0000000085f00000, 0x0000000086000000, 0x0000000086000000|100%|HC|  |TAMS 0x0000000085f00000| PB 0x0000000085f00000| Complete 
|  20|0x0000000086000000, 0x0000000086100000, 0x0000000086100000|100%|HC|  |TAMS 0x0000000086000000| PB 0x0000000086000000| Complete 
|  21|0x0000000086100000, 0x0000000086200000, 0x0000000086200000|100%|HC|  |TAMS 0x0000000086100000| PB 0x0000000086100000| Complete 
|  22|0x0000000086200000, 0x0000000086300000, 0x0000000086300000|100%|HS|  |TAMS 0x0000000086200000| PB 0x0000000086200000| Complete 
|  23|0x0000000086300000, 0x0000000086400000, 0x0000000086400000|100%|HC|  |TAMS 0x0000000086300000| PB 0x0000000086300000| Complete 
|  24|0x0000000086400000, 0x0000000086500000, 0x0000000086500000|100%|HC|  |TAMS 0x0000000086400000| PB 0x0000000086400000| Complete 
|  25|0x0000000086500000, 0x0000000086600000, 0x0000000086600000|100%|HC|  |TAMS 0x0000000086500000| PB 0x0000000086500000| Complete 
|  26|0x0000000086600000, 0x0000000086700000, 0x0000000086700000|100%|HC|  |TAMS 0x0000000086600000| PB 0x0000000086600000| Complete 
|  27|0x0000000086700000, 0x0000000086800000, 0x0000000086800000|100%|HC|  |TAMS 0x0000000086700000| PB 0x0000000086700000| Complete 
|  28|0x0000000086800000, 0x0000000086900000, 0x0000000086900000|100%|HC|  |TAMS 0x0000000086800000| PB 0x0000000086800000| Complete 
|  29|0x0000000086900000, 0x0000000086a00000, 0x0000000086a00000|100%|HC|  |TAMS 0x0000000086900000| PB 0x0000000086900000| Complete 
|  30|0x0000000086a00000, 0x0000000086b00000, 0x0000000086b00000|100%|HC|  |TAMS 0x0000000086a00000| PB 0x0000000086a00000| Complete 
|  31|0x0000000086b00000, 0x0000000086c00000, 0x0000000086c00000|100%|HC|  |TAMS 0x0000000086b00000| PB 0x0000000086b00000| Complete 
|  32|0x0000000086c00000, 0x0000000086d00000, 0x0000000086d00000|100%|HC|  |TAMS 0x0000000086c00000| PB 0x0000000086c00000| Complete 
|  33|0x0000000086d00000, 0x0000000086e00000, 0x0000000086e00000|100%|HC|  |TAMS 0x0000000086d00000| PB 0x0000000086d00000| Complete 
|  34|0x0000000086e00000, 0x0000000086f00000, 0x0000000086f00000|100%|HS|  |TAMS 0x0000000086e00000| PB 0x0000000086e00000| Complete 
|  35|0x0000000086f00000, 0x0000000087000000, 0x0000000087000000|100%|HC|  |TAMS 0x0000000086f00000| PB 0x0000000086f00000| Complete 
|  36|0x0000000087000000, 0x0000000087100000, 0x0000000087100000|100%|HC|  |TAMS 0x0000000087000000| PB 0x0000000087000000| Complete 
|  37|0x0000000087100000, 0x0000000087200000, 0x0000000087200000|100%|HC|  |TAMS 0x0000000087100000| PB 0x0000000087100000| Complete 
|  38|0x0000000087200000, 0x0000000087300000, 0x0000000087300000|100%|HC|  |TAMS 0x0000000087200000| PB 0x0000000087200000| Complete 
|  39|0x0000000087300000, 0x0000000087400000, 0x0000000087400000|100%|HC|  |TAMS 0x0000000087300000| PB 0x0000000087300000| Complete 
|  40|0x0000000087400000, 0x0000000087500000, 0x0000000087500000|100%|HC|  |TAMS 0x0000000087400000| PB 0x0000000087400000| Complete 
|  41|0x0000000087500000, 0x0000000087600000, 0x0000000087600000|100%|HC|  |TAMS 0x0000000087500000| PB 0x0000000087500000| Complete 
|  42|0x0000000087600000, 0x0000000087700000, 0x0000000087700000|100%|HC|  |TAMS 0x0000000087600000| PB 0x0000000087600000| Complete 
|  43|0x0000000087700000, 0x0000000087800000, 0x0000000087800000|100%|HC|  |TAMS 0x0000000087700000| PB 0x0000000087700000| Complete 
|  44|0x0000000087800000, 0x0000000087900000, 0x0000000087900000|100%|HC|  |TAMS 0x0000000087800000| PB 0x0000000087800000| Complete 
|  45|0x0000000087900000, 0x0000000087a00000, 0x0000000087a00000|100%|HC|  |TAMS 0x0000000087900000| PB 0x0000000087900000| Complete 
|  46|0x0000000087a00000, 0x0000000087a00000, 0x0000000087b00000|  0%| F|  |TAMS 0x0000000087a00000| PB 0x0000000087a00000| Untracked 
|  47|0x0000000087b00000, 0x0000000087b00000, 0x0000000087c00000|  0%| F|  |TAMS 0x0000000087b00000| PB 0x0000000087b00000| Untracked 
|  48|0x0000000087c00000, 0x0000000087c00000, 0x0000000087d00000|  0%| F|  |TAMS 0x0000000087c00000| PB 0x0000000087c00000| Untracked 
|  49|0x0000000087d00000, 0x0000000087d00000, 0x0000000087e00000|  0%| F|  |TAMS 0x0000000087d00000| PB 0x0000000087d00000| Untracked 
|  50|0x0000000087e00000, 0x0000000087e00000, 0x0000000087f00000|  0%| F|  |TAMS 0x0000000087e00000| PB 0x0000000087e00000| Untracked 
|  51|0x0000000087f00000, 0x0000000087f00000, 0x0000000088000000|  0%| F|  |TAMS 0x0000000087f00000| PB 0x0000000087f00000| Untracked 
|  52|0x0000000088000000, 0x0000000088000000, 0x0000000088100000|  0%| F|  |TAMS 0x0000000088000000| PB 0x0000000088000000| Untracked 
|  53|0x0000000088100000, 0x0000000088100000, 0x0000000088200000|  0%| F|  |TAMS 0x0000000088100000| PB 0x0000000088100000| Untracked 
|  54|0x0000000088200000, 0x0000000088200000, 0x0000000088300000|  0%| F|  |TAMS 0x0000000088200000| PB 0x0000000088200000| Untracked 
|  55|0x0000000088300000, 0x0000000088300000, 0x0000000088400000|  0%| F|  |TAMS 0x0000000088300000| PB 0x0000000088300000| Untracked 
|  56|0x0000000088400000, 0x0000000088400000, 0x0000000088500000|  0%| F|  |TAMS 0x0000000088400000| PB 0x0000000088400000| Untracked 
|  57|0x0000000088500000, 0x0000000088600000, 0x0000000088600000|100%| S|CS|TAMS 0x0000000088500000| PB 0x0000000088500000| Complete 
|  58|0x0000000088600000, 0x0000000088700000, 0x0000000088700000|100%| S|CS|TAMS 0x0000000088600000| PB 0x0000000088600000| Complete 
|  59|0x0000000088700000, 0x0000000088800000, 0x0000000088800000|100%| S|CS|TAMS 0x0000000088700000| PB 0x0000000088700000| Complete 
|  60|0x0000000088800000, 0x0000000088800000, 0x0000000088900000|  0%| F|  |TAMS 0x0000000088800000| PB 0x0000000088800000| Untracked 
|  61|0x0000000088900000, 0x0000000088900000, 0x0000000088a00000|  0%| F|  |TAMS 0x0000000088900000| PB 0x0000000088900000| Untracked 
|  62|0x0000000088a00000, 0x0000000088a00000, 0x0000000088b00000|  0%| F|  |TAMS 0x0000000088a00000| PB 0x0000000088a00000| Untracked 
|  63|0x0000000088b00000, 0x0000000088b00000, 0x0000000088c00000|  0%| F|  |TAMS 0x0000000088b00000| PB 0x0000000088b00000| Untracked 
|  64|0x0000000088c00000, 0x0000000088c00000, 0x0000000088d00000|  0%| F|  |TAMS 0x0000000088c00000| PB 0x0000000088c00000| Untracked 
|  65|0x0000000088d00000, 0x0000000088d00000, 0x0000000088e00000|  0%| F|  |TAMS 0x0000000088d00000| PB 0x0000000088d00000| Untracked 
|  66|0x0000000088e00000, 0x0000000088e00000, 0x0000000088f00000|  0%| F|  |TAMS 0x0000000088e00000| PB 0x0000000088e00000| Untracked 
|  67|0x0000000088f00000, 0x0000000088f00000, 0x0000000089000000|  0%| F|  |TAMS 0x0000000088f00000| PB 0x0000000088f00000| Untracked 
|  68|0x0000000089000000, 0x0000000089000000, 0x0000000089100000|  0%| F|  |TAMS 0x0000000089000000| PB 0x0000000089000000| Untracked 
|  69|0x0000000089100000, 0x0000000089100000, 0x0000000089200000|  0%| F|  |TAMS 0x0000000089100000| PB 0x0000000089100000| Untracked 
|  70|0x0000000089200000, 0x0000000089200000, 0x0000000089300000|  0%| F|  |TAMS 0x0000000089200000| PB 0x0000000089200000| Untracked 
|  71|0x0000000089300000, 0x0000000089300000, 0x0000000089400000|  0%| F|  |TAMS 0x0000000089300000| PB 0x0000000089300000| Untracked 
|  72|0x0000000089400000, 0x0000000089400000, 0x0000000089500000|  0%| F|  |TAMS 0x0000000089400000| PB 0x0000000089400000| Untracked 
|  73|0x0000000089500000, 0x0000000089500000, 0x0000000089600000|  0%| F|  |TAMS 0x0000000089500000| PB 0x0000000089500000| Untracked 
|  74|0x0000000089600000, 0x0000000089600000, 0x0000000089700000|  0%| F|  |TAMS 0x0000000089600000| PB 0x0000000089600000| Untracked 
|  75|0x0000000089700000, 0x0000000089700000, 0x0000000089800000|  0%| F|  |TAMS 0x0000000089700000| PB 0x0000000089700000| Untracked 
|  76|0x0000000089800000, 0x0000000089800000, 0x0000000089900000|  0%| F|  |TAMS 0x0000000089800000| PB 0x0000000089800000| Untracked 
|  77|0x0000000089900000, 0x0000000089900000, 0x0000000089a00000|  0%| F|  |TAMS 0x0000000089900000| PB 0x0000000089900000| Untracked 
|  78|0x0000000089a00000, 0x0000000089a00000, 0x0000000089b00000|  0%| F|  |TAMS 0x0000000089a00000| PB 0x0000000089a00000| Untracked 
|  79|0x0000000089b00000, 0x0000000089b00000, 0x0000000089c00000|  0%| F|  |TAMS 0x0000000089b00000| PB 0x0000000089b00000| Untracked 
|  80|0x0000000089c00000, 0x0000000089c00000, 0x0000000089d00000|  0%| F|  |TAMS 0x0000000089c00000| PB 0x0000000089c00000| Untracked 
|  81|0x0000000089d00000, 0x0000000089d00000, 0x0000000089e00000|  0%| F|  |TAMS 0x0000000089d00000| PB 0x0000000089d00000| Untracked 
|  82|0x0000000089e00000, 0x0000000089e00000, 0x0000000089f00000|  0%| F|  |TAMS 0x0000000089e00000| PB 0x0000000089e00000| Untracked 
|  83|0x0000000089f00000, 0x0000000089f00000, 0x000000008a000000|  0%| F|  |TAMS 0x0000000089f00000| PB 0x0000000089f00000| Untracked 
|  84|0x000000008a000000, 0x000000008a000000, 0x000000008a100000|  0%| F|  |TAMS 0x000000008a000000| PB 0x000000008a000000| Untracked 
|  85|0x000000008a100000, 0x000000008a100000, 0x000000008a200000|  0%| F|  |TAMS 0x000000008a100000| PB 0x000000008a100000| Untracked 
|  86|0x000000008a200000, 0x000000008a200000, 0x000000008a300000|  0%| F|  |TAMS 0x000000008a200000| PB 0x000000008a200000| Untracked 
|  87|0x000000008a300000, 0x000000008a300000, 0x000000008a400000|  0%| F|  |TAMS 0x000000008a300000| PB 0x000000008a300000| Untracked 
|  88|0x000000008a400000, 0x000000008a400000, 0x000000008a500000|  0%| F|  |TAMS 0x000000008a400000| PB 0x000000008a400000| Untracked 
|  89|0x000000008a500000, 0x000000008a500000, 0x000000008a600000|  0%| F|  |TAMS 0x000000008a500000| PB 0x000000008a500000| Untracked 
|  90|0x000000008a600000, 0x000000008a600000, 0x000000008a700000|  0%| F|  |TAMS 0x000000008a600000| PB 0x000000008a600000| Untracked 
|  91|0x000000008a700000, 0x000000008a700000, 0x000000008a800000|  0%| F|  |TAMS 0x000000008a700000| PB 0x000000008a700000| Untracked 
|  92|0x000000008a800000, 0x000000008a800000, 0x000000008a900000|  0%| F|  |TAMS 0x000000008a800000| PB 0x000000008a800000| Untracked 
|  93|0x000000008a900000, 0x000000008a900000, 0x000000008aa00000|  0%| F|  |TAMS 0x000000008a900000| PB 0x000000008a900000| Untracked 
|  94|0x000000008aa00000, 0x000000008aa00000, 0x000000008ab00000|  0%| F|  |TAMS 0x000000008aa00000| PB 0x000000008aa00000| Untracked 
|  95|0x000000008ab00000, 0x000000008ab00000, 0x000000008ac00000|  0%| F|  |TAMS 0x000000008ab00000| PB 0x000000008ab00000| Untracked 
|  96|0x000000008ac00000, 0x000000008ac00000, 0x000000008ad00000|  0%| F|  |TAMS 0x000000008ac00000| PB 0x000000008ac00000| Untracked 
|  97|0x000000008ad00000, 0x000000008ad00000, 0x000000008ae00000|  0%| F|  |TAMS 0x000000008ad00000| PB 0x000000008ad00000| Untracked 
|  98|0x000000008ae00000, 0x000000008ae00000, 0x000000008af00000|  0%| F|  |TAMS 0x000000008ae00000| PB 0x000000008ae00000| Untracked 
|  99|0x000000008af00000, 0x000000008af00000, 0x000000008b000000|  0%| F|  |TAMS 0x000000008af00000| PB 0x000000008af00000| Untracked 
| 100|0x000000008b000000, 0x000000008b000000, 0x000000008b100000|  0%| F|  |TAMS 0x000000008b000000| PB 0x000000008b000000| Untracked 
| 101|0x000000008b100000, 0x000000008b100000, 0x000000008b200000|  0%| F|  |TAMS 0x000000008b100000| PB 0x000000008b100000| Untracked 
| 102|0x000000008b200000, 0x000000008b200000, 0x000000008b300000|  0%| F|  |TAMS 0x000000008b200000| PB 0x000000008b200000| Untracked 
| 103|0x000000008b300000, 0x000000008b300000, 0x000000008b400000|  0%| F|  |TAMS 0x000000008b300000| PB 0x000000008b300000| Untracked 
| 104|0x000000008b400000, 0x000000008b400000, 0x000000008b500000|  0%| F|  |TAMS 0x000000008b400000| PB 0x000000008b400000| Untracked 
| 105|0x000000008b500000, 0x000000008b600000, 0x000000008b600000|100%| E|  |TAMS 0x000000008b500000| PB 0x000000008b500000| Complete 
| 106|0x000000008b600000, 0x000000008b700000, 0x000000008b700000|100%| E|CS|TAMS 0x000000008b600000| PB 0x000000008b600000| Complete 
| 107|0x000000008b700000, 0x000000008b800000, 0x000000008b800000|100%| E|CS|TAMS 0x000000008b700000| PB 0x000000008b700000| Complete 
| 108|0x000000008b800000, 0x000000008b900000, 0x000000008b900000|100%| E|CS|TAMS 0x000000008b800000| PB 0x000000008b800000| Complete 
| 109|0x000000008b900000, 0x000000008ba00000, 0x000000008ba00000|100%| E|CS|TAMS 0x000000008b900000| PB 0x000000008b900000| Complete 
| 110|0x000000008ba00000, 0x000000008bb00000, 0x000000008bb00000|100%| E|CS|TAMS 0x000000008ba00000| PB 0x000000008ba00000| Complete 
| 111|0x000000008bb00000, 0x000000008bc00000, 0x000000008bc00000|100%| E|CS|TAMS 0x000000008bb00000| PB 0x000000008bb00000| Complete 
| 112|0x000000008bc00000, 0x000000008bd00000, 0x000000008bd00000|100%| E|CS|TAMS 0x000000008bc00000| PB 0x000000008bc00000| Complete 
| 113|0x000000008bd00000, 0x000000008be00000, 0x000000008be00000|100%| E|CS|TAMS 0x000000008bd00000| PB 0x000000008bd00000| Complete 
| 114|0x000000008be00000, 0x000000008bf00000, 0x000000008bf00000|100%| E|CS|TAMS 0x000000008be00000| PB 0x000000008be00000| Complete 
| 115|0x000000008bf00000, 0x000000008c000000, 0x000000008c000000|100%| E|CS|TAMS 0x000000008bf00000| PB 0x000000008bf00000| Complete 
| 116|0x000000008c000000, 0x000000008c100000, 0x000000008c100000|100%| E|CS|TAMS 0x000000008c000000| PB 0x000000008c000000| Complete 
| 117|0x000000008c100000, 0x000000008c200000, 0x000000008c200000|100%| E|CS|TAMS 0x000000008c100000| PB 0x000000008c100000| Complete 
| 118|0x000000008c200000, 0x000000008c300000, 0x000000008c300000|100%| E|CS|TAMS 0x000000008c200000| PB 0x000000008c200000| Complete 
| 119|0x000000008c300000, 0x000000008c400000, 0x000000008c400000|100%| E|CS|TAMS 0x000000008c300000| PB 0x000000008c300000| Complete 
| 120|0x000000008c400000, 0x000000008c500000, 0x000000008c500000|100%| E|CS|TAMS 0x000000008c400000| PB 0x000000008c400000| Complete 
| 121|0x000000008c500000, 0x000000008c600000, 0x000000008c600000|100%| E|CS|TAMS 0x000000008c500000| PB 0x000000008c500000| Complete 
| 122|0x000000008c600000, 0x000000008c700000, 0x000000008c700000|100%| E|CS|TAMS 0x000000008c600000| PB 0x000000008c600000| Complete 
| 123|0x000000008c700000, 0x000000008c800000, 0x000000008c800000|100%| E|CS|TAMS 0x000000008c700000| PB 0x000000008c700000| Complete 

Card table byte_map: [0x00000160d7d20000,0x00000160d8100000] _byte_map_base: 0x00000160d78fa000

Marking Bits: (CMBitMap*) 0x00000160bfc6a710
 Bits: [0x00000160d8100000, 0x00000160d9fd0000)

Polling page: 0x00000160bdb00000

Metaspace:

Usage:
  Non-class:     16.08 MB used.
      Class:      1.99 MB used.
       Both:     18.07 MB used.

Virtual space:
  Non-class space:       64.00 MB reserved,      16.19 MB ( 25%) committed,  1 nodes.
      Class space:        1.00 GB reserved,       2.12 MB ( <1%) committed,  1 nodes.
             Both:        1.06 GB reserved,      18.31 MB (  2%) committed. 

Chunk freelists:
   Non-Class:  14.88 MB
       Class:  13.76 MB
        Both:  28.64 MB

MaxMetaspaceSize: unlimited
CompressedClassSpaceSize: 1.00 GB
Initial GC threshold: 21.00 MB
Current GC threshold: 21.00 MB
CDS: on
 - commit_granule_bytes: 65536.
 - commit_granule_words: 8192.
 - virtual_space_node_default_size: 8388608.
 - enlarge_chunks_in_place: 1.
 - use_allocation_guard: 0.


Internal statistics:

num_allocs_failed_limit: 0.
num_arena_births: 168.
num_arena_deaths: 0.
num_vsnodes_births: 2.
num_vsnodes_deaths: 0.
num_space_committed: 293.
num_space_uncommitted: 0.
num_chunks_returned_to_freelist: 0.
num_chunks_taken_from_freelist: 806.
num_chunk_merges: 0.
num_chunk_splits: 570.
num_chunks_enlarged: 460.
num_inconsistent_stats: 0.

CodeHeap 'non-profiled nmethods': size=119168Kb used=2875Kb max_used=2875Kb free=116292Kb
 bounds [0x00000160cfc60000, 0x00000160cff30000, 0x00000160d70c0000]
CodeHeap 'profiled nmethods': size=119104Kb used=11870Kb max_used=11870Kb free=107233Kb
 bounds [0x00000160c80c0000, 0x00000160c8c60000, 0x00000160cf510000]
CodeHeap 'non-nmethods': size=7488Kb used=1983Kb max_used=3139Kb free=5504Kb
 bounds [0x00000160cf510000, 0x00000160cf830000, 0x00000160cfc60000]
 total_blobs=5956 nmethods=5446 adapters=413
 compilation: enabled
              stopped_count=0, restarted_count=0
 full_count=0

Compilation events (20 events):
Event: 10.142 Thread 0x00000160dcfa3c10 5385       3       java.lang.invoke.LambdaForm$MH/0x00000160de180400::invoke (56 bytes)
Event: 10.142 Thread 0x00000160dcfa3c10 nmethod 5385 0x00000160c8c35a90 code [0x00000160c8c35ca0, 0x00000160c8c36590]
Event: 10.142 Thread 0x00000160dcfa3c10 5386       3       org.eclipse.sisu.inject.MildKeys$Weak::<init> (15 bytes)
Event: 10.142 Thread 0x00000160dcfa3c10 nmethod 5386 0x00000160c8c36790 code [0x00000160c8c36960, 0x00000160c8c36d68]
Event: 10.144 Thread 0x00000160dcfa3c10 5387       3       java.lang.StringBuilder::append (9 bytes)
Event: 10.144 Thread 0x00000160dcfa3c10 nmethod 5387 0x00000160c8c36f10 code [0x00000160c8c370e0, 0x00000160c8c37418]
Event: 10.144 Thread 0x00000160dcfa3c10 5388       3       org.eclipse.sisu.plexus.PlexusPropertyBinder::bindProperty (147 bytes)
Event: 10.145 Thread 0x00000160dcfa3c10 nmethod 5388 0x00000160c8c37590 code [0x00000160c8c37840, 0x00000160c8c38498]
Event: 10.145 Thread 0x00000160dcfa3c10 5389       3       java.lang.reflect.Field::isSynthetic (8 bytes)
Event: 10.145 Thread 0x00000160dcfa3c10 nmethod 5389 0x00000160c8c38810 code [0x00000160c8c389c0, 0x00000160c8c38ba0]
Event: 10.145 Thread 0x00000160dcfa3c10 5390   !   3       jdk.proxy1.$Proxy0::value (29 bytes)
Event: 10.145 Thread 0x00000160dcfa3c10 nmethod 5390 0x00000160c8c38c90 code [0x00000160c8c38e60, 0x00000160c8c39260]
Event: 10.145 Thread 0x00000160dcfa3c10 5391       1       org.apache.maven.plugin.descriptor.Parameter::getType (5 bytes)
Event: 10.145 Thread 0x00000160dcfa3c10 nmethod 5391 0x00000160cff28690 code [0x00000160cff28820, 0x00000160cff288e8]
Event: 10.145 Thread 0x00000160dcfa3c10 5393       3       java.lang.Math::multiplyExact (27 bytes)
Event: 10.145 Thread 0x00000160dcfa3c10 nmethod 5393 0x00000160c8c39410 code [0x00000160c8c395c0, 0x00000160c8c397c0]
Event: 10.145 Thread 0x00000160dcfa3c10 5394       1       org.apache.maven.plugin.descriptor.Parameter::isEditable (5 bytes)
Event: 10.145 Thread 0x00000160dcfa3c10 nmethod 5394 0x00000160cff28990 code [0x00000160cff28b20, 0x00000160cff28bf0]
Event: 10.145 Thread 0x00000160dcfa3c10 5392       1       org.apache.maven.plugin.descriptor.Parameter::getDeprecated (5 bytes)
Event: 11.157 Thread 0x00000160dcfa3c10 nmethod 5392 0x00000160cff28c90 code [0x00000160cff28e20, 0x00000160cff28ee8]

GC Heap History (8 events):
Event: 1.031 GC heap before
{Heap before GC invocations=0 (full 0):
 garbage-first heap   total 126976K, used 23552K [0x0000000084c00000, 0x0000000100000000)
  region size 1024K, 23 young (23552K), 0 survivors (0K)
 Metaspace       used 5641K, committed 5888K, reserved 1114112K
  class space    used 646K, committed 768K, reserved 1048576K
}
Event: 1.042 GC heap after
{Heap after GC invocations=1 (full 0):
 garbage-first heap   total 126976K, used 3652K [0x0000000084c00000, 0x0000000100000000)
  region size 1024K, 3 young (3072K), 3 survivors (3072K)
 Metaspace       used 5641K, committed 5888K, reserved 1114112K
  class space    used 646K, committed 768K, reserved 1048576K
}
Event: 1.686 GC heap before
{Heap before GC invocations=1 (full 0):
 garbage-first heap   total 126976K, used 35396K [0x0000000084c00000, 0x0000000100000000)
  region size 1024K, 34 young (34816K), 3 survivors (3072K)
 Metaspace       used 9760K, committed 9920K, reserved 1114112K
  class space    used 1141K, committed 1216K, reserved 1048576K
}
Event: 1.692 GC heap after
{Heap after GC invocations=2 (full 0):
 garbage-first heap   total 126976K, used 5599K [0x0000000084c00000, 0x0000000100000000)
  region size 1024K, 2 young (2048K), 2 survivors (2048K)
 Metaspace       used 9760K, committed 9920K, reserved 1114112K
  class space    used 1141K, committed 1216K, reserved 1048576K
}
Event: 3.950 GC heap before
{Heap before GC invocations=2 (full 0):
 garbage-first heap   total 126976K, used 79327K [0x0000000084c00000, 0x0000000100000000)
  region size 1024K, 74 young (75776K), 2 survivors (2048K)
 Metaspace       used 15911K, committed 16128K, reserved 1114112K
  class space    used 1822K, committed 1920K, reserved 1048576K
}
Event: 3.972 GC heap after
{Heap after GC invocations=3 (full 0):
 garbage-first heap   total 126976K, used 14536K [0x0000000084c00000, 0x0000000100000000)
  region size 1024K, 10 young (10240K), 10 survivors (10240K)
 Metaspace       used 15911K, committed 16128K, reserved 1114112K
  class space    used 1822K, committed 1920K, reserved 1048576K
}
Event: 5.573 GC heap before
{Heap before GC invocations=3 (full 0):
 garbage-first heap   total 126976K, used 80072K [0x0000000084c00000, 0x0000000100000000)
  region size 1024K, 74 young (75776K), 10 survivors (10240K)
 Metaspace       used 16982K, committed 17216K, reserved 1114112K
  class space    used 1880K, committed 1984K, reserved 1048576K
}
Event: 5.587 GC heap after
{Heap after GC invocations=4 (full 0):
 garbage-first heap   total 126976K, used 16896K [0x0000000084c00000, 0x0000000100000000)
  region size 1024K, 3 young (3072K), 3 survivors (3072K)
 Metaspace       used 16982K, committed 17216K, reserved 1114112K
  class space    used 1880K, committed 1984K, reserved 1048576K
}

Dll operation events (8 events):
Event: 0.006 Loaded shared library C:\Program Files\Java\jdk-21\bin\java.dll
Event: 0.034 Loaded shared library C:\Program Files\Java\jdk-21\bin\jsvml.dll
Event: 0.048 Loaded shared library C:\Program Files\Java\jdk-21\bin\net.dll
Event: 0.051 Loaded shared library C:\Program Files\Java\jdk-21\bin\nio.dll
Event: 0.067 Loaded shared library C:\Program Files\Java\jdk-21\bin\zip.dll
Event: 0.458 Loaded shared library C:\Program Files\Java\jdk-21\bin\jimage.dll
Event: 0.462 Loaded shared library C:\apache-maven-3.9.14\lib\jansi-native\Windows\x86_64\jansi.dll
Event: 0.480 Loaded shared library C:\Program Files\Java\jdk-21\bin\verify.dll

Deoptimization events (20 events):
Event: 5.852 Thread 0x00000160bd8813d0 DEOPT PACKING pc=0x00000160cff02068 sp=0x000000263bffd070
Event: 5.852 Thread 0x00000160bd8813d0 DEOPT UNPACKING pc=0x00000160cf5646a2 sp=0x000000263bffd010 mode 2
Event: 5.852 Thread 0x00000160bd8813d0 Uncommon trap: trap_request=0xffffffd6 fr.pc=0x00000160cff02068 relative=0x00000000000003a8
Event: 5.852 Thread 0x00000160bd8813d0 Uncommon trap: reason=array_check action=maybe_recompile pc=0x00000160cff02068 method=java.util.LinkedHashMap.valuesToArray([Ljava/lang/Object;Z)[Ljava/lang/Object; @ 67 c2
Event: 5.852 Thread 0x00000160bd8813d0 DEOPT PACKING pc=0x00000160cff02068 sp=0x000000263bffd070
Event: 5.852 Thread 0x00000160bd8813d0 DEOPT UNPACKING pc=0x00000160cf5646a2 sp=0x000000263bffd010 mode 2
Event: 6.961 Thread 0x00000160bd8813d0 Uncommon trap: trap_request=0xffffffc6 fr.pc=0x00000160cfce90f0 relative=0x0000000000000390
Event: 6.961 Thread 0x00000160bd8813d0 Uncommon trap: reason=bimorphic_or_optimized_type_check action=maybe_recompile pc=0x00000160cfce90f0 method=java.nio.Buffer.<init>(IIIILjava/lang/foreign/MemorySegment;)V @ 39 c2
Event: 6.961 Thread 0x00000160bd8813d0 DEOPT PACKING pc=0x00000160cfce90f0 sp=0x000000263bff8880
Event: 6.961 Thread 0x00000160bd8813d0 DEOPT UNPACKING pc=0x00000160cf5646a2 sp=0x000000263bff8828 mode 2
Event: 6.998 Thread 0x00000160bd8813d0 Uncommon trap: trap_request=0xffffffc6 fr.pc=0x00000160cfeca52c relative=0x00000000000029cc
Event: 6.998 Thread 0x00000160bd8813d0 Uncommon trap: reason=bimorphic_or_optimized_type_check action=maybe_recompile pc=0x00000160cfeca52c method=java.util.regex.Pattern$Start.<init>(Ljava/util/regex/Pattern$Node;)V @ 22 c2
Event: 6.998 Thread 0x00000160bd8813d0 DEOPT PACKING pc=0x00000160cfeca52c sp=0x000000263bffd300
Event: 6.998 Thread 0x00000160bd8813d0 DEOPT UNPACKING pc=0x00000160cf5646a2 sp=0x000000263bffd260 mode 2
Event: 6.999 Thread 0x00000160bd8813d0 Uncommon trap: trap_request=0xffffff45 fr.pc=0x00000160cfeef4c8 relative=0x00000000000000a8
Event: 6.999 Thread 0x00000160bd8813d0 Uncommon trap: reason=unstable_if action=reinterpret pc=0x00000160cfeef4c8 method=java.util.regex.Pattern.append(II)V @ 9 c2
Event: 6.999 Thread 0x00000160bd8813d0 DEOPT PACKING pc=0x00000160cfeef4c8 sp=0x000000263bffccf0
Event: 6.999 Thread 0x00000160bd8813d0 DEOPT UNPACKING pc=0x00000160cf5646a2 sp=0x000000263bffcc80 mode 2
Event: 9.081 Thread 0x00000160bd8813d0 DEOPT PACKING pc=0x00000160c8bf8e1a sp=0x000000263bffcce0
Event: 9.081 Thread 0x00000160bd8813d0 DEOPT UNPACKING pc=0x00000160cf564e42 sp=0x000000263bffc178 mode 0

Classes loaded (20 events):
Event: 5.679 Loading class java/nio/BufferMismatch
Event: 5.680 Loading class java/nio/BufferMismatch done
Event: 5.680 Loading class java/nio/file/attribute/PosixFileAttributes
Event: 5.680 Loading class java/nio/file/attribute/PosixFileAttributes done
Event: 6.960 Loading class java/io/FileWriter
Event: 6.960 Loading class java/io/FileWriter done
Event: 6.988 Loading class jdk/internal/reflect/MethodHandleIntegerFieldAccessorImpl
Event: 6.989 Loading class jdk/internal/reflect/MethodHandleIntegerFieldAccessorImpl done
Event: 7.002 Loading class java/util/concurrent/ConcurrentLinkedDeque
Event: 7.002 Loading class java/util/concurrent/ConcurrentLinkedDeque done
Event: 7.003 Loading class java/util/concurrent/ConcurrentLinkedDeque$Node
Event: 7.003 Loading class java/util/concurrent/ConcurrentLinkedDeque$Node done
Event: 7.004 Loading class java/util/ServiceConfigurationError
Event: 7.004 Loading class java/util/ServiceConfigurationError done
Event: 9.091 Loading class java/nio/file/attribute/FileTime$1
Event: 9.091 Loading class java/nio/file/attribute/FileTime$1 done
Event: 10.133 Loading class java/util/Comparators$NaturalOrderComparator
Event: 10.133 Loading class java/util/Comparators$NaturalOrderComparator done
Event: 10.135 Loading class sun/nio/ch/ChannelOutputStream
Event: 10.135 Loading class sun/nio/ch/ChannelOutputStream done

Classes unloaded (0 events):
No events

Classes redefined (0 events):
No events

Internal exceptions (20 events):
Event: 2.159 Thread 0x00000160bd8813d0 Exception <a 'java/lang/NoSuchMethodError'{0x000000008b77bcf0}: 'java.lang.Object java.lang.invoke.DirectMethodHandle$Holder.invokeStaticInit(java.lang.Object, int, int, int, int)'> (0x000000008b77bcf0) 
thrown [s\open\src\hotspot\share\interpreter\linkResolver.cpp, line 773]
Event: 2.256 Thread 0x00000160bd8813d0 Implicit null exception at 0x00000160cfc946a4 to 0x00000160cfc94d0c
Event: 2.256 Thread 0x00000160bd8813d0 Implicit null exception at 0x00000160cfc8d120 to 0x00000160cfc8d77c
Event: 2.298 Thread 0x00000160bd8813d0 Exception <a 'java/lang/NoSuchMethodError'{0x000000008b200838}: 'void java.lang.invoke.DirectMethodHandle$Holder.invokeSpecial(java.lang.Object, java.lang.Object, java.lang.Object, java.lang.Object, java.lang.Object)'> (0x000000008b200838) 
thrown [s\open\src\hotspot\share\interpreter\linkResolver.cpp, line 773]
Event: 2.301 Thread 0x00000160bd8813d0 Exception <a 'java/lang/NoSuchMethodError'{0x000000008b21aab0}: 'void java.lang.invoke.DirectMethodHandle$Holder.invokeSpecial(java.lang.Object, java.lang.Object, java.lang.Object, java.lang.Object, java.lang.Object, java.lang.Object)'> (0x000000008b21aab0) 
thrown [s\open\src\hotspot\share\interpreter\linkResolver.cpp, line 773]
Event: 2.314 Thread 0x00000160bd8813d0 Exception <a 'java/lang/NoSuchMethodError'{0x000000008b112548}: 'java.lang.Object java.lang.invoke.DirectMethodHandle$Holder.invokeVirtual(java.lang.Object, java.lang.Object, java.lang.Object)'> (0x000000008b112548) 
thrown [s\open\src\hotspot\share\interpreter\linkResolver.cpp, line 773]
Event: 2.377 Thread 0x00000160bd8813d0 Exception <a 'java/lang/NoSuchMethodError'{0x000000008b0e9070}: 'void java.lang.invoke.DirectMethodHandle$Holder.invokeVirtual(java.lang.Object, java.lang.Object, int)'> (0x000000008b0e9070) 
thrown [s\open\src\hotspot\share\interpreter\linkResolver.cpp, line 773]
Event: 2.379 Thread 0x00000160bd8813d0 Exception <a 'java/lang/NoSuchMethodError'{0x000000008b0ed1d8}: 'int java.lang.invoke.DirectMethodHandle$Holder.invokeSpecial(java.lang.Object, java.lang.Object, java.lang.Object, int)'> (0x000000008b0ed1d8) 
thrown [s\open\src\hotspot\share\interpreter\linkResolver.cpp, line 773]
Event: 2.381 Thread 0x00000160bd8813d0 Exception <a 'java/lang/NoSuchMethodError'{0x000000008b0ff8c0}: 'java.lang.Object java.lang.invoke.DirectMethodHandle$Holder.invokeStatic(java.lang.Object, java.lang.Object, java.lang.Object, java.lang.Object, int)'> (0x000000008b0ff8c0) 
thrown [s\open\src\hotspot\share\interpreter\linkResolver.cpp, line 773]
Event: 2.383 Thread 0x00000160bd8813d0 Exception <a 'java/lang/NoSuchMethodError'{0x000000008af07988}: 'void java.lang.invoke.DirectMethodHandle$Holder.invokeSpecial(java.lang.Object, java.lang.Object, java.lang.Object, int)'> (0x000000008af07988) 
thrown [s\open\src\hotspot\share\interpreter\linkResolver.cpp, line 773]
Event: 2.383 Thread 0x00000160bd8813d0 Exception <a 'java/lang/NoSuchMethodError'{0x000000008af0b058}: 'void java.lang.invoke.DelegatingMethodHandle$Holder.reinvoke_L(java.lang.Object, java.lang.Object, int)'> (0x000000008af0b058) 
thrown [s\open\src\hotspot\share\interpreter\linkResolver.cpp, line 773]
Event: 3.528 Thread 0x00000160bd8813d0 Exception <a 'java/lang/NoSuchMethodError'{0x0000000088d997d8}: 'void java.lang.invoke.DirectMethodHandle$Holder.invokeStatic(java.lang.Object, java.lang.Object, java.lang.Object, java.lang.Object)'> (0x0000000088d997d8) 
thrown [s\open\src\hotspot\share\interpreter\linkResolver.cpp, line 773]
Event: 4.939 Thread 0x00000160bd8813d0 Implicit null exception at 0x00000160cfe3f018 to 0x00000160cfe3f1f4
Event: 4.939 Thread 0x00000160bd8813d0 Implicit null exception at 0x00000160cfd21bbd to 0x00000160cfd21c41
Event: 5.282 Thread 0x00000160bd8813d0 Implicit null exception at 0x00000160cfeb86bd to 0x00000160cfeb8732
Event: 5.285 Thread 0x00000160bd8813d0 Exception <a 'java/lang/NoSuchMethodError'{0x000000008911c2a8}: 'java.lang.Object java.lang.invoke.DirectMethodHandle$Holder.newInvokeSpecial(java.lang.Object, java.lang.Object, java.lang.Object, java.lang.Object, java.lang.Object, java.lang.Object, java.lang.Object)'> (0x000000008911c2a8) 
thrown [s\open\src\hotspot\share\interpreter\linkResolver.cpp, line 773]
Event: 5.287 Thread 0x00000160bd8813d0 Implicit null exception at 0x00000160cfe6b292 to 0x00000160cfe6bea4
Event: 5.588 Thread 0x00000160bd8813d0 Exception <a 'java/lang/NoSuchMethodError'{0x000000008c707ee8}: 'int java.lang.invoke.DirectMethodHandle$Holder.invokeVirtual(java.lang.Object, java.lang.Object)'> (0x000000008c707ee8) 
thrown [s\open\src\hotspot\share\interpreter\linkResolver.cpp, line 773]
Event: 5.602 Thread 0x00000160bd8813d0 Implicit null exception at 0x00000160cfe3d4e9 to 0x00000160cfe3dc98
Event: 5.613 Thread 0x00000160bd8813d0 Exception <a 'java/lang/NoSuchMethodError'{0x000000008c658128}: 'void java.lang.invoke.Invokers$Holder.invokeExact_MT(java.lang.Object, java.lang.Object, int, java.lang.Object)'> (0x000000008c658128) 
thrown [s\open\src\hotspot\share\interpreter\linkResolver.cpp, line 773]

ZGC Phase Switch (0 events):
No events

VM Operations (20 events):
Event: 3.620 Executing VM operation: ICBufferFull
Event: 3.620 Executing VM operation: ICBufferFull done
Event: 3.950 Executing VM operation: G1CollectForAllocation (G1 Evacuation Pause)
Event: 3.972 Executing VM operation: G1CollectForAllocation (G1 Evacuation Pause) done
Event: 4.464 Executing VM operation: ICBufferFull
Event: 4.464 Executing VM operation: ICBufferFull done
Event: 4.949 Executing VM operation: ICBufferFull
Event: 4.949 Executing VM operation: ICBufferFull done
Event: 5.561 Executing VM operation: ICBufferFull
Event: 5.562 Executing VM operation: ICBufferFull done
Event: 5.573 Executing VM operation: G1CollectForAllocation (G1 Evacuation Pause)
Event: 5.587 Executing VM operation: G1CollectForAllocation (G1 Evacuation Pause) done
Event: 6.598 Executing VM operation: Cleanup
Event: 6.599 Executing VM operation: Cleanup done
Event: 7.612 Executing VM operation: Cleanup
Event: 7.612 Executing VM operation: Cleanup done
Event: 9.638 Executing VM operation: Cleanup
Event: 10.123 Executing VM operation: Cleanup done
Event: 11.125 Executing VM operation: Cleanup
Event: 11.157 Executing VM operation: Cleanup done

Events (20 events):
Event: 0.652 Thread 0x000001612216ab30 Thread added: 0x000001612216ab30
Event: 0.942 Thread 0x000001612216ab30 Thread exited: 0x000001612216ab30
Event: 0.967 Thread 0x000001612216dae0 Thread added: 0x000001612216dae0
Event: 0.968 Thread 0x000001612216d410 Thread added: 0x000001612216d410
Event: 1.003 Thread 0x000001612216e1b0 Thread added: 0x000001612216e1b0
Event: 1.015 Thread 0x000001612216ab30 Thread added: 0x000001612216ab30
Event: 1.482 Thread 0x000001612216ab30 Thread exited: 0x000001612216ab30
Event: 1.804 Thread 0x000001612216e1b0 Thread exited: 0x000001612216e1b0
Event: 1.804 Thread 0x000001612216d410 Thread exited: 0x000001612216d410
Event: 2.190 Thread 0x0000016123221830 Thread added: 0x0000016123221830
Event: 2.510 Thread 0x000001612216dae0 Thread exited: 0x000001612216dae0
Event: 2.675 Thread 0x000001612216cd40 Thread exited: 0x000001612216cd40
Event: 3.135 Thread 0x000001612216e1b0 Thread added: 0x000001612216e1b0
Event: 3.525 Thread 0x000001612216bfa0 Thread added: 0x000001612216bfa0
Event: 5.171 Thread 0x000001612216bfa0 Thread exited: 0x000001612216bfa0
Event: 5.171 Thread 0x000001612216e1b0 Thread exited: 0x000001612216e1b0
Event: 5.419 Thread 0x000001612216d410 Thread added: 0x000001612216d410
Event: 6.866 Thread 0x000001612216b200 Thread exited: 0x000001612216b200
Event: 6.866 Thread 0x000001612216c670 Thread exited: 0x000001612216c670
Event: 9.078 Thread 0x000001612216b8d0 Thread exited: 0x000001612216b8d0


Dynamic libraries:
0x00007ff715d50000 - 0x00007ff715d60000 	C:\Program Files\Java\jdk-21\bin\java.exe
0x00007ffc46140000 - 0x00007ffc463a7000 	C:\WINDOWS\SYSTEM32\ntdll.dll
0x00007ffc43f50000 - 0x00007ffc44019000 	C:\WINDOWS\System32\KERNEL32.DLL
0x00007ffc43460000 - 0x00007ffc43854000 	C:\WINDOWS\System32\KERNELBASE.dll
0x00007ffc42a10000 - 0x00007ffc42b5b000 	C:\WINDOWS\System32\ucrtbase.dll
0x00007ffc2e4c0000 - 0x00007ffc2e4db000 	C:\Program Files\Java\jdk-21\bin\VCRUNTIME140.dll
0x00007ffc38410000 - 0x00007ffc38429000 	C:\Program Files\Java\jdk-21\bin\jli.dll
0x00007ffc46040000 - 0x00007ffc460f6000 	C:\WINDOWS\System32\ADVAPI32.dll
0x00007ffc45be0000 - 0x00007ffc45c89000 	C:\WINDOWS\System32\msvcrt.dll
0x00007ffc45db0000 - 0x00007ffc45e57000 	C:\WINDOWS\System32\sechost.dll
0x00007ffc45c90000 - 0x00007ffc45da8000 	C:\WINDOWS\System32\RPCRT4.dll
0x00007ffc443e0000 - 0x00007ffc445a5000 	C:\WINDOWS\System32\USER32.dll
0x00007ffc43c00000 - 0x00007ffc43c27000 	C:\WINDOWS\System32\win32u.dll
0x00007ffc2ca20000 - 0x00007ffc2ccb3000 	C:\WINDOWS\WinSxS\amd64_microsoft.windows.common-controls_6595b64144ccf1df_6.0.26100.8115_none_3e075c82e3354f9c\COMCTL32.dll
0x00007ffc44020000 - 0x00007ffc4404b000 	C:\WINDOWS\System32\GDI32.dll
0x00007ffc43c30000 - 0x00007ffc43d5b000 	C:\WINDOWS\System32\gdi32full.dll
0x00007ffc43860000 - 0x00007ffc43903000 	C:\WINDOWS\System32\msvcp_win.dll
0x00007ffc2d980000 - 0x00007ffc2d98b000 	C:\WINDOWS\SYSTEM32\VERSION.dll
0x00007ffc46000000 - 0x00007ffc46032000 	C:\WINDOWS\System32\IMM32.DLL
0x00007ffc39600000 - 0x00007ffc3960c000 	C:\Program Files\Java\jdk-21\bin\vcruntime140_1.dll
0x00007ffc05f50000 - 0x00007ffc05fde000 	C:\Program Files\Java\jdk-21\bin\msvcp140.dll
0x00007ffb799a0000 - 0x00007ffb7a6bd000 	C:\Program Files\Java\jdk-21\bin\server\jvm.dll
0x00007ffc45b50000 - 0x00007ffc45bd0000 	C:\WINDOWS\System32\WS2_32.dll
0x00007ffc42870000 - 0x00007ffc428ce000 	C:\WINDOWS\SYSTEM32\POWRPROF.dll
0x00007ffc35e80000 - 0x00007ffc35eb6000 	C:\WINDOWS\SYSTEM32\WINMM.dll
0x00007ffc42850000 - 0x00007ffc42864000 	C:\WINDOWS\SYSTEM32\UMPDC.dll
0x00007ffc417a0000 - 0x00007ffc417bb000 	C:\WINDOWS\SYSTEM32\kernel.appcore.dll
0x00007ffc39560000 - 0x00007ffc3956a000 	C:\Program Files\Java\jdk-21\bin\jimage.dll
0x00007ffc40ad0000 - 0x00007ffc40d12000 	C:\WINDOWS\SYSTEM32\DBGHELP.DLL
0x00007ffc44050000 - 0x00007ffc443d2000 	C:\WINDOWS\System32\combase.dll
0x00007ffc45570000 - 0x00007ffc45648000 	C:\WINDOWS\System32\OLEAUT32.dll
0x00007ffc2b290000 - 0x00007ffc2b2cb000 	C:\WINDOWS\SYSTEM32\dbgcore.DLL
0x00007ffc43910000 - 0x00007ffc439b5000 	C:\WINDOWS\System32\bcryptPrimitives.dll
0x00007ffc2e030000 - 0x00007ffc2e04f000 	C:\Program Files\Java\jdk-21\bin\java.dll
0x00007ffc44650000 - 0x00007ffc44db7000 	C:\WINDOWS\System32\SHELL32.dll
0x00007ffc43d60000 - 0x00007ffc43eca000 	C:\WINDOWS\System32\wintypes.dll
0x00007ffc42b60000 - 0x00007ffc433c8000 	C:\WINDOWS\System32\windows.storage.dll
0x00007ffc459d0000 - 0x00007ffc45ac8000 	C:\WINDOWS\System32\SHCORE.dll
0x00007ffc45ae0000 - 0x00007ffc45b46000 	C:\WINDOWS\System32\shlwapi.dll
0x00007ffc42930000 - 0x00007ffc42959000 	C:\WINDOWS\SYSTEM32\profapi.dll
0x00007ffc01b70000 - 0x00007ffc01c47000 	C:\Program Files\Java\jdk-21\bin\jsvml.dll
0x00007ffc39520000 - 0x00007ffc39530000 	C:\Program Files\Java\jdk-21\bin\net.dll
0x00007ffc39b70000 - 0x00007ffc39c9d000 	C:\WINDOWS\SYSTEM32\WINHTTP.dll
0x00007ffc41d10000 - 0x00007ffc41d7c000 	C:\WINDOWS\system32\mswsock.dll
0x00007ffc2ab70000 - 0x00007ffc2ab86000 	C:\Program Files\Java\jdk-21\bin\nio.dll
0x00007ffc28ee0000 - 0x00007ffc28ef8000 	C:\Program Files\Java\jdk-21\bin\zip.dll
0x00007ffc28de0000 - 0x00007ffc28e04000 	C:\apache-maven-3.9.14\lib\jansi-native\Windows\x86_64\jansi.dll
0x00007ffc39480000 - 0x00007ffc39490000 	C:\Program Files\Java\jdk-21\bin\verify.dll

dbghelp: loaded successfully - version: 4.0.5 - missing functions: none
symbol engine: initialized successfully - sym options: 0x614 - pdb path: .;C:\Program Files\Java\jdk-21\bin;C:\WINDOWS\SYSTEM32;C:\WINDOWS\WinSxS\amd64_microsoft.windows.common-controls_6595b64144ccf1df_6.0.26100.8115_none_3e075c82e3354f9c;C:\Program Files\Java\jdk-21\bin\server;C:\apache-maven-3.9.14\lib\jansi-native\Windows\x86_64

VM Arguments:
jvm_args: --enable-native-access=ALL-UNNAMED -Dclassworlds.conf=C:\apache-maven-3.9.14\bin\m2.conf -Dmaven.home=C:\apache-maven-3.9.14 -Dlibrary.jansi.path=C:\apache-maven-3.9.14\lib\jansi-native -Dmaven.multiModuleProjectDirectory=D:\OABS\backend\api-gateway 
java_command: org.codehaus.plexus.classworlds.launcher.Launcher test
java_class_path (initial): C:\apache-maven-3.9.14\boot\plexus-classworlds-2.9.0.jar
Launcher Type: SUN_STANDARD

[Global flags]
     intx CICompilerCount                          = 12                                        {product} {ergonomic}
     uint ConcGCThreads                            = 3                                         {product} {ergonomic}
     uint G1ConcRefinementThreads                  = 13                                        {product} {ergonomic}
   size_t G1HeapRegionSize                         = 1048576                                   {product} {ergonomic}
    uintx GCDrainStackTargetSize                   = 64                                        {product} {ergonomic}
   size_t InitialHeapSize                          = 130023424                                 {product} {ergonomic}
   size_t MarkStackSize                            = 4194304                                   {product} {ergonomic}
   size_t MaxHeapSize                              = 2067791872                                {product} {ergonomic}
   size_t MaxNewSize                               = 1240465408                                {product} {ergonomic}
   size_t MinHeapDeltaBytes                        = 1048576                                   {product} {ergonomic}
   size_t MinHeapSize                              = 8388608                                   {product} {ergonomic}
    uintx NonNMethodCodeHeapSize                   = 7602480                                {pd product} {ergonomic}
    uintx NonProfiledCodeHeapSize                  = 122027880                              {pd product} {ergonomic}
    uintx ProfiledCodeHeapSize                     = 122027880                              {pd product} {ergonomic}
    uintx ReservedCodeCacheSize                    = 251658240                              {pd product} {ergonomic}
     bool SegmentedCodeCache                       = true                                      {product} {ergonomic}
   size_t SoftMaxHeapSize                          = 2067791872                             {manageable} {ergonomic}
     bool UseCompressedOops                        = true                           {product lp64_product} {ergonomic}
     bool UseG1GC                                  = true                                      {product} {ergonomic}
     bool UseLargePagesIndividualAllocation        = false                                  {pd product} {ergonomic}

Logging:
Log output configuration:
 #0: stdout all=warning uptime,level,tags foldmultilines=false
 #1: stderr all=off uptime,level,tags foldmultilines=false

Environment Variables:
JAVA_HOME=C:\Program Files\Java\jdk-21
PATH=C:\Python314\Scripts\;C:\Python314\;C:\Python312\Scripts\;C:\Python312\;C:\WINDOWS\system32;C:\WINDOWS;C:\WINDOWS\System32\Wbem;C:\WINDOWS\System32\WindowsPowerShell\v1.0\;C:\WINDOWS\System32\OpenSSH\;C:\Program Files\Java\jdk-21\bin;C:\ProgramData\chocolatey\bin;C:\Program Files\Git\cmd;C:\Program Files\Cloudflare\Cloudflare WARP\;C:\Program Files\Java\jdk-21\bin;C:\apache-maven-3.9.14\bin;C:\Program Files\nodejs\;C:\Program Files\Docker\Docker\resources\bin;C:\Program Files\MySQL\MySQL Shell 8.0\bin\;C:\Users\Asus\AppData\Local\Microsoft\WindowsApps;C:\Program Files\IntelliJ IDEA Community Edition 2023.2.1\bin;C:\Users\Asus\AppData\Local\Programs\Microsoft VS Code\bin;C:\Users\Asus\AppData\Local\JetBrains\Toolbox\scripts;C:\Users\Asus\AppData\Local\GitHubDesktop\bin;C:\Users\Asus\AppData\Local\Microsoft\WindowsApps;C:\Program Files\MySQL\MySQL Server 8.0\bin;C:\Program Files\JetBrains\IntelliJ IDEA 2024.2.6\bin;;C:\Users\Asus\AppData\Local\Programs\Antigravity\bin;C:\Users\Asus\AppData\Roaming\npm
USERNAME=Asus
OS=Windows_NT
PROCESSOR_IDENTIFIER=Intel64 Family 6 Model 154 Stepping 3, GenuineIntel
TMP=C:\Users\Asus\AppData\Local\Temp
TEMP=C:\Users\Asus\AppData\Local\Temp




Periodic native trim disabled

---------------  S Y S T E M  ---------------

OS:
 Windows 11 , 64 bit Build 26100 (10.0.26100.8246)
OS uptime: 13 days 1:37 hours
Hyper-V role detected

CPU: total 16 (initial active 16) (8 cores per cpu, 2 threads per core) family 6 model 154 stepping 3 microcode 0x418, cx8, cmov, fxsr, ht, mmx, 3dnowpref, sse, sse2, sse3, ssse3, sse4.1, sse4.2, popcnt, lzcnt, tsc, tscinvbit, avx, avx2, aes, erms, clmul, bmi1, bmi2, adx, sha, fma, vzeroupper, clflush, clflushopt, clwb, hv, serialize, rdtscp, rdpid, fsrm, f16c, cet_ibt, cet_ss
Processor Information for processor 0
  Max Mhz: 1700, Current Mhz: 1700, Mhz Limit: 1700
Processor Information for processor 1
  Max Mhz: 1700, Current Mhz: 1700, Mhz Limit: 1700
Processor Information for processor 2
  Max Mhz: 1700, Current Mhz: 1700, Mhz Limit: 1700
Processor Information for processor 3
  Max Mhz: 1700, Current Mhz: 1700, Mhz Limit: 1700
Processor Information for processor 4
  Max Mhz: 1700, Current Mhz: 1700, Mhz Limit: 1700
Processor Information for processor 5
  Max Mhz: 1700, Current Mhz: 1700, Mhz Limit: 1700
Processor Information for processor 6
  Max Mhz: 1700, Current Mhz: 1700, Mhz Limit: 1700
Processor Information for processor 7
  Max Mhz: 1700, Current Mhz: 1700, Mhz Limit: 1700
Processor Information for processor 8
  Max Mhz: 1700, Current Mhz: 1200, Mhz Limit: 1190
Processor Information for processor 9
  Max Mhz: 1700, Current Mhz: 1200, Mhz Limit: 1190
Processor Information for processor 10
  Max Mhz: 1700, Current Mhz: 1200, Mhz Limit: 1190
Processor Information for processor 11
  Max Mhz: 1700, Current Mhz: 1200, Mhz Limit: 1190
Processor Information for processor 12
  Max Mhz: 1700, Current Mhz: 1200, Mhz Limit: 1190
Processor Information for processor 13
  Max Mhz: 1700, Current Mhz: 1200, Mhz Limit: 1190
Processor Information for processor 14
  Max Mhz: 1700, Current Mhz: 1200, Mhz Limit: 1190
Processor Information for processor 15
  Max Mhz: 1700, Current Mhz: 1200, Mhz Limit: 1190

Memory: 4k page, system-wide physical 7885M (1146M free)
TotalPageFile size 26635M (AvailPageFile size 179M)
current process WorkingSet (physical memory assigned to process): 215M, peak: 225M
current process commit charge ("private bytes"): 268M, peak: 289M

vm_info: Java HotSpot(TM) 64-Bit Server VM (21.0.9+7-LTS-338) for windows-amd64 JRE (21.0.9+7-LTS-338), built on 2025-09-26T06:33:49Z by "mach5run" with MS VC++ 17.6 (VS2022)

END.
