#
# There is insufficient memory for the Java Runtime Environment to continue.
# Native memory allocation (mmap) failed to map 10485760 bytes for G1 virtual space
# Possible reasons:
#   The system is out of physical RAM or swap space
#   The process is running with CompressedOops enabled, and the Java Heap may be blocking the growth of the native heap
# Possible solutions:
#   Reduce memory load on the system
#   Increase physical memory or swap space
#   Check if swap backing store is full
#   Decrease Java heap size (-Xmx/-Xms)
#   Decrease number of Java threads
#   Decrease Java thread stack sizes (-Xss)
#   Set larger code cache with -XX:ReservedCodeCacheSize=
#   JVM is running with Unscaled Compressed Oops mode in which the Java heap is
#     placed in the first 4GB address space. The Java Heap base address is the
#     maximum limit for the native heap growth. Please use -XX:HeapBaseMinAddress
#     to set the Java Heap base and to place the Java Heap above 4GB virtual address.
# This output file may be truncated or incomplete.
#
#  Out of Memory Error (os_windows.cpp:3603), pid=15856, tid=6428
#
# JRE version: Java(TM) SE Runtime Environment (21.0.9+7) (build 21.0.9+7-LTS-338)
# Java VM: Java HotSpot(TM) 64-Bit Server VM (21.0.9+7-LTS-338, mixed mode, emulated-client, sharing, tiered, compressed oops, compressed class ptrs, g1 gc, windows-amd64)
# No core dump will be written. Minidumps are not enabled by default on client versions of Windows
#

---------------  S U M M A R Y ------------

Command Line: -XX:TieredStopAtLevel=1 com.bridgelabz.recordservice.RecordServiceApplication

Host: 12th Gen Intel(R) Core(TM) i5-1240P, 16 cores, 7G,  Windows 11 , 64 bit Build 26100 (10.0.26100.8246)
Time: Tue Apr 28 14:45:34 2026 India Standard Time elapsed time: 161.992699 seconds (0d 0h 2m 41s)

---------------  T H R E A D  ---------------

Current thread (0x000001c88571e8d0):  VMThread "VM Thread"          [id=6428, stack(0x0000002db7700000,0x0000002db7800000) (1024K)]

Stack: [0x0000002db7700000,0x0000002db7800000]
Native frames: (J=compiled Java code, j=interpreted, Vv=VM code, C=native code)
V  [jvm.dll+0x6cbf89]
V  [jvm.dll+0x858421]
V  [jvm.dll+0x85a94e]
V  [jvm.dll+0x85b023]
V  [jvm.dll+0x27ebc6]
V  [jvm.dll+0x6c8705]
V  [jvm.dll+0x6bd26a]
V  [jvm.dll+0x354a0a]
V  [jvm.dll+0x35c686]
V  [jvm.dll+0x3af79e]
V  [jvm.dll+0x3afa48]
V  [jvm.dll+0x328d1c]
V  [jvm.dll+0x328da7]
V  [jvm.dll+0x36d6cc]
V  [jvm.dll+0x36bf1e]
V  [jvm.dll+0x3284e1]
V  [jvm.dll+0x36b63a]
V  [jvm.dll+0x860df0]
V  [jvm.dll+0x862174]
V  [jvm.dll+0x8626b0]
V  [jvm.dll+0x862953]
V  [jvm.dll+0x80265b]
V  [jvm.dll+0x6ca66d]
C  [ucrtbase.dll+0x37b0]
C  [KERNEL32.DLL+0x2e8d7]
C  [ntdll.dll+0x8c3fc]

VM_Operation (0x0000002db9efe670): G1CollectForAllocation, mode: safepoint, requested by thread 0x000001c8cc7edb80


---------------  P R O C E S S  ---------------

Threads class SMR info:
_java_thread_list=0x000001c8cc782130, length=30, elements={
0x000001c885a790c0, 0x000001c885a79b20, 0x000001c885a7e6c0, 0x000001c885a832b0,
0x000001c885a7f250, 0x000001c885a860f0, 0x000001c885a88cd0, 0x000001c885c027b0,
0x000001c885c078b0, 0x000001c8cc47bba0, 0x000001c8cc459620, 0x000001c8cc459c90,
0x000001c8cc72d010, 0x000001c8cc7366a0, 0x000001c8cc745470, 0x000001c8cc7eef30,
0x000001c8cc7edb80, 0x000001c8cc7ee210, 0x000001c8cc7ef5c0, 0x000001c8cc7ee8a0,
0x000001c8cc7efc50, 0x000001c8cc7f02e0, 0x000001c8cc7ece60, 0x000001c8cc7ed4f0,
0x000001c8ccee1fe0, 0x000001c8ccee3390, 0x000001c8ccee2670, 0x000001c8ccee3a20,
0x000001c8ccee2d00, 0x000001c8ccee12c0
}

Java Threads: ( => current thread )
  0x000001c885a790c0 JavaThread "Reference Handler"          daemon [_thread_blocked, id=3144, stack(0x0000002db7800000,0x0000002db7900000) (1024K)]
  0x000001c885a79b20 JavaThread "Finalizer"                  daemon [_thread_blocked, id=20960, stack(0x0000002db7900000,0x0000002db7a00000) (1024K)]
  0x000001c885a7e6c0 JavaThread "Signal Dispatcher"          daemon [_thread_blocked, id=19268, stack(0x0000002db7a00000,0x0000002db7b00000) (1024K)]
  0x000001c885a832b0 JavaThread "Attach Listener"            daemon [_thread_blocked, id=19264, stack(0x0000002db7b00000,0x0000002db7c00000) (1024K)]
  0x000001c885a7f250 JavaThread "Service Thread"             daemon [_thread_blocked, id=3976, stack(0x0000002db7c00000,0x0000002db7d00000) (1024K)]
  0x000001c885a860f0 JavaThread "Monitor Deflation Thread"   daemon [_thread_blocked, id=19260, stack(0x0000002db7d00000,0x0000002db7e00000) (1024K)]
  0x000001c885a88cd0 JavaThread "C1 CompilerThread0"         daemon [_thread_blocked, id=3408, stack(0x0000002db7e00000,0x0000002db7f00000) (1024K)]
  0x000001c885c027b0 JavaThread "Notification Thread"        daemon [_thread_blocked, id=10236, stack(0x0000002db8100000,0x0000002db8200000) (1024K)]
  0x000001c885c078b0 JavaThread "Common-Cleaner"             daemon [_thread_blocked, id=7276, stack(0x0000002db8200000,0x0000002db8300000) (1024K)]
  0x000001c8cc47bba0 JavaThread "Catalina-utility-1"                [_thread_blocked, id=6656, stack(0x0000002db8b00000,0x0000002db8c00000) (1024K)]
  0x000001c8cc459620 JavaThread "Catalina-utility-2"                [_thread_blocked, id=17708, stack(0x0000002db9700000,0x0000002db9800000) (1024K)]
  0x000001c8cc459c90 JavaThread "container-0"                       [_thread_blocked, id=14292, stack(0x0000002db9800000,0x0000002db9900000) (1024K)]
  0x000001c8cc72d010 JavaThread "BufferPoolPruner-1-thread-1" daemon [_thread_blocked, id=6424, stack(0x0000002db9900000,0x0000002db9a00000) (1024K)]
  0x000001c8cc7366a0 JavaThread "cluster-ClusterId{value='69f07a160909a017d4a1c1e2', description='null'}-localhost:27017" daemon [_thread_blocked, id=8272, stack(0x0000002db9a00000,0x0000002db9b00000) (1024K)]
  0x000001c8cc745470 JavaThread "cluster-rtt-ClusterId{value='69f07a160909a017d4a1c1e2', description='null'}-localhost:27017" daemon [_thread_blocked, id=8812, stack(0x0000002db9b00000,0x0000002db9c00000) (1024K)]
  0x000001c8cc7eef30 JavaThread "MaintenanceTimer-2-thread-1" daemon [_thread_blocked, id=21520, stack(0x0000002db9d00000,0x0000002db9e00000) (1024K)]
  0x000001c8cc7edb80 JavaThread "File Watcher"               daemon [_thread_blocked, id=21532, stack(0x0000002db9e00000,0x0000002db9f00000) (1024K)]
  0x000001c8cc7ee210 JavaThread "http-nio-8088-exec-1"       daemon [_thread_blocked, id=21536, stack(0x0000002db9f00000,0x0000002dba000000) (1024K)]
  0x000001c8cc7ef5c0 JavaThread "http-nio-8088-exec-2"       daemon [_thread_blocked, id=21540, stack(0x0000002dba000000,0x0000002dba100000) (1024K)]
  0x000001c8cc7ee8a0 JavaThread "http-nio-8088-exec-3"       daemon [_thread_blocked, id=21544, stack(0x0000002dba100000,0x0000002dba200000) (1024K)]
  0x000001c8cc7efc50 JavaThread "http-nio-8088-exec-4"       daemon [_thread_blocked, id=21548, stack(0x0000002dba200000,0x0000002dba300000) (1024K)]
  0x000001c8cc7f02e0 JavaThread "http-nio-8088-exec-5"       daemon [_thread_blocked, id=21552, stack(0x0000002dba300000,0x0000002dba400000) (1024K)]
  0x000001c8cc7ece60 JavaThread "http-nio-8088-exec-6"       daemon [_thread_blocked, id=21556, stack(0x0000002dba400000,0x0000002dba500000) (1024K)]
  0x000001c8cc7ed4f0 JavaThread "http-nio-8088-exec-7"       daemon [_thread_blocked, id=21560, stack(0x0000002dba500000,0x0000002dba600000) (1024K)]
  0x000001c8ccee1fe0 JavaThread "http-nio-8088-exec-8"       daemon [_thread_blocked, id=21564, stack(0x0000002dba600000,0x0000002dba700000) (1024K)]
  0x000001c8ccee3390 JavaThread "http-nio-8088-exec-9"       daemon [_thread_blocked, id=21568, stack(0x0000002dba700000,0x0000002dba800000) (1024K)]
  0x000001c8ccee2670 JavaThread "http-nio-8088-exec-10"      daemon [_thread_blocked, id=21572, stack(0x0000002dba800000,0x0000002dba900000) (1024K)]
  0x000001c8ccee3a20 JavaThread "http-nio-8088-Poller"       daemon [_thread_blocked, id=21576, stack(0x0000002dba900000,0x0000002dbaa00000) (1024K)]
  0x000001c8ccee2d00 JavaThread "http-nio-8088-Acceptor"     daemon [_thread_in_native, id=21580, stack(0x0000002dbaa00000,0x0000002dbab00000) (1024K)]
  0x000001c8ccee12c0 JavaThread "DestroyJavaVM"                     [_thread_blocked, id=5964, stack(0x0000002db7000000,0x0000002db7100000) (1024K)]
Total: 30

Other Threads:
=>0x000001c88571e8d0 VMThread "VM Thread"                           [id=6428, stack(0x0000002db7700000,0x0000002db7800000) (1024K)]
  0x000001c88570bc20 WatcherThread "VM Periodic Task Thread"        [id=17840, stack(0x0000002db7600000,0x0000002db7700000) (1024K)]
  0x000001c8f29c65e0 WorkerThread "GC Thread#0"                     [id=10208, stack(0x0000002db7100000,0x0000002db7200000) (1024K)]
  0x000001c8cb4a7aa0 WorkerThread "GC Thread#1"                     [id=5500, stack(0x0000002db8600000,0x0000002db8700000) (1024K)]
  0x000001c8cb4dfeb0 WorkerThread "GC Thread#2"                     [id=8964, stack(0x0000002db8700000,0x0000002db8800000) (1024K)]
  0x000001c8cb4e9a20 WorkerThread "GC Thread#3"                     [id=10204, stack(0x0000002db8800000,0x0000002db8900000) (1024K)]
  0x000001c8cb4e0a70 WorkerThread "GC Thread#4"                     [id=11364, stack(0x0000002db8900000,0x0000002db8a00000) (1024K)]
  0x000001c8cb4ea1e0 WorkerThread "GC Thread#5"                     [id=11704, stack(0x0000002db8a00000,0x0000002db8b00000) (1024K)]
  0x000001c8cb586070 WorkerThread "GC Thread#6"                     [id=20344, stack(0x0000002db8c00000,0x0000002db8d00000) (1024K)]
  0x000001c8cb586420 WorkerThread "GC Thread#7"                     [id=17524, stack(0x0000002db8d00000,0x0000002db8e00000) (1024K)]
  0x000001c8cb585910 WorkerThread "GC Thread#8"                     [id=8008, stack(0x0000002db8e00000,0x0000002db8f00000) (1024K)]
  0x000001c8cb585560 WorkerThread "GC Thread#9"                     [id=17476, stack(0x0000002db9100000,0x0000002db9200000) (1024K)]
  0x000001c8cb585cc0 WorkerThread "GC Thread#10"                    [id=19768, stack(0x0000002db9200000,0x0000002db9300000) (1024K)]
  0x000001c8cb584a50 WorkerThread "GC Thread#11"                    [id=9448, stack(0x0000002db9300000,0x0000002db9400000) (1024K)]
  0x000001c8cbc016c0 WorkerThread "GC Thread#12"                    [id=14016, stack(0x0000002db9600000,0x0000002db9700000) (1024K)]
  0x000001c8f29d8ef0 ConcurrentGCThread "G1 Main Marker"            [id=9376, stack(0x0000002db7200000,0x0000002db7300000) (1024K)]
  0x000001c8f29db320 WorkerThread "G1 Conc#0"                       [id=18816, stack(0x0000002db7300000,0x0000002db7400000) (1024K)]
  0x000001c8cbc00f60 WorkerThread "G1 Conc#1"                       [id=4060, stack(0x0000002db9400000,0x0000002db9500000) (1024K)]
  0x000001c8cbc01310 WorkerThread "G1 Conc#2"                       [id=18392, stack(0x0000002db9500000,0x0000002db9600000) (1024K)]
  0x000001c8f2a2e6d0 ConcurrentGCThread "G1 Refine#0"               [id=18812, stack(0x0000002db7400000,0x0000002db7500000) (1024K)]
  0x000001c8855cd1d0 ConcurrentGCThread "G1 Service"                [id=18808, stack(0x0000002db7500000,0x0000002db7600000) (1024K)]
Total: 21

Threads with active compile tasks:
Total: 0

VM state: at safepoint (normal execution)

VM Mutex/Monitor currently owned by a thread:  ([mutex/lock_event])
[0x00007ffffb220df0] Threads_lock - owner thread: 0x000001c88571e8d0
[0x00007ffffb220ef0] Heap_lock - owner thread: 0x000001c8cc7edb80

Heap address: 0x0000000084c00000, size: 1972 MB, Compressed Oops mode: 32-bit

CDS archive(s) mapped at: [0x000001c886000000-0x000001c886c90000-0x000001c886c90000), size 13172736, SharedBaseAddress: 0x000001c886000000, ArchiveRelocationMode: 1.
Compressed class space mapped at: 0x000001c887000000-0x000001c8c7000000, reserved size: 1073741824
Narrow klass base: 0x000001c886000000, Narrow klass shift: 0, Narrow klass range: 0x100000000

GC Precious Log:
 CardTable entry size: 512
 Card Set container configuration: InlinePtr #cards 5 size 8 Array Of Cards #cards 12 size 40 Howl #buckets 4 coarsen threshold 1843 Howl Bitmap #cards 512 size 80 coarsen threshold 460 Card regions per heap region 1 cards per card region 2048
 CPUs: 16 total, 16 available
 Memory: 7885M
 Large Page Support: Disabled
 NUMA Support: Disabled
 Compressed Oops: Enabled (32-bit)
 Heap Region Size: 1M
 Heap Min Capacity: 8M
 Heap Initial Capacity: 124M
 Heap Max Capacity: 1972M
 Pre-touch: Disabled
 Parallel Workers: 13
 Concurrent Workers: 3
 Concurrent Refinement Workers: 13
 Periodic GC: Disabled

Heap:
 garbage-first heap   total 51200K, used 22475K [0x0000000084c00000, 0x0000000100000000)
  region size 1024K, 2 young (2048K), 2 survivors (2048K)
 Metaspace       used 39770K, committed 40448K, reserved 1114112K
  class space    used 5568K, committed 5888K, reserved 1048576K

Heap Regions: E=young(eden), S=young(survivor), O=old, HS=humongous(starts), HC=humongous(continues), CS=collection set, F=free, TAMS=top-at-mark-start, PB=parsable bottom
|   0|0x0000000084c00000, 0x0000000084d00000, 0x0000000084d00000|100%| O|  |TAMS 0x0000000084c00000| PB 0x0000000084c00000| Untracked 
|   1|0x0000000084d00000, 0x0000000084e00000, 0x0000000084e00000|100%| O|  |TAMS 0x0000000084d00000| PB 0x0000000084d00000| Untracked 
|   2|0x0000000084e00000, 0x0000000084f00000, 0x0000000084f00000|100%| O|  |TAMS 0x0000000084e00000| PB 0x0000000084e00000| Untracked 
|   3|0x0000000084f00000, 0x0000000085000000, 0x0000000085000000|100%| O|  |TAMS 0x0000000084f00000| PB 0x0000000084f00000| Untracked 
|   4|0x0000000085000000, 0x0000000085100000, 0x0000000085100000|100%| O|  |TAMS 0x0000000085000000| PB 0x0000000085000000| Untracked 
|   5|0x0000000085100000, 0x0000000085200000, 0x0000000085200000|100%| O|  |TAMS 0x0000000085100000| PB 0x0000000085100000| Untracked 
|   6|0x0000000085200000, 0x0000000085300000, 0x0000000085300000|100%| O|  |TAMS 0x0000000085200000| PB 0x0000000085200000| Untracked 
|   7|0x0000000085300000, 0x0000000085400000, 0x0000000085400000|100%| O|  |TAMS 0x0000000085300000| PB 0x0000000085300000| Untracked 
|   8|0x0000000085400000, 0x0000000085500000, 0x0000000085500000|100%| O|  |TAMS 0x0000000085400000| PB 0x0000000085400000| Untracked 
|   9|0x0000000085500000, 0x0000000085600000, 0x0000000085600000|100%| O|  |TAMS 0x0000000085500000| PB 0x0000000085500000| Untracked 
|  10|0x0000000085600000, 0x0000000085700000, 0x0000000085700000|100%| O|  |TAMS 0x0000000085600000| PB 0x0000000085600000| Untracked 
|  11|0x0000000085700000, 0x0000000085800000, 0x0000000085800000|100%| O|  |TAMS 0x0000000085700000| PB 0x0000000085700000| Untracked 
|  12|0x0000000085800000, 0x0000000085900000, 0x0000000085900000|100%| O|  |TAMS 0x0000000085800000| PB 0x0000000085800000| Untracked 
|  13|0x0000000085900000, 0x0000000085a00000, 0x0000000085a00000|100%| O|  |TAMS 0x0000000085900000| PB 0x0000000085900000| Untracked 
|  14|0x0000000085a00000, 0x0000000085b00000, 0x0000000085b00000|100%| O|  |TAMS 0x0000000085a00000| PB 0x0000000085a00000| Untracked 
|  15|0x0000000085b00000, 0x0000000085c00000, 0x0000000085c00000|100%| O|  |TAMS 0x0000000085b00000| PB 0x0000000085b00000| Untracked 
|  16|0x0000000085c00000, 0x0000000085d00000, 0x0000000085d00000|100%| O|  |TAMS 0x0000000085c00000| PB 0x0000000085c00000| Untracked 
|  17|0x0000000085d00000, 0x0000000085e00000, 0x0000000085e00000|100%| O|  |TAMS 0x0000000085d00000| PB 0x0000000085d00000| Untracked 
|  18|0x0000000085e00000, 0x0000000085f00000, 0x0000000085f00000|100%| O|  |TAMS 0x0000000085e00000| PB 0x0000000085e00000| Untracked 
|  19|0x0000000085f00000, 0x0000000086000000, 0x0000000086000000|100%| O|  |TAMS 0x0000000085f00000| PB 0x0000000085f00000| Untracked 
|  20|0x0000000086000000, 0x0000000086039da0, 0x0000000086100000| 22%| O|  |TAMS 0x0000000086000000| PB 0x0000000086000000| Untracked 
|  21|0x0000000086100000, 0x0000000086100000, 0x0000000086200000|  0%| F|  |TAMS 0x0000000086100000| PB 0x0000000086100000| Untracked 
|  22|0x0000000086200000, 0x0000000086200000, 0x0000000086300000|  0%| F|  |TAMS 0x0000000086200000| PB 0x0000000086200000| Untracked 
|  23|0x0000000086300000, 0x0000000086300000, 0x0000000086400000|  0%| F|  |TAMS 0x0000000086300000| PB 0x0000000086300000| Untracked 
|  24|0x0000000086400000, 0x0000000086400000, 0x0000000086500000|  0%| F|  |TAMS 0x0000000086400000| PB 0x0000000086400000| Untracked 
|  25|0x0000000086500000, 0x0000000086500000, 0x0000000086600000|  0%| F|  |TAMS 0x0000000086500000| PB 0x0000000086500000| Untracked 
|  26|0x0000000086600000, 0x0000000086600000, 0x0000000086700000|  0%| F|  |TAMS 0x0000000086600000| PB 0x0000000086600000| Untracked 
|  27|0x0000000086700000, 0x00000000867b9070, 0x0000000086800000| 72%| S|CS|TAMS 0x0000000086700000| PB 0x0000000086700000| Complete 
|  28|0x0000000086800000, 0x0000000086900000, 0x0000000086900000|100%| S|CS|TAMS 0x0000000086800000| PB 0x0000000086800000| Complete 
|  29|0x0000000086900000, 0x0000000086900000, 0x0000000086a00000|  0%| F|  |TAMS 0x0000000086900000| PB 0x0000000086900000| Untracked 
|  30|0x0000000086a00000, 0x0000000086a00000, 0x0000000086b00000|  0%| F|  |TAMS 0x0000000086a00000| PB 0x0000000086a00000| Untracked 
|  31|0x0000000086b00000, 0x0000000086b00000, 0x0000000086c00000|  0%| F|  |TAMS 0x0000000086b00000| PB 0x0000000086b00000| Untracked 
|  32|0x0000000086c00000, 0x0000000086c00000, 0x0000000086d00000|  0%| F|  |TAMS 0x0000000086c00000| PB 0x0000000086c00000| Untracked 
|  33|0x0000000086d00000, 0x0000000086d00000, 0x0000000086e00000|  0%| F|  |TAMS 0x0000000086d00000| PB 0x0000000086d00000| Untracked 
|  34|0x0000000086e00000, 0x0000000086e00000, 0x0000000086f00000|  0%| F|  |TAMS 0x0000000086e00000| PB 0x0000000086e00000| Untracked 
|  35|0x0000000086f00000, 0x0000000086f00000, 0x0000000087000000|  0%| F|  |TAMS 0x0000000086f00000| PB 0x0000000086f00000| Untracked 
|  36|0x0000000087000000, 0x0000000087000000, 0x0000000087100000|  0%| F|  |TAMS 0x0000000087000000| PB 0x0000000087000000| Untracked 
|  37|0x0000000087100000, 0x0000000087100000, 0x0000000087200000|  0%| F|  |TAMS 0x0000000087100000| PB 0x0000000087100000| Untracked 
|  38|0x0000000087200000, 0x0000000087200000, 0x0000000087300000|  0%| F|  |TAMS 0x0000000087200000| PB 0x0000000087200000| Untracked 
|  39|0x0000000087300000, 0x0000000087300000, 0x0000000087400000|  0%| F|  |TAMS 0x0000000087300000| PB 0x0000000087300000| Untracked 
|  40|0x0000000087400000, 0x0000000087400000, 0x0000000087500000|  0%| F|  |TAMS 0x0000000087400000| PB 0x0000000087400000| Untracked 
|  41|0x0000000087500000, 0x0000000087500000, 0x0000000087600000|  0%| F|  |TAMS 0x0000000087500000| PB 0x0000000087500000| Untracked 
|  42|0x0000000087600000, 0x0000000087600000, 0x0000000087700000|  0%| F|  |TAMS 0x0000000087600000| PB 0x0000000087600000| Untracked 
|  43|0x0000000087700000, 0x0000000087700000, 0x0000000087800000|  0%| F|  |TAMS 0x0000000087700000| PB 0x0000000087700000| Untracked 
|  44|0x0000000087800000, 0x0000000087800000, 0x0000000087900000|  0%| F|  |TAMS 0x0000000087800000| PB 0x0000000087800000| Untracked 
| 103|0x000000008b300000, 0x000000008b300000, 0x000000008b400000|  0%| F|  |TAMS 0x000000008b300000| PB 0x000000008b300000| Untracked 
| 104|0x000000008b400000, 0x000000008b400000, 0x000000008b500000|  0%| F|  |TAMS 0x000000008b400000| PB 0x000000008b400000| Untracked 
| 105|0x000000008b500000, 0x000000008b500000, 0x000000008b600000|  0%| F|  |TAMS 0x000000008b500000| PB 0x000000008b500000| Untracked 
| 106|0x000000008b600000, 0x000000008b600000, 0x000000008b700000|  0%| F|  |TAMS 0x000000008b600000| PB 0x000000008b600000| Untracked 
| 123|0x000000008c700000, 0x000000008c700000, 0x000000008c800000|  0%| F|  |TAMS 0x000000008c700000| PB 0x000000008c700000| Untracked 

Card table byte_map: [0x000001c880600000,0x000001c8809e0000] _byte_map_base: 0x000001c8801da000

Marking Bits: (CMBitMap*) 0x000001c8f29c8c00
 Bits: [0x000001c8809e0000, 0x000001c8828b0000)

Polling page: 0x000001c8f2660000

Metaspace:

Usage:
  Non-class:     33.40 MB used.
      Class:      5.44 MB used.
       Both:     38.84 MB used.

Virtual space:
  Non-class space:       64.00 MB reserved,      33.75 MB ( 53%) committed,  1 nodes.
      Class space:        1.00 GB reserved,       5.75 MB ( <1%) committed,  1 nodes.
             Both:        1.06 GB reserved,      39.50 MB (  4%) committed. 

Chunk freelists:
   Non-Class:  14.28 MB
       Class:  10.09 MB
        Both:  24.38 MB

MaxMetaspaceSize: unlimited
CompressedClassSpaceSize: 1.00 GB
Initial GC threshold: 21.00 MB
Current GC threshold: 41.25 MB
CDS: on
 - commit_granule_bytes: 65536.
 - commit_granule_words: 8192.
 - virtual_space_node_default_size: 8388608.
 - enlarge_chunks_in_place: 1.
 - use_allocation_guard: 0.


Internal statistics:

num_allocs_failed_limit: 3.
num_arena_births: 902.
num_arena_deaths: 0.
num_vsnodes_births: 2.
num_vsnodes_deaths: 0.
num_space_committed: 632.
num_space_uncommitted: 0.
num_chunks_returned_to_freelist: 3.
num_chunks_taken_from_freelist: 2430.
num_chunk_merges: 3.
num_chunk_splits: 1656.
num_chunks_enlarged: 1202.
num_inconsistent_stats: 0.

CodeCache: size=49152Kb used=8769Kb max_used=11383Kb free=40382Kb
 bounds [0x000001c8fc410000, 0x000001c8fcf30000, 0x000001c8ff410000]
 total_blobs=5301 nmethods=4744 adapters=481
 compilation: enabled
              stopped_count=0, restarted_count=0
 full_count=0

Compilation events (20 events):
Event: 154.574 Thread 0x000001c885a88cd0 4797       1       java.net.URI$Parser::parseHierarchical (178 bytes)
Event: 154.590 Thread 0x000001c885a88cd0 nmethod 4797 0x000001c8fc78c290 code [0x000001c8fc78c540, 0x000001c8fc78cf60]
Event: 156.271 Thread 0x000001c885a88cd0 4798       1       java.util.concurrent.locks.AbstractQueuedSynchronizer$ConditionObject::doSignal (62 bytes)
Event: 156.273 Thread 0x000001c885a88cd0 nmethod 4798 0x000001c8fc78bd10 code [0x000001c8fc78bec0, 0x000001c8fc78c138]
Event: 156.273 Thread 0x000001c885a88cd0 4800       1       java.util.concurrent.locks.ReentrantReadWriteLock$ReadLock::lock (9 bytes)
Event: 156.274 Thread 0x000001c885a88cd0 nmethod 4800 0x000001c8fc78b910 code [0x000001c8fc78bac0, 0x000001c8fc78bc18]
Event: 156.275 Thread 0x000001c885a88cd0 4804       1       java.util.concurrent.locks.ReentrantReadWriteLock$NonfairSync::readerShouldBlock (5 bytes)
Event: 156.275 Thread 0x000001c885a88cd0 nmethod 4804 0x000001c8fc78b610 code [0x000001c8fc78b7c0, 0x000001c8fc78b8a0]
Event: 156.275 Thread 0x000001c885a88cd0 4805       1       java.util.concurrent.locks.AbstractQueuedSynchronizer::apparentlyFirstQueuedIsExclusive (38 bytes)
Event: 156.275 Thread 0x000001c885a88cd0 nmethod 4805 0x000001c8fc78b210 code [0x000001c8fc78b3c0, 0x000001c8fc78b550]
Event: 156.275 Thread 0x000001c885a88cd0 4806       1       java.util.concurrent.locks.ReentrantReadWriteLock$Sync::tryReleaseShared (146 bytes)
Event: 156.285 Thread 0x000001c885a88cd0 nmethod 4806 0x000001c8fc78a890 code [0x000001c8fc78aa80, 0x000001c8fc78aeb8]
Event: 156.285 Thread 0x000001c885a88cd0 4803       1       java.util.concurrent.locks.ReentrantReadWriteLock$Sync::sharedCount (5 bytes)
Event: 156.285 Thread 0x000001c885a88cd0 nmethod 4803 0x000001c8fc78a590 code [0x000001c8fc78a720, 0x000001c8fc78a7d0]
Event: 156.286 Thread 0x000001c885a88cd0 4801       1       java.util.concurrent.locks.AbstractQueuedSynchronizer::acquireShared (20 bytes)
Event: 156.286 Thread 0x000001c885a88cd0 nmethod 4801 0x000001c8fc78a190 code [0x000001c8fc78a340, 0x000001c8fc78a4a0]
Event: 156.286 Thread 0x000001c885a88cd0 4802       1       java.util.concurrent.locks.ReentrantReadWriteLock$Sync::tryAcquireShared (177 bytes)
Event: 156.288 Thread 0x000001c885a88cd0 nmethod 4802 0x000001c8fc789510 code [0x000001c8fc789740, 0x000001c8fc789dc0]
Event: 156.288 Thread 0x000001c885a88cd0 4799       1       java.util.concurrent.locks.AbstractQueuedSynchronizer::enqueue (72 bytes)
Event: 156.290 Thread 0x000001c885a88cd0 nmethod 4799 0x000001c8fc788e10 code [0x000001c8fc789000, 0x000001c8fc7893a0]

GC Heap History (20 events):
Event: 0.551 GC heap after
{Heap after GC invocations=1 (full 0):
 garbage-first heap   total 126976K, used 5007K [0x0000000084c00000, 0x0000000100000000)
  region size 1024K, 3 young (3072K), 3 survivors (3072K)
 Metaspace       used 5055K, committed 5312K, reserved 1114112K
  class space    used 657K, committed 768K, reserved 1048576K
}
Event: 0.886 GC heap before
{Heap before GC invocations=1 (full 0):
 garbage-first heap   total 126976K, used 35727K [0x0000000084c00000, 0x0000000100000000)
  region size 1024K, 33 young (33792K), 3 survivors (3072K)
 Metaspace       used 11125K, committed 11392K, reserved 1114112K
  class space    used 1626K, committed 1728K, reserved 1048576K
}
Event: 0.892 GC heap after
{Heap after GC invocations=2 (full 0):
 garbage-first heap   total 126976K, used 7356K [0x0000000084c00000, 0x0000000100000000)
  region size 1024K, 3 young (3072K), 3 survivors (3072K)
 Metaspace       used 11125K, committed 11392K, reserved 1114112K
  class space    used 1626K, committed 1728K, reserved 1048576K
}
Event: 1.028 GC heap before
{Heap before GC invocations=2 (full 0):
 garbage-first heap   total 126976K, used 22716K [0x0000000084c00000, 0x0000000100000000)
  region size 1024K, 20 young (20480K), 3 survivors (3072K)
 Metaspace       used 14653K, committed 14976K, reserved 1114112K
  class space    used 2019K, committed 2176K, reserved 1048576K
}
Event: 1.032 GC heap after
{Heap after GC invocations=3 (full 0):
 garbage-first heap   total 126976K, used 9165K [0x0000000084c00000, 0x0000000100000000)
  region size 1024K, 4 young (4096K), 4 survivors (4096K)
 Metaspace       used 14653K, committed 14976K, reserved 1114112K
  class space    used 2019K, committed 2176K, reserved 1048576K
}
Event: 1.191 GC heap before
{Heap before GC invocations=4 (full 0):
 garbage-first heap   total 34816K, used 34765K [0x0000000084c00000, 0x0000000100000000)
  region size 1024K, 29 young (29696K), 4 survivors (4096K)
 Metaspace       used 18769K, committed 19072K, reserved 1114112K
  class space    used 2566K, committed 2688K, reserved 1048576K
}
Event: 1.195 GC heap after
{Heap after GC invocations=5 (full 0):
 garbage-first heap   total 41984K, used 11695K [0x0000000084c00000, 0x0000000100000000)
  region size 1024K, 7 young (7168K), 7 survivors (7168K)
 Metaspace       used 18769K, committed 19072K, reserved 1114112K
  class space    used 2566K, committed 2688K, reserved 1048576K
}
Event: 1.336 GC heap before
{Heap before GC invocations=5 (full 0):
 garbage-first heap   total 41984K, used 29103K [0x0000000084c00000, 0x0000000100000000)
  region size 1024K, 24 young (24576K), 7 survivors (7168K)
 Metaspace       used 19718K, committed 20032K, reserved 1114112K
  class space    used 2718K, committed 2880K, reserved 1048576K
}
Event: 1.340 GC heap after
{Heap after GC invocations=6 (full 0):
 garbage-first heap   total 51200K, used 11987K [0x0000000084c00000, 0x0000000100000000)
  region size 1024K, 2 young (2048K), 2 survivors (2048K)
 Metaspace       used 19718K, committed 20032K, reserved 1114112K
  class space    used 2718K, committed 2880K, reserved 1048576K
}
Event: 1.716 GC heap before
{Heap before GC invocations=6 (full 0):
 garbage-first heap   total 51200K, used 38611K [0x0000000084c00000, 0x0000000100000000)
  region size 1024K, 29 young (29696K), 2 survivors (2048K)
 Metaspace       used 23964K, committed 24384K, reserved 1114112K
  class space    used 3267K, committed 3456K, reserved 1048576K
}
Event: 1.719 GC heap after
{Heap after GC invocations=7 (full 0):
 garbage-first heap   total 51200K, used 13535K [0x0000000084c00000, 0x0000000100000000)
  region size 1024K, 4 young (4096K), 4 survivors (4096K)
 Metaspace       used 23964K, committed 24384K, reserved 1114112K
  class space    used 3267K, committed 3456K, reserved 1048576K
}
Event: 1.790 GC heap before
{Heap before GC invocations=7 (full 0):
 garbage-first heap   total 51200K, used 17631K [0x0000000084c00000, 0x0000000100000000)
  region size 1024K, 9 young (9216K), 4 survivors (4096K)
 Metaspace       used 24798K, committed 25216K, reserved 1114112K
  class space    used 3405K, committed 3584K, reserved 1048576K
}
Event: 1.793 GC heap after
{Heap after GC invocations=8 (full 0):
 garbage-first heap   total 51200K, used 14184K [0x0000000084c00000, 0x0000000100000000)
  region size 1024K, 3 young (3072K), 3 survivors (3072K)
 Metaspace       used 24798K, committed 25216K, reserved 1114112K
  class space    used 3405K, committed 3584K, reserved 1048576K
}
Event: 2.261 GC heap before
{Heap before GC invocations=9 (full 0):
 garbage-first heap   total 51200K, used 40808K [0x0000000084c00000, 0x0000000100000000)
  region size 1024K, 29 young (29696K), 3 survivors (3072K)
 Metaspace       used 29365K, committed 29952K, reserved 1114112K
  class space    used 4036K, committed 4288K, reserved 1048576K
}
Event: 2.265 GC heap after
{Heap after GC invocations=10 (full 0):
 garbage-first heap   total 51200K, used 16561K [0x0000000084c00000, 0x0000000100000000)
  region size 1024K, 3 young (3072K), 3 survivors (3072K)
 Metaspace       used 29365K, committed 29952K, reserved 1114112K
  class space    used 4036K, committed 4288K, reserved 1048576K
}
Event: 2.571 GC heap before
{Heap before GC invocations=10 (full 0):
 garbage-first heap   total 51200K, used 41137K [0x0000000084c00000, 0x0000000100000000)
  region size 1024K, 28 young (28672K), 3 survivors (3072K)
 Metaspace       used 34651K, committed 35264K, reserved 1114112K
  class space    used 4839K, committed 5120K, reserved 1048576K
}
Event: 2.576 GC heap after
{Heap after GC invocations=11 (full 0):
 garbage-first heap   total 51200K, used 18444K [0x0000000084c00000, 0x0000000100000000)
  region size 1024K, 3 young (3072K), 3 survivors (3072K)
 Metaspace       used 34651K, committed 35264K, reserved 1114112K
  class space    used 4839K, committed 5120K, reserved 1048576K
}
Event: 2.878 GC heap before
{Heap before GC invocations=11 (full 0):
 garbage-first heap   total 51200K, used 41996K [0x0000000084c00000, 0x0000000100000000)
  region size 1024K, 26 young (26624K), 3 survivors (3072K)
 Metaspace       used 37347K, committed 37952K, reserved 1114112K
  class space    used 5210K, committed 5440K, reserved 1048576K
}
Event: 2.882 GC heap after
{Heap after GC invocations=12 (full 0):
 garbage-first heap   total 51200K, used 20903K [0x0000000084c00000, 0x0000000100000000)
  region size 1024K, 3 young (3072K), 3 survivors (3072K)
 Metaspace       used 37347K, committed 37952K, reserved 1114112K
  class space    used 5210K, committed 5440K, reserved 1048576K
}
Event: 159.509 GC heap before
{Heap before GC invocations=12 (full 0):
 garbage-first heap   total 51200K, used 42407K [0x0000000084c00000, 0x0000000100000000)
  region size 1024K, 24 young (24576K), 3 survivors (3072K)
 Metaspace       used 39770K, committed 40448K, reserved 1114112K
  class space    used 5568K, committed 5888K, reserved 1048576K
}

Dll operation events (9 events):
Event: 0.009 Loaded shared library C:\Program Files\Java\jdk-21\bin\java.dll
Event: 0.068 Loaded shared library C:\Program Files\Java\jdk-21\bin\net.dll
Event: 0.069 Loaded shared library C:\Program Files\Java\jdk-21\bin\nio.dll
Event: 0.072 Loaded shared library C:\Program Files\Java\jdk-21\bin\zip.dll
Event: 0.143 Loaded shared library C:\Program Files\Java\jdk-21\bin\jimage.dll
Event: 0.423 Loaded shared library C:\Program Files\Java\jdk-21\bin\management.dll
Event: 0.426 Loaded shared library C:\Program Files\Java\jdk-21\bin\management_ext.dll
Event: 1.206 Loaded shared library C:\Program Files\Java\jdk-21\bin\sunmscapi.dll
Event: 2.356 Loaded shared library C:\Program Files\Java\jdk-21\bin\extnet.dll

Deoptimization events (2 events):
Event: 2.442 Thread 0x000001c8cb475600 DEOPT PACKING pc=0x000001c8fce061a4 sp=0x0000002db85fa2c0
Event: 2.442 Thread 0x000001c8cb475600 DEOPT UNPACKING pc=0x000001c8fc464e42 sp=0x0000002db85f9818 mode 0

Classes loaded (20 events):
Event: 3.119 Loading class com/sun/beans/util/Cache$Kind$3
Event: 3.119 Loading class com/sun/beans/util/Cache$Kind$3 done
Event: 3.119 Loading class com/sun/beans/util/Cache$CacheEntry
Event: 3.119 Loading class com/sun/beans/util/Cache$CacheEntry done
Event: 106.876 Loading class sun/net/ConnectionResetException
Event: 107.901 Loading class sun/net/ConnectionResetException done
Event: 109.258 Loading class java/nio/channels/ClosedByInterruptException
Event: 109.277 Loading class java/nio/channels/AsynchronousCloseException
Event: 109.294 Loading class java/nio/channels/ClosedChannelException
Event: 109.302 Loading class java/nio/channels/ClosedChannelException done
Event: 109.302 Loading class java/nio/channels/AsynchronousCloseException done
Event: 109.302 Loading class java/nio/channels/ClosedByInterruptException done
Event: 110.116 Loading class java/lang/Class$Holder
Event: 110.119 Loading class java/lang/Class$Holder done
Event: 110.128 Loading class java/security/AllPermissionCollection
Event: 110.130 Loading class java/security/AllPermissionCollection done
Event: 110.687 Loading class java/net/ConnectException
Event: 110.694 Loading class java/net/ConnectException done
Event: 110.698 Loading class sun/net/util/SocketExceptions
Event: 110.711 Loading class sun/net/util/SocketExceptions done

Classes unloaded (0 events):
No events

Classes redefined (0 events):
No events

Internal exceptions (20 events):
Event: 2.919 Thread 0x000001c8cb475600 Exception <a 'java/lang/IncompatibleClassChangeError'{0x000000008b5265c0}: Found class java.lang.Object, but interface was expected> (0x000000008b5265c0) 
thrown [s\open\src\hotspot\share\interpreter\linkResolver.cpp, line 840]
Event: 2.951 Thread 0x000001c8cb475600 Exception <a 'java/lang/NoSuchMethodError'{0x000000008b4bfe00}: 'void java.lang.invoke.DirectMethodHandle$Holder.invokeVirtual(java.lang.Object, java.lang.Object, long)'> (0x000000008b4bfe00) 
thrown [s\open\src\hotspot\share\interpreter\linkResolver.cpp, line 773]
Event: 3.001 Thread 0x000001c8cb475600 Exception <a 'java/lang/NoSuchMethodError'{0x0000000087624e60}: 'int java.lang.invoke.DirectMethodHandle$Holder.invokeStaticInit(java.lang.Object, java.lang.Object, java.lang.Object, java.lang.Object)'> (0x0000000087624e60) 
thrown [s\open\src\hotspot\share\interpreter\linkResolver.cpp, line 773]
Event: 3.013 Thread 0x000001c8cb475600 Exception <a 'java/lang/NoSuchMethodError'{0x00000000876cec28}: 'java.lang.Object java.lang.invoke.DirectMethodHandle$Holder.invokeVirtual(java.lang.Object, java.lang.Object, java.lang.Object, java.lang.Object, java.lang.Object, java.lang.Object, java.lang.Object, java.lang.Object, java.lang.Object)'> (0x00000000876cec28) 
thrown [s\open\src\hotspot\share\interpreter\linkResolver.cpp, line 773]
Event: 3.036 Thread 0x000001c8cb475600 Exception <a 'java/lang/NoSuchMethodError'{0x000000008744a028}: 'java.lang.Object java.lang.invoke.DirectMethodHandle$Holder.invokeVirtual(java.lang.Object, java.lang.Object, java.lang.Object, java.lang.Object, java.lang.Object, java.lang.Object, java.lang.Object, java.lang.Object, java.lang.Object, java.lang.Object)'> (0x000000008744a028) 
thrown [s\open\src\hotspot\share\interpreter\linkResolver.cpp, line 773]
Event: 3.096 Thread 0x000001c8cb475600 Exception <a 'java/lang/NoSuchMethodError'{0x000000008708c1e0}: 'java.lang.Object java.lang.invoke.DirectMethodHandle$Holder.newInvokeSpecial(java.lang.Object, java.lang.Object, int, java.lang.Object, java.lang.Object)'> (0x000000008708c1e0) 
thrown [s\open\src\hotspot\share\interpreter\linkResolver.cpp, line 773]
Event: 62.315 Thread 0x000001c8cc72d010 Exception <a 'java/lang/NoSuchMethodError'{0x0000000086b2f818}: 'java.lang.Object java.lang.invoke.DirectMethodHandle$Holder.newInvokeSpecial(java.lang.Object, java.lang.Object, long)'> (0x0000000086b2f818) 
thrown [s\open\src\hotspot\share\interpreter\linkResolver.cpp, line 773]
Event: 62.316 Thread 0x000001c8cc72d010 Exception <a 'java/lang/NoSuchMethodError'{0x0000000086b32e30}: 'java.lang.Object java.lang.invoke.Invokers$Holder.linkToTargetMethod(java.lang.Object, long, java.lang.Object)'> (0x0000000086b32e30) 
thrown [s\open\src\hotspot\share\interpreter\linkResolver.cpp, line 773]
Event: 108.020 Thread 0x000001c8cc7366a0 Exception <a 'sun/net/ConnectionResetException'{0x0000000086bce3c8}: Connection reset> (0x0000000086bce3c8) 
thrown [s\open\src\hotspot\share\prims\jni.cpp, line 539]
Event: 110.505 Thread 0x000001c8cc7366a0 Exception <a 'java/lang/NoSuchMethodError'{0x0000000086a8f330}: 'void java.lang.invoke.DirectMethodHandle$Holder.invokeInterface(java.lang.Object, java.lang.Object)'> (0x0000000086a8f330) 
thrown [s\open\src\hotspot\share\interpreter\linkResolver.cpp, line 773]
Event: 110.695 Thread 0x000001c8cc7366a0 Exception <a 'java/net/ConnectException'{0x0000000086a955d8}: Connection refused: getsockopt> (0x0000000086a955d8) 
thrown [s\open\src\hotspot\share\prims\jni.cpp, line 539]
Event: 114.505 Thread 0x000001c8cc745470 Exception <a 'java/io/IOException'{0x0000000086bf5fc8}: Connection reset by peer> (0x0000000086bf5fc8) 
thrown [s\open\src\hotspot\share\prims\jni.cpp, line 539]
Event: 120.793 Thread 0x000001c8cc7366a0 Exception <a 'java/net/ConnectException'{0x0000000086aaacc0}: Connection refused: getsockopt> (0x0000000086aaacc0) 
thrown [s\open\src\hotspot\share\prims\jni.cpp, line 539]
Event: 124.544 Thread 0x000001c8cc745470 Exception <a 'java/net/ConnectException'{0x0000000086bf7cd8}: Connection refused: getsockopt> (0x0000000086bf7cd8) 
thrown [s\open\src\hotspot\share\prims\jni.cpp, line 539]
Event: 130.799 Thread 0x000001c8cc7366a0 Exception <a 'java/net/ConnectException'{0x0000000086aac3d8}: Connection refused: getsockopt> (0x0000000086aac3d8) 
thrown [s\open\src\hotspot\share\prims\jni.cpp, line 539]
Event: 134.555 Thread 0x000001c8cc745470 Exception <a 'java/net/ConnectException'{0x000000008694d1f8}: Connection refused: getsockopt> (0x000000008694d1f8) 
thrown [s\open\src\hotspot\share\prims\jni.cpp, line 539]
Event: 140.815 Thread 0x000001c8cc7366a0 Exception <a 'java/net/ConnectException'{0x0000000086aadd08}: Connection refused: getsockopt> (0x0000000086aadd08) 
thrown [s\open\src\hotspot\share\prims\jni.cpp, line 539]
Event: 144.567 Thread 0x000001c8cc745470 Exception <a 'java/net/ConnectException'{0x000000008694e458}: Connection refused: getsockopt> (0x000000008694e458) 
thrown [s\open\src\hotspot\share\prims\jni.cpp, line 539]
Event: 150.841 Thread 0x000001c8cc7366a0 Exception <a 'java/net/ConnectException'{0x0000000086aaf420}: Connection refused: getsockopt> (0x0000000086aaf420) 
thrown [s\open\src\hotspot\share\prims\jni.cpp, line 539]
Event: 154.574 Thread 0x000001c8cc745470 Exception <a 'java/net/ConnectException'{0x000000008694f6b8}: Connection refused: getsockopt> (0x000000008694f6b8) 
thrown [s\open\src\hotspot\share\prims\jni.cpp, line 539]

ZGC Phase Switch (0 events):
No events

VM Operations (20 events):
Event: 56.605 Executing VM operation: Cleanup done
Event: 60.043 Executing VM operation: HandshakeAllThreads (HandshakeForDeflation)
Event: 60.043 Executing VM operation: HandshakeAllThreads (HandshakeForDeflation) done
Event: 60.043 Executing VM operation: RendezvousGCThreads
Event: 60.043 Executing VM operation: RendezvousGCThreads done
Event: 63.077 Executing VM operation: Cleanup
Event: 63.077 Executing VM operation: Cleanup done
Event: 73.157 Executing VM operation: Cleanup
Event: 73.182 Executing VM operation: Cleanup done
Event: 83.302 Executing VM operation: Cleanup
Event: 83.923 Executing VM operation: Cleanup done
Event: 84.936 Executing VM operation: Cleanup
Event: 85.312 Executing VM operation: Cleanup done
Event: 93.416 Executing VM operation: Cleanup
Event: 93.746 Executing VM operation: Cleanup done
Event: 104.860 Executing VM operation: Cleanup
Event: 104.861 Executing VM operation: Cleanup done
Event: 110.913 Executing VM operation: Cleanup
Event: 110.914 Executing VM operation: Cleanup done
Event: 159.504 Executing VM operation: G1CollectForAllocation (G1 Evacuation Pause)

Events (20 events):
Event: 3.101 Thread 0x000001c8cc7ef5c0 Thread added: 0x000001c8cc7ef5c0
Event: 3.101 Thread 0x000001c8cc7ee8a0 Thread added: 0x000001c8cc7ee8a0
Event: 3.101 Thread 0x000001c8cc7efc50 Thread added: 0x000001c8cc7efc50
Event: 3.102 Thread 0x000001c8cc7f02e0 Thread added: 0x000001c8cc7f02e0
Event: 3.102 Thread 0x000001c8cc7ece60 Thread added: 0x000001c8cc7ece60
Event: 3.102 Thread 0x000001c8cc7ed4f0 Thread added: 0x000001c8cc7ed4f0
Event: 3.102 Thread 0x000001c8ccee1fe0 Thread added: 0x000001c8ccee1fe0
Event: 3.102 Thread 0x000001c8ccee3390 Thread added: 0x000001c8ccee3390
Event: 3.102 Thread 0x000001c8ccee2670 Thread added: 0x000001c8ccee2670
Event: 3.108 Thread 0x000001c8ccee3a20 Thread added: 0x000001c8ccee3a20
Event: 3.108 Thread 0x000001c8ccee2d00 Thread added: 0x000001c8ccee2d00
Event: 3.118 Thread 0x000001c8cb475600 Thread exited: 0x000001c8cb475600
Event: 3.119 Thread 0x000001c8cb466720 Thread exited: 0x000001c8cb466720
Event: 3.120 Thread 0x000001c8f237a640 Thread exited: 0x000001c8f237a640
Event: 3.120 Thread 0x000001c8ccee12c0 Thread added: 0x000001c8ccee12c0
Event: 7.782 Thread 0x000001c8cba8e6f0 Thread exited: 0x000001c8cba8e6f0
Event: 7.782 Thread 0x000001c8cbb527a0 Thread exited: 0x000001c8cbb527a0
Event: 8.185 Thread 0x000001c8cb1966e0 Thread exited: 0x000001c8cb1966e0
Event: 11.256 Thread 0x000001c885bfc0e0 Thread exited: 0x000001c885bfc0e0
Event: 22.491 Thread 0x000001c885b01bd0 Thread exited: 0x000001c885b01bd0


Dynamic libraries:
0x00007ff796120000 - 0x00007ff796130000 	C:\Program Files\Java\jdk-21\bin\java.exe
0x00007ff89d1a0000 - 0x00007ff89d407000 	C:\WINDOWS\SYSTEM32\ntdll.dll
0x00007ff89c310000 - 0x00007ff89c3d9000 	C:\WINDOWS\System32\KERNEL32.DLL
0x00007ff899a70000 - 0x00007ff899e64000 	C:\WINDOWS\System32\KERNELBASE.dll
0x00007ff89a570000 - 0x00007ff89a6bb000 	C:\WINDOWS\System32\ucrtbase.dll
0x00007ffffb390000 - 0x00007ffffb3a9000 	C:\Program Files\Java\jdk-21\bin\jli.dll
0x00007ff89af40000 - 0x00007ff89aff6000 	C:\WINDOWS\System32\ADVAPI32.dll
0x00007ff800000000 - 0x00007ff80001b000 	C:\Program Files\Java\jdk-21\bin\VCRUNTIME140.dll
0x00007ff89b060000 - 0x00007ff89b109000 	C:\WINDOWS\System32\msvcrt.dll
0x00007ff89c870000 - 0x00007ff89c917000 	C:\WINDOWS\System32\sechost.dll
0x00007ff89cc90000 - 0x00007ff89cda8000 	C:\WINDOWS\System32\RPCRT4.dll
0x00007ff89c060000 - 0x00007ff89c225000 	C:\WINDOWS\System32\USER32.dll
0x00007ff899f20000 - 0x00007ff899f47000 	C:\WINDOWS\System32\win32u.dll
0x00007ff882e20000 - 0x00007ff8830b3000 	C:\WINDOWS\WinSxS\amd64_microsoft.windows.common-controls_6595b64144ccf1df_6.0.26100.8115_none_3e075c82e3354f9c\COMCTL32.dll
0x00007ff89cf80000 - 0x00007ff89cfab000 	C:\WINDOWS\System32\GDI32.dll
0x00007ff89a010000 - 0x00007ff89a13b000 	C:\WINDOWS\System32\gdi32full.dll
0x00007ff899e70000 - 0x00007ff899f13000 	C:\WINDOWS\System32\msvcp_win.dll
0x00007ff884060000 - 0x00007ff88406b000 	C:\WINDOWS\SYSTEM32\VERSION.dll
0x00007ff89cfc0000 - 0x00007ff89cff2000 	C:\WINDOWS\System32\IMM32.DLL
0x00007ff83d9b0000 - 0x00007ff83d9bc000 	C:\Program Files\Java\jdk-21\bin\vcruntime140_1.dll
0x00007ffffb300000 - 0x00007ffffb38e000 	C:\Program Files\Java\jdk-21\bin\msvcp140.dll
0x00007ffffa5e0000 - 0x00007ffffb2fd000 	C:\Program Files\Java\jdk-21\bin\server\jvm.dll
0x00007ff89ceb0000 - 0x00007ff89cf30000 	C:\WINDOWS\System32\WS2_32.dll
0x00007ff8998d0000 - 0x00007ff89992e000 	C:\WINDOWS\SYSTEM32\POWRPROF.dll
0x00007ff88cc00000 - 0x00007ff88cc36000 	C:\WINDOWS\SYSTEM32\WINMM.dll
0x00007ff8998b0000 - 0x00007ff8998c4000 	C:\WINDOWS\SYSTEM32\UMPDC.dll
0x00007ff898800000 - 0x00007ff89881b000 	C:\WINDOWS\SYSTEM32\kernel.appcore.dll
0x00007ff81c450000 - 0x00007ff81c45a000 	C:\Program Files\Java\jdk-21\bin\jimage.dll
0x00007ff897b80000 - 0x00007ff897dc2000 	C:\WINDOWS\SYSTEM32\DBGHELP.DLL
0x00007ff89b480000 - 0x00007ff89b802000 	C:\WINDOWS\System32\combase.dll
0x00007ff89bf80000 - 0x00007ff89c058000 	C:\WINDOWS\System32\OLEAUT32.dll
0x00007ff87dee0000 - 0x00007ff87df1b000 	C:\WINDOWS\SYSTEM32\dbgcore.DLL
0x00007ff89a340000 - 0x00007ff89a3e5000 	C:\WINDOWS\System32\bcryptPrimitives.dll
0x00007ffffa5c0000 - 0x00007ffffa5df000 	C:\Program Files\Java\jdk-21\bin\java.dll
0x00007ff89b810000 - 0x00007ff89bf77000 	C:\WINDOWS\System32\SHELL32.dll
0x00007ff89a1d0000 - 0x00007ff89a33a000 	C:\WINDOWS\System32\wintypes.dll
0x00007ff89a6c0000 - 0x00007ff89af28000 	C:\WINDOWS\System32\windows.storage.dll
0x00007ff89cdb0000 - 0x00007ff89cea8000 	C:\WINDOWS\System32\SHCORE.dll
0x00007ff89c940000 - 0x00007ff89c9a6000 	C:\WINDOWS\System32\shlwapi.dll
0x00007ff899990000 - 0x00007ff8999b9000 	C:\WINDOWS\SYSTEM32\profapi.dll
0x00007ff81ae70000 - 0x00007ff81ae80000 	C:\Program Files\Java\jdk-21\bin\net.dll
0x00007ff890140000 - 0x00007ff89026d000 	C:\WINDOWS\SYSTEM32\WINHTTP.dll
0x00007ff898d70000 - 0x00007ff898ddc000 	C:\WINDOWS\system32\mswsock.dll
0x00007ffffa4c0000 - 0x00007ffffa4d6000 	C:\Program Files\Java\jdk-21\bin\nio.dll
0x00007ffffa4a0000 - 0x00007ffffa4b8000 	C:\Program Files\Java\jdk-21\bin\zip.dll
0x00007ff834c20000 - 0x00007ff834c2a000 	C:\Program Files\Java\jdk-21\bin\management.dll
0x00007ff80d930000 - 0x00007ff80d93b000 	C:\Program Files\Java\jdk-21\bin\management_ext.dll
0x00007ff89af30000 - 0x00007ff89af38000 	C:\WINDOWS\System32\PSAPI.DLL
0x00007ff885520000 - 0x00007ff88552e000 	C:\Program Files\Java\jdk-21\bin\sunmscapi.dll
0x00007ff89a3f0000 - 0x00007ff89a567000 	C:\WINDOWS\System32\CRYPT32.dll
0x00007ff899270000 - 0x00007ff8992a0000 	C:\WINDOWS\SYSTEM32\ncrypt.dll
0x00007ff899220000 - 0x00007ff89925f000 	C:\WINDOWS\SYSTEM32\NTASN1.dll
0x00007ff899050000 - 0x00007ff89906b000 	C:\WINDOWS\SYSTEM32\CRYPTSP.dll
0x00007ff898760000 - 0x00007ff898799000 	C:\WINDOWS\system32\rsaenh.dll
0x00007ff898e20000 - 0x00007ff898e53000 	C:\WINDOWS\SYSTEM32\USERENV.dll
0x00007ff899960000 - 0x00007ff89998a000 	C:\WINDOWS\SYSTEM32\bcrypt.dll
0x00007ff899070000 - 0x00007ff89907c000 	C:\WINDOWS\SYSTEM32\CRYPTBASE.dll
0x00007ff8982b0000 - 0x00007ff8982e2000 	C:\WINDOWS\SYSTEM32\IPHLPAPI.DLL
0x00007ff89cfb0000 - 0x00007ff89cfba000 	C:\WINDOWS\System32\NSI.dll
0x00007ff898390000 - 0x00007ff8984c2000 	C:\WINDOWS\SYSTEM32\DNSAPI.dll
0x00007ff88f7e0000 - 0x00007ff88f7eb000 	C:\Windows\System32\rasadhlp.dll
0x00007ff8914a0000 - 0x00007ff891526000 	C:\WINDOWS\System32\fwpuclnt.dll
0x00007ff885530000 - 0x00007ff885539000 	C:\Program Files\Java\jdk-21\bin\extnet.dll
0x00007ff86dfa0000 - 0x00007ff86dfa8000 	C:\WINDOWS\system32\wshunix.dll

dbghelp: loaded successfully - version: 4.0.5 - missing functions: none
symbol engine: initialized successfully - sym options: 0x614 - pdb path: .;C:\Program Files\Java\jdk-21\bin;C:\WINDOWS\SYSTEM32;C:\WINDOWS\WinSxS\amd64_microsoft.windows.common-controls_6595b64144ccf1df_6.0.26100.8115_none_3e075c82e3354f9c;C:\Program Files\Java\jdk-21\bin\server

VM Arguments:
jvm_args: -XX:TieredStopAtLevel=1 
java_command: com.bridgelabz.recordservice.RecordServiceApplication
java_class_path (initial): C:\Users\Asus\OneDrive\Desktop\Appointment-Booking-System\backend\record-service\target\classes;C:\Users\Asus\.m2\repository\ch\qos\logback\logback-classic\1.5.11\logback-classic-1.5.11.jar;C:\Users\Asus\.m2\repository\ch\qos\logback\logback-core\1.5.11\logback-core-1.5.11.jar;C:\Users\Asus\.m2\repository\org\apache\logging\log4j\log4j-to-slf4j\2.23.1\log4j-to-slf4j-2.23.1.jar;C:\Users\Asus\.m2\repository\org\apache\logging\log4j\log4j-api\2.23.1\log4j-api-2.23.1.jar;C:\Users\Asus\.m2\repository\org\slf4j\jul-to-slf4j\2.0.16\jul-to-slf4j-2.0.16.jar;C:\Users\Asus\.m2\repository\jakarta\annotation\jakarta.annotation-api\2.1.1\jakarta.annotation-api-2.1.1.jar;C:\Users\Asus\.m2\repository\org\yaml\snakeyaml\2.2\snakeyaml-2.2.jar;C:\Users\Asus\.m2\repository\com\fasterxml\jackson\core\jackson-databind\2.17.2\jackson-databind-2.17.2.jar;C:\Users\Asus\.m2\repository\com\fasterxml\jackson\core\jackson-annotations\2.17.2\jackson-annotations-2.17.2.jar;C:\Users\Asus\.m2\repository\com\fasterxml\jackson\core\jackson-core\2.17.2\jackson-core-2.17.2.jar;C:\Users\Asus\.m2\repository\com\fasterxml\jackson\datatype\jackson-datatype-jdk8\2.17.2\jackson-datatype-jdk8-2.17.2.jar;C:\Users\Asus\.m2\repository\com\fasterxml\jackson\datatype\jackson-datatype-jsr310\2.17.2\jackson-datatype-jsr310-2.17.2.jar;C:\Users\Asus\.m2\repository\com\fasterxml\jackson\module\jackson-module-parameter-names\2.17.2\jackson-module-parameter-names-2.17.2.jar;C:\Users\Asus\.m2\repository\org\apache\tomcat\embed\tomcat-embed-core\10.1.31\tomcat-embed-core-10.1.31.jar;C:\Users\Asus\.m2\repository\org\apache\tomcat\embed\tomcat-embed-websocket\10.1.31\tomcat-embed-websocket-10.1.31.jar;C:\Users\Asus\.m2\repository\org\springframework\spring-web\6.1.14\spring-web-6.1.14.jar;C:\Users\Asus\.m2\repository\org\springframework\spring-beans\6.1.14\spring-beans-6.1.14.jar;C:\Users\Asus\.m2\repository\io\micrometer\micrometer-observation\1.13.6\micrometer-observation-1.13.6.jar;C:\Users\Asus\.m2\repository\io\micrometer\micrometer-commons\1.13.6\micrometer-commons-1.13.6.jar;C:\Users\Asus\.m2\repository\org\springframework\spring-webmvc\6.1.14\spring-webmvc-6.1.14.jar;C:\Users\Asus\.m2\repository\org\springframework\spring-aop\6.1.14\spring-aop-6.1.14.jar;C:\Users\Asus\.m2\repository\org\springframework\spring-context\6.1.14\spring-context-6.1.14.jar;C:\Users\Asus\.m2\repository\org\springframework\spring-expression\6.1.14\spring-expression-6.1.14.jar;C:\Users\Asus\.m2\repository\org\mongodb\mongodb-driver-sync\5.0.1\mongodb-driver-sync-5.0.1.jar;C:\Users\Asus\.m2\repository\org\mongodb\bson\5.0.1\bson-5.0.1.jar;C:\Users\Asus\.m2\repository\org\mongodb\mongodb-driver-core\5.0.1\mongodb-driver-core-5.0.1.jar;C:\Users\Asus\.m2\repository\org\mongodb\bson-record-codec\5.0.1\bson-record-codec-5.0.1.jar;C:\Users\Asus\.m2\repository\org\springframework\data\spring-data-mongodb\4.3.5\spring-data-mongodb-4.3.5.jar;C:\Users\Asus\.m2\repository\org\springframework\spring-tx\6.1.14\spring-tx-6.1.14.jar;C:\Users\Asus\.m2\repository\org\springframework\data\spring-data-commons\3.3.5\spring-data-commons-3.3.5.jar;C:\Users\Asus\.m2\repository\org\slf4j\slf4j-api\2.0.16\slf4j-api-2.0.16.jar;C:\Users\Asus\.m2\repository\org\apache\tomcat\embed\tomcat-embed-el\10.1.31\tomcat-embed-el-10.1.31.jar;C:\Users\Asus\.m2\repository\org\hibernate\validator\hibernate-validator\8.0.1.Final\hibernate-validator-8.0.1.Final.jar;C:\Users\Asus\.m2\repository\jakarta\validation\jakarta.validation-api\3.0.2\jakarta.validation-api-3.0.2.jar;C:\Users\Asus\.m2\repository\org\jboss\logging\jboss-logging\3.5.3.Final\jboss-logging-3.5.3.Final.jar;C:\Users\Asus\.m2\repository\com\fasterxml\classmate\1.7.0\classmate-1.7.0.jar;C:\Users\Asus\.m2\repository\org\projectlombok\lombok\1.18.34\lombok-1.18.34.jar;C:\Users\Asus\.m2\repository\org\springdoc\springdoc-openapi-starter-webmvc-ui\2.6.0\springdoc-openapi-starter-webmvc-ui-2.6.0.jar;C:\Users\Asus\.m2\repository\org\springdoc\springdoc-openapi-starter-webmvc-api\2.6.0\springdoc-openapi-starter-webmvc-api-2.6.0.jar;C:\Users\Asus\.m2\repository\org\springdoc\springdoc-openapi-starter-common\2.6.0\springdoc-openapi-starter-common-2.6.0.jar;C:\Users\Asus\.m2\repository\io\swagger\core\v3\swagger-core-jakarta\2.2.22\swagger-core-jakarta-2.2.22.jar;C:\Users\Asus\.m2\repository\org\apache\commons\commons-lang3\3.14.0\commons-lang3-3.14.0.jar;C:\Users\Asus\.m2\repository\io\swagger\core\v3\swagger-annotations-jakarta\2.2.22\swagger-annotations-jakarta-2.2.22.jar;C:\Users\Asus\.m2\repository\io\swagger\core\v3\swagger-models-jakarta\2.2.22\swagger-models-jakarta-2.2.22.jar;C:\Users\Asus\.m2\repository\com\fasterxml\jackson\dataformat\jackson-dataformat-yaml\2.17.2\jackson-dataformat-yaml-2.17.2.jar;C:\Users\Asus\.m2\repository\org\webjars\swagger-ui\5.17.14\swagger-ui-5.17.14.jar;C:\Users\Asus\.m2\repository\org\springframework\boot\spring-boot-devtools\3.3.5\spring-boot-devtools-3.3.5.jar;C:\Users\Asus\.m2\repository\org\springframework\boot\spring-boot\3.3.5\spring-boot-3.3.5.jar;C:\Users\Asus\.m2\repository\org\springframework\boot\spring-boot-autoconfigure\3.3.5\spring-boot-autoconfigure-3.3.5.jar;C:\Users\Asus\.m2\repository\jakarta\xml\bind\jakarta.xml.bind-api\4.0.2\jakarta.xml.bind-api-4.0.2.jar;C:\Users\Asus\.m2\repository\jakarta\activation\jakarta.activation-api\2.1.3\jakarta.activation-api-2.1.3.jar;C:\Users\Asus\.m2\repository\org\springframework\spring-core\6.1.14\spring-core-6.1.14.jar;C:\Users\Asus\.m2\repository\org\springframework\spring-jcl\6.1.14\spring-jcl-6.1.14.jar
Launcher Type: SUN_STANDARD

[Global flags]
     intx CICompilerCount                          = 12                                        {product} {ergonomic}
     uint ConcGCThreads                            = 3                                         {product} {ergonomic}
     uint G1ConcRefinementThreads                  = 13                                        {product} {ergonomic}
   size_t G1HeapRegionSize                         = 1048576                                   {product} {ergonomic}
    uintx GCDrainStackTargetSize                   = 64                                        {product} {ergonomic}
   size_t InitialHeapSize                          = 130023424                                 {product} {ergonomic}
   size_t MarkStackSize                            = 4194304                                   {product} {ergonomic}
   size_t MaxHeapSize                              = 2067791872                                {product} {ergonomic}
   size_t MaxNewSize                               = 1240465408                                {product} {ergonomic}
   size_t MinHeapDeltaBytes                        = 1048576                                   {product} {ergonomic}
   size_t MinHeapSize                              = 8388608                                   {product} {ergonomic}
    uintx NonNMethodCodeHeapSize                   = 4096                                   {pd product} {ergonomic}
    uintx NonProfiledCodeHeapSize                  = 0                                      {pd product} {ergonomic}
     bool ProfileInterpreter                       = false                                  {pd product} {command line}
    uintx ProfiledCodeHeapSize                     = 0                                      {pd product} {ergonomic}
   size_t SoftMaxHeapSize                          = 2067791872                             {manageable} {ergonomic}
     intx TieredStopAtLevel                        = 1                                         {product} {command line}
     bool UseCompressedOops                        = true                           {product lp64_product} {ergonomic}
     bool UseG1GC                                  = true                                      {product} {ergonomic}
     bool UseLargePagesIndividualAllocation        = false                                  {pd product} {ergonomic}

Logging:
Log output configuration:
 #0: stdout all=warning uptime,level,tags foldmultilines=false
 #1: stderr all=off uptime,level,tags foldmultilines=false

Environment Variables:
JAVA_HOME=C:\Program Files\Java\jdk-21
PATH=C:\Python314\Scripts\;C:\Python314\;C:\Python312\Scripts\;C:\Python312\;C:\WINDOWS\system32;C:\WINDOWS;C:\WINDOWS\System32\Wbem;C:\WINDOWS\System32\WindowsPowerShell\v1.0\;C:\WINDOWS\System32\OpenSSH\;C:\Program Files\Java\jdk-21\bin;C:\ProgramData\chocolatey\bin;C:\Program Files\Git\cmd;C:\Program Files\Cloudflare\Cloudflare WARP\;C:\Program Files\Java\jdk-21\bin;C:\apache-maven-3.9.14\bin;C:\Program Files\nodejs\;C:\Program Files\MySQL\MySQL Shell 8.0\bin\;C:\Users\Asus\AppData\Local\Microsoft\WindowsApps;C:\Program Files\IntelliJ IDEA Community Edition 2023.2.1\bin;C:\Users\Asus\AppData\Local\Programs\Microsoft VS Code\bin;C:\Users\Asus\AppData\Local\JetBrains\Toolbox\scripts;C:\Users\Asus\AppData\Local\GitHubDesktop\bin;C:\Users\Asus\AppData\Local\Microsoft\WindowsApps;C:\Program Files\MySQL\MySQL Server 8.0\bin;C:\Program Files\JetBrains\IntelliJ IDEA 2024.2.6\bin;;C:\Users\Asus\AppData\Local\Programs\Antigravity\bin;C:\Users\Asus\AppData\Local\Programs\cursor\resources\app\bin;C:\Users\Asus\AppData\Roaming\npm
USERNAME=Asus
OS=Windows_NT
PROCESSOR_IDENTIFIER=Intel64 Family 6 Model 154 Stepping 3, GenuineIntel
TMP=C:\Users\Asus\AppData\Local\Temp
TEMP=C:\Users\Asus\AppData\Local\Temp




Periodic native trim disabled

---------------  S Y S T E M  ---------------

OS:
 Windows 11 , 64 bit Build 26100 (10.0.26100.8246)
OS uptime: 0 days 0:10 hours

CPU: total 16 (initial active 16) (8 cores per cpu, 2 threads per core) family 6 model 154 stepping 3 microcode 0x418, cx8, cmov, fxsr, ht, mmx, 3dnowpref, sse, sse2, sse3, ssse3, sse4.1, sse4.2, popcnt, lzcnt, tsc, tscinvbit, avx, avx2, aes, erms, clmul, bmi1, bmi2, adx, sha, fma, vzeroupper, clflush, clflushopt, clwb, serialize, rdtscp, rdpid, fsrm, f16c, pku, cet_ibt, cet_ss
Processor Information for processor 0
  Max Mhz: 1700, Current Mhz: 1700, Mhz Limit: 1700
Processor Information for processor 1
  Max Mhz: 1700, Current Mhz: 1700, Mhz Limit: 1700
Processor Information for processor 2
  Max Mhz: 1700, Current Mhz: 1700, Mhz Limit: 1700
Processor Information for processor 3
  Max Mhz: 1700, Current Mhz: 1700, Mhz Limit: 1700
Processor Information for processor 4
  Max Mhz: 1700, Current Mhz: 1700, Mhz Limit: 1700
Processor Information for processor 5
  Max Mhz: 1700, Current Mhz: 1700, Mhz Limit: 1700
Processor Information for processor 6
  Max Mhz: 1700, Current Mhz: 1700, Mhz Limit: 1700
Processor Information for processor 7
  Max Mhz: 1700, Current Mhz: 1700, Mhz Limit: 1700
Processor Information for processor 8
  Max Mhz: 1700, Current Mhz: 1200, Mhz Limit: 1190
Processor Information for processor 9
  Max Mhz: 1700, Current Mhz: 1200, Mhz Limit: 1190
Processor Information for processor 10
  Max Mhz: 1700, Current Mhz: 1200, Mhz Limit: 1190
Processor Information for processor 11
  Max Mhz: 1700, Current Mhz: 1200, Mhz Limit: 1190
Processor Information for processor 12
  Max Mhz: 1700, Current Mhz: 1200, Mhz Limit: 1190
Processor Information for processor 13
  Max Mhz: 1700, Current Mhz: 1200, Mhz Limit: 1190
Processor Information for processor 14
  Max Mhz: 1700, Current Mhz: 1200, Mhz Limit: 1190
Processor Information for processor 15
  Max Mhz: 1700, Current Mhz: 1200, Mhz Limit: 1190

Memory: 4k page, system-wide physical 7885M (813M free)
TotalPageFile size 26635M (AvailPageFile size 0M)
current process WorkingSet (physical memory assigned to process): 46M, peak: 165M
current process commit charge ("private bytes"): 213M, peak: 244M

vm_info: Java HotSpot(TM) 64-Bit Server VM (21.0.9+7-LTS-338) for windows-amd64 JRE (21.0.9+7-LTS-338), built on 2025-09-26T06:33:49Z by "mach5run" with MS VC++ 17.6 (VS2022)

END.
