#
# There is insufficient memory for the Java Runtime Environment to continue.
# Native memory allocation (mmap) failed to map 1048576 bytes for G1 virtual space
# Possible reasons:
#   The system is out of physical RAM or swap space
#   The process is running with CompressedOops enabled, and the Java Heap may be blocking the growth of the native heap
# Possible solutions:
#   Reduce memory load on the system
#   Increase physical memory or swap space
#   Check if swap backing store is full
#   Decrease Java heap size (-Xmx/-Xms)
#   Decrease number of Java threads
#   Decrease Java thread stack sizes (-Xss)
#   Set larger code cache with -XX:ReservedCodeCacheSize=
#   JVM is running with Unscaled Compressed Oops mode in which the Java heap is
#     placed in the first 4GB address space. The Java Heap base address is the
#     maximum limit for the native heap growth. Please use -XX:HeapBaseMinAddress
#     to set the Java Heap base and to place the Java Heap above 4GB virtual address.
# This output file may be truncated or incomplete.
#
#  Out of Memory Error (os_windows.cpp:3603), pid=21600, tid=16464
#
# JRE version: Java(TM) SE Runtime Environment (21.0.9+7) (build 21.0.9+7-LTS-338)
# Java VM: Java HotSpot(TM) 64-Bit Server VM (21.0.9+7-LTS-338, mixed mode, emulated-client, sharing, tiered, compressed oops, compressed class ptrs, g1 gc, windows-amd64)
# No core dump will be written. Minidumps are not enabled by default on client versions of Windows
#

---------------  S U M M A R Y ------------

Command Line: -XX:TieredStopAtLevel=1 com.bridgelabz.authservice.AuthServiceApplication

Host: 12th Gen Intel(R) Core(TM) i5-1240P, 16 cores, 7G,  Windows 11 , 64 bit Build 26100 (10.0.26100.8246)
Time: Wed Apr 29 00:42:04 2026 India Standard Time elapsed time: 29.776801 seconds (0d 0h 0m 29s)

---------------  T H R E A D  ---------------

Current thread (0x0000025a4bdfa670):  WorkerThread "GC Thread#8"    [id=16464, stack(0x0000006d9c600000,0x0000006d9c700000) (1024K)]

Stack: [0x0000006d9c600000,0x0000006d9c700000]
Native frames: (J=compiled Java code, j=interpreted, Vv=VM code, C=native code)
V  [jvm.dll+0x6cbf89]
V  [jvm.dll+0x858421]
V  [jvm.dll+0x85a94e]
V  [jvm.dll+0x85b023]
V  [jvm.dll+0x27ebc6]
V  [jvm.dll+0x6c8705]
V  [jvm.dll+0x6bd26a]
V  [jvm.dll+0x354a0a]
V  [jvm.dll+0x35c686]
V  [jvm.dll+0x3af49b]
V  [jvm.dll+0x3afb34]
V  [jvm.dll+0x3afbfd]
V  [jvm.dll+0x32a34c]
V  [jvm.dll+0x32a0a5]
V  [jvm.dll+0x318fa6]
V  [jvm.dll+0x319dda]
V  [jvm.dll+0x31a258]
V  [jvm.dll+0x319c41]
V  [jvm.dll+0x356896]
V  [jvm.dll+0x356c03]
V  [jvm.dll+0x365148]
V  [jvm.dll+0x39f1ad]
V  [jvm.dll+0x3eea21]
V  [jvm.dll+0x802994]
V  [jvm.dll+0x80c2c1]
V  [jvm.dll+0x36574a]
V  [jvm.dll+0x3655da]
V  [jvm.dll+0x36db64]
V  [jvm.dll+0x36dcdb]
V  [jvm.dll+0x886237]
V  [jvm.dll+0x80265b]
V  [jvm.dll+0x6ca66d]
C  [ucrtbase.dll+0x37b0]
C  [KERNEL32.DLL+0x2e8d7]
C  [ntdll.dll+0x8c3fc]

JavaThread 0x0000025a728b9c70 (nid = 16336) was being processed
Java frames: (J=compiled Java code, j=interpreted, Vv=VM code)
v  ~RuntimeStub::new_type_array Runtime1 stub 0x0000025a7d05a871
J 852 c1 jdk.internal.loader.Resource.getBytes()[B java.base@21.0.9 (244 bytes) @ 0x0000025a7d24a81c [0x0000025a7d249dc0+0x0000000000000a5c]
J 875 c1 jdk.internal.loader.URLClassPath$JarLoader$2.getBytes()[B java.base@21.0.9 (48 bytes) @ 0x0000025a7d2545b4 [0x0000025a7d254560+0x0000000000000054]
J 846 c1 jdk.internal.loader.BuiltinClassLoader.defineClass(Ljava/lang/String;Ljdk/internal/loader/Resource;)Ljava/lang/Class; java.base@21.0.9 (121 bytes) @ 0x0000025a7d248904 [0x0000025a7d2484c0+0x0000000000000444]
J 828 c1 jdk.internal.loader.BuiltinClassLoader.findClassOnClassPathOrNull(Ljava/lang/String;)Ljava/lang/Class; java.base@21.0.9 (64 bytes) @ 0x0000025a7d242cb4 [0x0000025a7d2429e0+0x00000000000002d4]
J 448 c1 jdk.internal.loader.BuiltinClassLoader.loadClassOrNull(Ljava/lang/String;Z)Ljava/lang/Class; java.base@21.0.9 (143 bytes) @ 0x0000025a7d1a2e7c [0x0000025a7d1a2a80+0x00000000000003fc]
J 703 c1 jdk.internal.loader.ClassLoaders$AppClassLoader.loadClass(Ljava/lang/String;Z)Ljava/lang/Class; java.base@21.0.9 (40 bytes) @ 0x0000025a7d207d8c [0x0000025a7d207d40+0x000000000000004c]
J 702 c1 java.lang.ClassLoader.loadClass(Ljava/lang/String;)Ljava/lang/Class; java.base@21.0.9 (7 bytes) @ 0x0000025a7d207a14 [0x0000025a7d2079c0+0x0000000000000054]
v  ~StubRoutines::call_stub 0x0000025a7cf5100d
j  org.apache.coyote.ProtocolHandler.create(Ljava/lang/String;)Lorg/apache/coyote/ProtocolHandler;+25
j  org.apache.catalina.connector.Connector.<init>(Ljava/lang/String;)V+144
j  org.springframework.boot.web.embedded.tomcat.TomcatServletWebServerFactory.getWebServer([Lorg/springframework/boot/web/servlet/ServletContextInitializer;)Lorg/springframework/boot/web/server/WebServer;+102
j  org.springframework.boot.web.servlet.context.ServletWebServerApplicationContext.createWebServer()V+67
j  org.springframework.boot.web.servlet.context.ServletWebServerApplicationContext.onRefresh()V+5
j  org.springframework.context.support.AbstractApplicationContext.refresh()V+85
j  org.springframework.boot.web.servlet.context.ServletWebServerApplicationContext.refresh()V+1
j  org.springframework.boot.SpringApplication.refresh(Lorg/springframework/context/ConfigurableApplicationContext;)V+1
j  org.springframework.boot.SpringApplication.refreshContext(Lorg/springframework/context/ConfigurableApplicationContext;)V+16
j  org.springframework.boot.SpringApplication.run([Ljava/lang/String;)Lorg/springframework/context/ConfigurableApplicationContext;+110
j  org.springframework.boot.SpringApplication.run([Ljava/lang/Class;[Ljava/lang/String;)Lorg/springframework/context/ConfigurableApplicationContext;+9
j  org.springframework.boot.SpringApplication.run(Ljava/lang/Class;[Ljava/lang/String;)Lorg/springframework/context/ConfigurableApplicationContext;+9
j  com.bridgelabz.authservice.AuthServiceApplication.main([Ljava/lang/String;)V+3
v  ~StubRoutines::call_stub 0x0000025a7cf5100d

---------------  P R O C E S S  ---------------

Threads class SMR info:
_java_thread_list=0x0000025a4c451ff0, length=10, elements={
0x0000025a728b9c70, 0x0000025a05d99f10, 0x0000025a05d9a970, 0x0000025a05d9f3e0,
0x0000025a05da1e50, 0x0000025a05da28b0, 0x0000025a05da3310, 0x0000025a05da3d70,
0x0000025a4b147820, 0x0000025a4b149ea0
}

Java Threads: ( => current thread )
  0x0000025a728b9c70 JavaThread "main"                              [_thread_blocked, id=16336, stack(0x0000006d9ab00000,0x0000006d9ac00000) (1024K)]
  0x0000025a05d99f10 JavaThread "Reference Handler"          daemon [_thread_blocked, id=18172, stack(0x0000006d9b300000,0x0000006d9b400000) (1024K)]
  0x0000025a05d9a970 JavaThread "Finalizer"                  daemon [_thread_blocked, id=20776, stack(0x0000006d9b400000,0x0000006d9b500000) (1024K)]
  0x0000025a05d9f3e0 JavaThread "Signal Dispatcher"          daemon [_thread_blocked, id=26820, stack(0x0000006d9b500000,0x0000006d9b600000) (1024K)]
  0x0000025a05da1e50 JavaThread "Attach Listener"            daemon [_thread_blocked, id=24392, stack(0x0000006d9b600000,0x0000006d9b700000) (1024K)]
  0x0000025a05da28b0 JavaThread "Service Thread"             daemon [_thread_blocked, id=24272, stack(0x0000006d9b700000,0x0000006d9b800000) (1024K)]
  0x0000025a05da3310 JavaThread "Monitor Deflation Thread"   daemon [_thread_blocked, id=22268, stack(0x0000006d9b800000,0x0000006d9b900000) (1024K)]
  0x0000025a05da3d70 JavaThread "C1 CompilerThread0"         daemon [_thread_blocked, id=17852, stack(0x0000006d9b900000,0x0000006d9ba00000) (1024K)]
  0x0000025a4b147820 JavaThread "Notification Thread"        daemon [_thread_blocked, id=31048, stack(0x0000006d9bb00000,0x0000006d9bc00000) (1024K)]
  0x0000025a4b149ea0 JavaThread "Common-Cleaner"             daemon [_thread_blocked, id=24788, stack(0x0000006d9bc00000,0x0000006d9bd00000) (1024K)]
Total: 10

Other Threads:
  0x0000025a05d7e730 VMThread "VM Thread"                           [id=8824, stack(0x0000006d9b200000,0x0000006d9b300000) (1024K)]
  0x0000025a05d6a9f0 WatcherThread "VM Periodic Task Thread"        [id=38328, stack(0x0000006d9b100000,0x0000006d9b200000) (1024K)]
  0x0000025a74b079d0 WorkerThread "GC Thread#0"                     [id=8464, stack(0x0000006d9ac00000,0x0000006d9ad00000) (1024K)]
  0x0000025a4b704930 WorkerThread "GC Thread#1"                     [id=28788, stack(0x0000006d9bd00000,0x0000006d9be00000) (1024K)]
  0x0000025a4b68a440 WorkerThread "GC Thread#2"                     [id=14432, stack(0x0000006d9be00000,0x0000006d9bf00000) (1024K)]
  0x0000025a4b68a7f0 WorkerThread "GC Thread#3"                     [id=23108, stack(0x0000006d9bf00000,0x0000006d9c000000) (1024K)]
  0x0000025a4b68bbd0 WorkerThread "GC Thread#4"                     [id=35732, stack(0x0000006d9c000000,0x0000006d9c100000) (1024K)]
  0x0000025a4b68bf80 WorkerThread "GC Thread#5"                     [id=38792, stack(0x0000006d9c100000,0x0000006d9c200000) (1024K)]
  0x0000025a4bd88300 WorkerThread "GC Thread#6"                     [id=17004, stack(0x0000006d9c400000,0x0000006d9c500000) (1024K)]
  0x0000025a4bdc2f50 WorkerThread "GC Thread#7"                     [id=16448, stack(0x0000006d9c500000,0x0000006d9c600000) (1024K)]
=>0x0000025a4bdfa670 WorkerThread "GC Thread#8"                     [id=16464, stack(0x0000006d9c600000,0x0000006d9c700000) (1024K)]
  0x0000025a4c1fe3a0 WorkerThread "GC Thread#9"                     [id=9036, stack(0x0000006d9c200000,0x0000006d9c300000) (1024K)]
  0x0000025a4c1fdff0 WorkerThread "GC Thread#10"                    [id=7828, stack(0x0000006d9c300000,0x0000006d9c400000) (1024K)]
  0x0000025a4c1ff260 WorkerThread "GC Thread#11"                    [id=22188, stack(0x0000006d9c700000,0x0000006d9c800000) (1024K)]
  0x0000025a4c1feb00 WorkerThread "GC Thread#12"                    [id=9132, stack(0x0000006d9c800000,0x0000006d9c900000) (1024K)]
  0x0000025a74b18dd0 ConcurrentGCThread "G1 Main Marker"            [id=33784, stack(0x0000006d9ad00000,0x0000006d9ae00000) (1024K)]
  0x0000025a74b1b700 WorkerThread "G1 Conc#0"                       [id=25660, stack(0x0000006d9ae00000,0x0000006d9af00000) (1024K)]
  0x0000025a4c1fd890 WorkerThread "G1 Conc#1"                       [id=23580, stack(0x0000006d9c900000,0x0000006d9ca00000) (1024K)]
  0x0000025a4c1fdc40 WorkerThread "G1 Conc#2"                       [id=16220, stack(0x0000006d9ca00000,0x0000006d9cb00000) (1024K)]
  0x0000025a05c2e5c0 ConcurrentGCThread "G1 Refine#0"               [id=33552, stack(0x0000006d9af00000,0x0000006d9b000000) (1024K)]
  0x0000025a05c2edf0 ConcurrentGCThread "G1 Service"                [id=28084, stack(0x0000006d9b000000,0x0000006d9b100000) (1024K)]
Total: 21

Threads with active compile tasks:
Total: 0

VM state: at safepoint (normal execution)

VM Mutex/Monitor currently owned by a thread:  ([mutex/lock_event])
[0x00007ffe9072e8f0] FreeList_lock - owner thread: 0x0000025a4bdfa670
[0x00007ffe90730df0] Threads_lock - owner thread: 0x0000025a05d7e730
[0x00007ffe90730ef0] Heap_lock - owner thread: 0x0000025a728b9c70

Heap address: 0x0000000084c00000, size: 1972 MB, Compressed Oops mode: 32-bit

CDS archive(s) mapped at: [0x0000025a06000000-0x0000025a06c90000-0x0000025a06c90000), size 13172736, SharedBaseAddress: 0x0000025a06000000, ArchiveRelocationMode: 1.
Compressed class space mapped at: 0x0000025a07000000-0x0000025a47000000, reserved size: 1073741824
Narrow klass base: 0x0000025a06000000, Narrow klass shift: 0, Narrow klass range: 0x100000000

GC Precious Log:
 CardTable entry size: 512
 Card Set container configuration: InlinePtr #cards 5 size 8 Array Of Cards #cards 12 size 40 Howl #buckets 4 coarsen threshold 1843 Howl Bitmap #cards 512 size 80 coarsen threshold 460 Card regions per heap region 1 cards per card region 2048
 CPUs: 16 total, 16 available
 Memory: 7885M
 Large Page Support: Disabled
 NUMA Support: Disabled
 Compressed Oops: Enabled (32-bit)
 Heap Region Size: 1M
 Heap Min Capacity: 8M
 Heap Initial Capacity: 124M
 Heap Max Capacity: 1972M
 Pre-touch: Disabled
 Parallel Workers: 13
 Concurrent Workers: 3
 Concurrent Refinement Workers: 13
 Periodic GC: Disabled

Heap:
 garbage-first heap   total 48128K, used 48128K [0x0000000084c00000, 0x0000000100000000)
  region size 1024K, 34 young (34816K), 0 survivors (0K)
 Metaspace       used 26824K, committed 27328K, reserved 1114112K
  class space    used 3746K, committed 3968K, reserved 1048576K

Heap Regions: E=young(eden), S=young(survivor), O=old, HS=humongous(starts), HC=humongous(continues), CS=collection set, F=free, TAMS=top-at-mark-start, PB=parsable bottom
|   0|0x0000000084c00000, 0x0000000084d00000, 0x0000000084d00000|100%| O|  |TAMS 0x0000000084c00000| PB 0x0000000084c00000| Untracked 
|   1|0x0000000084d00000, 0x0000000084e00000, 0x0000000084e00000|100%| O|  |TAMS 0x0000000084d00000| PB 0x0000000084d00000| Untracked 
|   2|0x0000000084e00000, 0x0000000084f00000, 0x0000000084f00000|100%| O|  |TAMS 0x0000000084e00000| PB 0x0000000084e00000| Untracked 
|   3|0x0000000084f00000, 0x0000000085000000, 0x0000000085000000|100%| O|  |TAMS 0x0000000084f00000| PB 0x0000000084f00000| Untracked 
|   4|0x0000000085000000, 0x0000000085100000, 0x0000000085100000|100%| O|  |TAMS 0x0000000085000000| PB 0x0000000085000000| Untracked 
|   5|0x0000000085100000, 0x0000000085200000, 0x0000000085200000|100%| O|  |TAMS 0x0000000085100000| PB 0x0000000085100000| Untracked 
|   6|0x0000000085200000, 0x0000000085300000, 0x0000000085300000|100%| E|CS|TAMS 0x0000000085200000| PB 0x0000000085200000| Complete 
|   7|0x0000000085300000, 0x0000000085400000, 0x0000000085400000|100%| E|CS|TAMS 0x0000000085300000| PB 0x0000000085300000| Complete 
|   8|0x0000000085400000, 0x0000000085500000, 0x0000000085500000|100%| E|CS|TAMS 0x0000000085400000| PB 0x0000000085400000| Complete 
|   9|0x0000000085500000, 0x0000000085600000, 0x0000000085600000|100%| E|CS|TAMS 0x0000000085500000| PB 0x0000000085500000| Complete 
|  10|0x0000000085600000, 0x0000000085700000, 0x0000000085700000|100%| E|CS|TAMS 0x0000000085600000| PB 0x0000000085600000| Complete 
|  11|0x0000000085700000, 0x0000000085800000, 0x0000000085800000|100%| E|CS|TAMS 0x0000000085700000| PB 0x0000000085700000| Complete 
|  12|0x0000000085800000, 0x0000000085900000, 0x0000000085900000|100%| E|CS|TAMS 0x0000000085800000| PB 0x0000000085800000| Complete 
|  13|0x0000000085900000, 0x0000000085a00000, 0x0000000085a00000|100%| E|CS|TAMS 0x0000000085900000| PB 0x0000000085900000| Complete 
|  14|0x0000000085a00000, 0x0000000085b00000, 0x0000000085b00000|100%| E|CS|TAMS 0x0000000085a00000| PB 0x0000000085a00000| Complete 
|  15|0x0000000085b00000, 0x0000000085c00000, 0x0000000085c00000|100%| E|CS|TAMS 0x0000000085b00000| PB 0x0000000085b00000| Complete 
|  16|0x0000000085c00000, 0x0000000085d00000, 0x0000000085d00000|100%| E|CS|TAMS 0x0000000085c00000| PB 0x0000000085c00000| Complete 
|  17|0x0000000085d00000, 0x0000000085e00000, 0x0000000085e00000|100%| E|CS|TAMS 0x0000000085d00000| PB 0x0000000085d00000| Complete 
|  18|0x0000000085e00000, 0x0000000085f00000, 0x0000000085f00000|100%| E|CS|TAMS 0x0000000085e00000| PB 0x0000000085e00000| Complete 
|  19|0x0000000085f00000, 0x0000000086000000, 0x0000000086000000|100%| E|CS|TAMS 0x0000000085f00000| PB 0x0000000085f00000| Complete 
|  20|0x0000000086000000, 0x0000000086100000, 0x0000000086100000|100%| E|CS|TAMS 0x0000000086000000| PB 0x0000000086000000| Complete 
|  21|0x0000000086100000, 0x0000000086200000, 0x0000000086200000|100%| E|CS|TAMS 0x0000000086100000| PB 0x0000000086100000| Complete 
|  22|0x0000000086200000, 0x0000000086300000, 0x0000000086300000|100%| E|CS|TAMS 0x0000000086200000| PB 0x0000000086200000| Complete 
|  23|0x0000000086300000, 0x0000000086400000, 0x0000000086400000|100%| E|CS|TAMS 0x0000000086300000| PB 0x0000000086300000| Complete 
|  24|0x0000000086400000, 0x0000000086500000, 0x0000000086500000|100%| E|CS|TAMS 0x0000000086400000| PB 0x0000000086400000| Complete 
|  25|0x0000000086500000, 0x0000000086600000, 0x0000000086600000|100%| E|CS|TAMS 0x0000000086500000| PB 0x0000000086500000| Complete 
|  26|0x0000000086600000, 0x0000000086700000, 0x0000000086700000|100%| E|CS|TAMS 0x0000000086600000| PB 0x0000000086600000| Complete 
|  27|0x0000000086700000, 0x0000000086800000, 0x0000000086800000|100%| E|CS|TAMS 0x0000000086700000| PB 0x0000000086700000| Complete 
|  28|0x0000000086800000, 0x0000000086900000, 0x0000000086900000|100%| E|CS|TAMS 0x0000000086800000| PB 0x0000000086800000| Complete 
|  29|0x0000000086900000, 0x0000000086a00000, 0x0000000086a00000|100%| E|CS|TAMS 0x0000000086900000| PB 0x0000000086900000| Complete 
|  30|0x0000000086a00000, 0x0000000086b00000, 0x0000000086b00000|100%| E|CS|TAMS 0x0000000086a00000| PB 0x0000000086a00000| Complete 
|  31|0x0000000086b00000, 0x0000000086c00000, 0x0000000086c00000|100%| E|CS|TAMS 0x0000000086b00000| PB 0x0000000086b00000| Complete 
|  32|0x0000000086c00000, 0x0000000086d00000, 0x0000000086d00000|100%| E|CS|TAMS 0x0000000086c00000| PB 0x0000000086c00000| Complete 
|  33|0x0000000086d00000, 0x0000000086e00000, 0x0000000086e00000|100%| E|CS|TAMS 0x0000000086d00000| PB 0x0000000086d00000| Complete 
|  34|0x0000000086e00000, 0x0000000086f00000, 0x0000000086f00000|100%| E|CS|TAMS 0x0000000086e00000| PB 0x0000000086e00000| Complete 
|  35|0x0000000086f00000, 0x0000000087000000, 0x0000000087000000|100%| E|CS|TAMS 0x0000000086f00000| PB 0x0000000086f00000| Complete 
|  36|0x0000000087000000, 0x0000000087100000, 0x0000000087100000|100%| E|CS|TAMS 0x0000000087000000| PB 0x0000000087000000| Complete 
|  37|0x0000000087100000, 0x0000000087200000, 0x0000000087200000|100%| E|CS|TAMS 0x0000000087100000| PB 0x0000000087100000| Complete 
|  38|0x0000000087200000, 0x0000000087300000, 0x0000000087300000|100%| E|CS|TAMS 0x0000000087200000| PB 0x0000000087200000| Complete 
|  57|0x0000000088500000, 0x0000000088600000, 0x0000000088600000|100%| E|CS|TAMS 0x0000000088500000| PB 0x0000000088500000| Complete 
|  58|0x0000000088600000, 0x0000000088700000, 0x0000000088700000|100%| E|CS|TAMS 0x0000000088600000| PB 0x0000000088600000| Complete 
|  59|0x0000000088700000, 0x0000000088800000, 0x0000000088800000|100%| E|CS|TAMS 0x0000000088700000| PB 0x0000000088700000| Complete 
|  60|0x0000000088800000, 0x0000000088900000, 0x0000000088900000|100%| E|CS|TAMS 0x0000000088800000| PB 0x0000000088800000| Complete 
|  61|0x0000000088900000, 0x0000000088a00000, 0x0000000088a00000|100%| E|CS|TAMS 0x0000000088900000| PB 0x0000000088900000| Complete 
|  62|0x0000000088a00000, 0x0000000088b00000, 0x0000000088b00000|100%| E|CS|TAMS 0x0000000088a00000| PB 0x0000000088a00000| Complete 
|  63|0x0000000088b00000, 0x0000000088c00000, 0x0000000088c00000|100%| E|CS|TAMS 0x0000000088b00000| PB 0x0000000088b00000| Complete 
| 123|0x000000008c700000, 0x000000008c800000, 0x000000008c800000|100%| E|CS|TAMS 0x000000008c700000| PB 0x000000008c700000| Complete 

Card table byte_map: [0x0000025a00a60000,0x0000025a00e40000] _byte_map_base: 0x0000025a0063a000

Marking Bits: (CMBitMap*) 0x0000025a74b07ff0
 Bits: [0x0000025a00e40000, 0x0000025a02d10000)

Polling page: 0x0000025a72a50000

Metaspace:

Usage:
  Non-class:     22.54 MB used.
      Class:      3.66 MB used.
       Both:     26.20 MB used.

Virtual space:
  Non-class space:       64.00 MB reserved,      22.81 MB ( 36%) committed,  1 nodes.
      Class space:        1.00 GB reserved,       3.88 MB ( <1%) committed,  1 nodes.
             Both:        1.06 GB reserved,      26.69 MB (  2%) committed. 

Chunk freelists:
   Non-Class:  8.36 MB
       Class:  12.01 MB
        Both:  20.37 MB

MaxMetaspaceSize: unlimited
CompressedClassSpaceSize: 1.00 GB
Initial GC threshold: 21.00 MB
Current GC threshold: 35.12 MB
CDS: on
 - commit_granule_bytes: 65536.
 - commit_granule_words: 8192.
 - virtual_space_node_default_size: 8388608.
 - enlarge_chunks_in_place: 1.
 - use_allocation_guard: 0.


Internal statistics:

num_allocs_failed_limit: 3.
num_arena_births: 560.
num_arena_deaths: 0.
num_vsnodes_births: 2.
num_vsnodes_deaths: 0.
num_space_committed: 427.
num_space_uncommitted: 0.
num_chunks_returned_to_freelist: 3.
num_chunks_taken_from_freelist: 1579.
num_chunk_merges: 3.
num_chunk_splits: 1070.
num_chunks_enlarged: 755.
num_inconsistent_stats: 0.

CodeCache: size=49152Kb used=5482Kb max_used=7103Kb free=43669Kb
 bounds [0x0000025a7cf50000, 0x0000025a7d640000, 0x0000025a7ff50000]
 total_blobs=3273 nmethods=2755 adapters=442
 compilation: disabled (not enough contiguous free space left)
              stopped_count=1, restarted_count=0
 full_count=1

Compilation events (20 events):
Event: 16.474 Thread 0x0000025a4bfa7550 2685       1       org.springframework.boot.autoconfigure.AutoConfigurationMetadataLoader$PropertiesAutoConfigurationMetadata::get (8 bytes)
Event: 16.475 Thread 0x0000025a05da3d70 2686       1       org.springframework.core.KotlinDetector::isKotlinReflectPresent (4 bytes)
Event: 16.475 Thread 0x0000025a05da3d70 nmethod 2686 0x0000025a7d63d290 code [0x0000025a7d63d420, 0x0000025a7d63d4c8]
Event: 16.475 Thread 0x0000025a4bfa7550 nmethod 2685 0x0000025a7d63d590 code [0x0000025a7d63d7c0, 0x0000025a7d63dbd8]
Event: 16.477 Thread 0x0000025a4bfa7550 2687       1       java.util.IdentityHashMap::get (60 bytes)
Event: 16.477 Thread 0x0000025a4b773c80 2688       1       org.springframework.util.ObjectUtils::isEmpty (15 bytes)
Event: 16.477 Thread 0x0000025a05da3d70 2689       1       org.springframework.boot.autoconfigure.condition.ConditionMessage::<init> (6 bytes)
Event: 16.477 Thread 0x0000025a4b0d85a0 2690       1       org.springframework.boot.autoconfigure.condition.ConditionMessage::<init> (10 bytes)
Event: 16.478 Thread 0x0000025a4b773c80 nmethod 2688 0x0000025a7d63e010 code [0x0000025a7d63e1a0, 0x0000025a7d63e270]
Event: 16.478 Thread 0x0000025a4bfa7550 nmethod 2687 0x0000025a7d63e310 code [0x0000025a7d63e4c0, 0x0000025a7d63e690]
Event: 16.478 Thread 0x0000025a05da3d70 nmethod 2689 0x0000025a7d63e810 code [0x0000025a7d63e9a0, 0x0000025a7d63ea90]
Event: 16.478 Thread 0x0000025a4b0d85a0 nmethod 2690 0x0000025a7d63eb10 code [0x0000025a7d63eca0, 0x0000025a7d63edb0]
Event: 16.523 Thread 0x0000025a4bfa7550 2691       1       org.springframework.core.type.classreading.SimpleAnnotationMetadata::getInterfaceNames (8 bytes)
Event: 16.523 Thread 0x0000025a4bfa7550 nmethod 2691 0x0000025a7d63ee10 code [0x0000025a7d63efe0, 0x0000025a7d63f1c0]
Event: 16.598 Thread 0x0000025a4bfa7550 2692       1       org.springframework.core.type.classreading.MergedAnnotationReadingVisitor::visit (30 bytes)
Event: 16.599 Thread 0x0000025a4b773c80 2693   !   1       jdk.proxy2.$Proxy11::annotation (29 bytes)
Event: 16.599 Thread 0x0000025a4bfa7550 nmethod 2692 0x0000025a7d63f290 code [0x0000025a7d63f440, 0x0000025a7d63f600]
Event: 16.599 Thread 0x0000025a4b773c80 nmethod 2693 0x0000025a7d63f710 code [0x0000025a7d63f8e0, 0x0000025a7d63fb10]
Event: 16.601 Thread 0x0000025a05da3d70 2694       1       org.springframework.core.annotation.TypeMappedAnnotation::asMap (126 bytes)
Event: 18.641 Thread 0x0000025a05da3d70 


GC Heap History (7 events):
Event: 5.665 GC heap before
{Heap before GC invocations=0 (full 0):
 garbage-first heap   total 126976K, used 22528K [0x0000000084c00000, 0x0000000100000000)
  region size 1024K, 23 young (23552K), 0 survivors (0K)
 Metaspace       used 5882K, committed 6080K, reserved 1114112K
  class space    used 788K, committed 896K, reserved 1048576K
}
Event: 5.684 GC heap after
{Heap after GC invocations=1 (full 0):
 garbage-first heap   total 126976K, used 6108K [0x0000000084c00000, 0x0000000100000000)
  region size 1024K, 3 young (3072K), 3 survivors (3072K)
 Metaspace       used 5882K, committed 6080K, reserved 1114112K
  class space    used 788K, committed 896K, reserved 1048576K
}
Event: 10.888 GC heap before
{Heap before GC invocations=1 (full 0):
 garbage-first heap   total 126976K, used 33756K [0x0000000084c00000, 0x0000000100000000)
  region size 1024K, 31 young (31744K), 3 survivors (3072K)
 Metaspace       used 12280K, committed 12544K, reserved 1114112K
  class space    used 1762K, committed 1920K, reserved 1048576K
}
Event: 10.897 GC heap after
{Heap after GC invocations=2 (full 0):
 garbage-first heap   total 126976K, used 8192K [0x0000000084c00000, 0x0000000100000000)
  region size 1024K, 2 young (2048K), 2 survivors (2048K)
 Metaspace       used 12280K, committed 12544K, reserved 1114112K
  class space    used 1762K, committed 1920K, reserved 1048576K
}
Event: 22.214 GC heap before
{Heap before GC invocations=2 (full 0):
 garbage-first heap   total 126976K, used 65536K [0x0000000084c00000, 0x0000000100000000)
  region size 1024K, 60 young (61440K), 2 survivors (2048K)
 Metaspace       used 21202K, committed 21504K, reserved 1114112K
  class space    used 2873K, committed 3008K, reserved 1048576K
}
Event: 22.229 GC heap after
{Heap after GC invocations=3 (full 0):
 garbage-first heap   total 126976K, used 13312K [0x0000000084c00000, 0x0000000100000000)
  region size 1024K, 7 young (7168K), 7 survivors (7168K)
 Metaspace       used 21202K, committed 21504K, reserved 1114112K
  class space    used 2873K, committed 3008K, reserved 1048576K
}
Event: 27.747 GC heap before
{Heap before GC invocations=4 (full 0):
 garbage-first heap   total 48128K, used 48128K [0x0000000084c00000, 0x0000000100000000)
  region size 1024K, 41 young (41984K), 7 survivors (7168K)
 Metaspace       used 26824K, committed 27328K, reserved 1114112K
  class space    used 3746K, committed 3968K, reserved 1048576K
}

Dll operation events (6 events):
Event: 0.025 Loaded shared library C:\Program Files\Java\jdk-21\bin\java.dll
Event: 0.271 Loaded shared library C:\Program Files\Java\jdk-21\bin\net.dll
Event: 0.275 Loaded shared library C:\Program Files\Java\jdk-21\bin\nio.dll
Event: 0.288 Loaded shared library C:\Program Files\Java\jdk-21\bin\zip.dll
Event: 1.440 Loaded shared library C:\Program Files\Java\jdk-21\bin\jimage.dll
Event: 15.150 Loaded shared library C:\Program Files\Java\jdk-21\bin\sunmscapi.dll

Deoptimization events (0 events):
No events

Classes loaded (20 events):
Event: 27.564 Loading class sun/security/provider/SeedGenerator$1
Event: 27.564 Loading class sun/security/provider/SeedGenerator$1 done
Event: 27.565 Loading class sun/security/provider/ByteArrayAccess
Event: 27.565 Loading class sun/security/provider/ByteArrayAccess done
Event: 27.565 Loading class sun/security/provider/ByteArrayAccess$BE
Event: 27.565 Loading class sun/security/provider/ByteArrayAccess$BE done
Event: 27.655 Loading class java/net/NetworkInterface$1
Event: 27.656 Loading class java/net/NetworkInterface$1 done
Event: 27.733 Loading class sun/security/provider/AbstractDrbg$NonceProvider
Event: 27.734 Loading class sun/security/provider/AbstractDrbg$NonceProvider done
Event: 27.734 Loading class sun/security/provider/SHA2$SHA256
Event: 27.734 Loading class sun/security/provider/SHA2
Event: 27.735 Loading class sun/security/provider/SHA2 done
Event: 27.735 Loading class sun/security/provider/SHA2$SHA256 done
Event: 27.736 Loading class sun/nio/fs/WindowsPath$1
Event: 27.737 Loading class sun/nio/fs/WindowsPath$1 done
Event: 27.738 Loading class java/io/DeleteOnExitHook
Event: 27.739 Loading class java/io/DeleteOnExitHook done
Event: 27.739 Loading class java/io/DeleteOnExitHook$1
Event: 27.739 Loading class java/io/DeleteOnExitHook$1 done

Classes unloaded (0 events):
No events

Classes redefined (0 events):
No events

Internal exceptions (20 events):
Event: 25.974 Thread 0x0000025a728b9c70 Exception <a 'java/lang/NoSuchMethodError'{0x000000008646d120}: 'void java.lang.invoke.Invokers$Holder.invokeExact_MT(java.lang.Object, java.lang.Object, java.lang.Object)'> (0x000000008646d120) 
thrown [s\open\src\hotspot\share\interpreter\linkResolver.cpp, line 773]
Event: 26.041 Thread 0x0000025a728b9c70 Exception <a 'java/lang/NoClassDefFoundError'{0x00000000863b6268}: org/flywaydb/core/Flyway> (0x00000000863b6268) 
thrown [s\open\src\hotspot\share\classfile\systemDictionary.cpp, line 301]
Event: 26.042 Thread 0x0000025a728b9c70 Exception <a 'java/lang/NoClassDefFoundError'{0x00000000863b8108}: liquibase/integration/spring/SpringLiquibase> (0x00000000863b8108) 
thrown [s\open\src\hotspot\share\classfile\systemDictionary.cpp, line 301]
Event: 26.156 Thread 0x0000025a728b9c70 Exception <a 'java/lang/NoSuchMethodError'{0x00000000862f3538}: 'void java.lang.invoke.DirectMethodHandle$Holder.invokeSpecial(java.lang.Object, java.lang.Object, java.lang.Object, java.lang.Object, java.lang.Object, java.lang.Object)'> (0x00000000862f3538) 
thrown [s\open\src\hotspot\share\interpreter\linkResolver.cpp, line 773]
Event: 26.169 Thread 0x0000025a728b9c70 Exception <a 'java/lang/NoSuchMethodError'{0x000000008613b960}: 'void java.lang.invoke.DirectMethodHandle$Holder.invokeVirtual(java.lang.Object, java.lang.Object, int)'> (0x000000008613b960) 
thrown [s\open\src\hotspot\share\interpreter\linkResolver.cpp, line 773]
Event: 26.170 Thread 0x0000025a728b9c70 Exception <a 'java/lang/NoSuchMethodError'{0x000000008613f830}: 'int java.lang.invoke.DirectMethodHandle$Holder.invokeSpecial(java.lang.Object, java.lang.Object, java.lang.Object, int)'> (0x000000008613f830) 
thrown [s\open\src\hotspot\share\interpreter\linkResolver.cpp, line 773]
Event: 26.172 Thread 0x0000025a728b9c70 Exception <a 'java/lang/NoSuchMethodError'{0x0000000086151598}: 'java.lang.Object java.lang.invoke.DirectMethodHandle$Holder.invokeStatic(java.lang.Object, java.lang.Object, java.lang.Object, java.lang.Object, int)'> (0x0000000086151598) 
thrown [s\open\src\hotspot\share\interpreter\linkResolver.cpp, line 773]
Event: 26.173 Thread 0x0000025a728b9c70 Exception <a 'java/lang/NoSuchMethodError'{0x000000008615bc80}: 'void java.lang.invoke.DelegatingMethodHandle$Holder.reinvoke_L(java.lang.Object, java.lang.Object, int)'> (0x000000008615bc80) 
thrown [s\open\src\hotspot\share\interpreter\linkResolver.cpp, line 773]
Event: 26.335 Thread 0x0000025a728b9c70 Exception <a 'java/lang/NoSuchMethodError'{0x0000000085eae300}: 'int java.lang.invoke.DirectMethodHandle$Holder.invokeSpecialIFC(java.lang.Object, java.lang.Object, java.lang.Object)'> (0x0000000085eae300) 
thrown [s\open\src\hotspot\share\interpreter\linkResolver.cpp, line 773]
Event: 26.368 Thread 0x0000025a728b9c70 Exception <a 'java/lang/NoSuchMethodError'{0x0000000085d35980}: 'java.lang.Object java.lang.invoke.DirectMethodHandle$Holder.invokeVirtual(java.lang.Object, java.lang.Object, java.lang.Object, java.lang.Object, java.lang.Object)'> (0x0000000085d35980) 
thrown [s\open\src\hotspot\share\interpreter\linkResolver.cpp, line 773]
Event: 26.582 Thread 0x0000025a728b9c70 Exception <a 'java/lang/NoSuchMethodError'{0x0000000085a7b820}: 'java.lang.Object java.lang.invoke.DirectMethodHandle$Holder.invokeVirtual(java.lang.Object, java.lang.Object, java.lang.Object, java.lang.Object, java.lang.Object, java.lang.Object)'> (0x0000000085a7b820) 
thrown [s\open\src\hotspot\share\interpreter\linkResolver.cpp, line 773]
Event: 26.703 Thread 0x0000025a728b9c70 Exception <a 'java/lang/NoSuchMethodError'{0x00000000859f75d0}: 'void java.lang.invoke.DirectMethodHandle$Holder.invokeInterface(java.lang.Object, java.lang.Object, int)'> (0x00000000859f75d0) 
thrown [s\open\src\hotspot\share\interpreter\linkResolver.cpp, line 773]
Event: 26.713 Thread 0x0000025a728b9c70 Exception <a 'java/lang/IncompatibleClassChangeError'{0x0000000085839390}: Found class java.lang.Object, but interface was expected> (0x0000000085839390) 
thrown [s\open\src\hotspot\share\interpreter\linkResolver.cpp, line 840]
Event: 26.717 Thread 0x0000025a728b9c70 Exception <a 'java/lang/NoSuchMethodError'{0x00000000858569f8}: 'void java.lang.invoke.DirectMethodHandle$Holder.invokeStatic(java.lang.Object, int, java.lang.Object)'> (0x00000000858569f8) 
thrown [s\open\src\hotspot\share\interpreter\linkResolver.cpp, line 773]
Event: 26.728 Thread 0x0000025a728b9c70 Exception <a 'java/lang/NoSuchMethodError'{0x000000008588c350}: 'void java.lang.invoke.DirectMethodHandle$Holder.invokeStatic(java.lang.Object, java.lang.Object, java.lang.Object, int, java.lang.Object)'> (0x000000008588c350) 
thrown [s\open\src\hotspot\share\interpreter\linkResolver.cpp, line 773]
Event: 26.729 Thread 0x0000025a728b9c70 Exception <a 'java/lang/NoSuchMethodError'{0x0000000085892b28}: 'java.lang.Object java.lang.invoke.DirectMethodHandle$Holder.newInvokeSpecial(java.lang.Object, java.lang.Object, java.lang.Object, int)'> (0x0000000085892b28) 
thrown [s\open\src\hotspot\share\interpreter\linkResolver.cpp, line 773]
Event: 26.729 Thread 0x0000025a728b9c70 Exception <a 'java/lang/NoSuchMethodError'{0x00000000858968e8}: 'java.lang.Object java.lang.invoke.DirectMethodHandle$Holder.invokeSpecial(java.lang.Object, java.lang.Object, java.lang.Object, java.lang.Object, int)'> (0x00000000858968e8) 
thrown [s\open\src\hotspot\share\interpreter\linkResolver.cpp, line 773]
Event: 26.730 Thread 0x0000025a728b9c70 Exception <a 'java/lang/NoSuchMethodError'{0x0000000085899d80}: 'java.lang.Object java.lang.invoke.Invokers$Holder.linkToTargetMethod(java.lang.Object, java.lang.Object, int, java.lang.Object)'> (0x0000000085899d80) 
thrown [s\open\src\hotspot\share\interpreter\linkResolver.cpp, line 773]
Event: 27.524 Thread 0x0000025a728b9c70 Exception <a 'java/lang/NoSuchMethodError'{0x00000000853d05d8}: 'java.lang.Object java.lang.invoke.DirectMethodHandle$Holder.invokeStaticInit(java.lang.Object, int, int, int, int)'> (0x00000000853d05d8) 
thrown [s\open\src\hotspot\share\interpreter\linkResolver.cpp, line 773]
Event: 27.731 Thread 0x0000025a728b9c70 Exception <a 'java/lang/NoSuchMethodError'{0x000000008529b908}: 'java.lang.Object java.lang.invoke.DirectMethodHandle$Holder.invokeStaticInit(java.lang.Object, java.lang.Object, int, int, int, int)'> (0x000000008529b908) 
thrown [s\open\src\hotspot\share\interpreter\linkResolver.cpp, line 773]

ZGC Phase Switch (0 events):
No events

VM Operations (20 events):
Event: 22.229 Executing VM operation: CollectForMetadataAllocation (Metadata GC Threshold) done
Event: 22.238 Executing VM operation: G1PauseRemark
Event: 22.242 Executing VM operation: G1PauseRemark done
Event: 22.243 Executing VM operation: G1PauseCleanup
Event: 22.251 Executing VM operation: G1PauseCleanup done
Event: 22.709 Executing VM operation: HandshakeAllThreads (Deoptimize)
Event: 22.709 Executing VM operation: HandshakeAllThreads (Deoptimize) done
Event: 22.715 Executing VM operation: HandshakeAllThreads (Deoptimize)
Event: 22.716 Executing VM operation: HandshakeAllThreads (Deoptimize) done
Event: 23.721 Executing VM operation: Cleanup
Event: 23.721 Executing VM operation: Cleanup done
Event: 24.729 Executing VM operation: Cleanup
Event: 25.728 Executing VM operation: Cleanup done
Event: 25.885 Executing VM operation: HandshakeAllThreads (Deoptimize)
Event: 25.885 Executing VM operation: HandshakeAllThreads (Deoptimize) done
Event: 25.896 Executing VM operation: HandshakeAllThreads (Deoptimize)
Event: 25.896 Executing VM operation: HandshakeAllThreads (Deoptimize) done
Event: 26.908 Executing VM operation: Cleanup
Event: 26.908 Executing VM operation: Cleanup done
Event: 27.747 Executing VM operation: G1CollectForAllocation (G1 Evacuation Pause)

Events (20 events):
Event: 0.138 Thread 0x0000025a05da3310 Thread added: 0x0000025a05da3310
Event: 0.138 Thread 0x0000025a05da3d70 Thread added: 0x0000025a05da3d70
Event: 0.196 Thread 0x0000025a4b040000 Thread added: 0x0000025a4b040000
Event: 0.247 Thread 0x0000025a4b147820 Thread added: 0x0000025a4b147820
Event: 0.253 Thread 0x0000025a4b149ea0 Thread added: 0x0000025a4b149ea0
Event: 6.899 Thread 0x0000025a4b040000 Thread exited: 0x0000025a4b040000
Event: 6.967 Thread 0x0000025a4b034f30 Thread added: 0x0000025a4b034f30
Event: 7.208 Thread 0x0000025a4b7fd680 Thread added: 0x0000025a4b7fd680
Event: 8.293 Thread 0x0000025a4b7fee30 Thread added: 0x0000025a4b7fee30
Event: 9.437 Thread 0x0000025a4b7fd680 Thread exited: 0x0000025a4b7fd680
Event: 10.537 Thread 0x0000025a4b034f30 Thread exited: 0x0000025a4b034f30
Event: 10.671 Thread 0x0000025a4b0d85a0 Thread added: 0x0000025a4b0d85a0
Event: 10.672 Thread 0x0000025a4b773c80 Thread added: 0x0000025a4b773c80
Event: 11.092 Thread 0x0000025a4bfa7550 Thread added: 0x0000025a4bfa7550
Event: 11.986 Thread 0x0000025a4bfce6a0 Thread added: 0x0000025a4bfce6a0
Event: 13.323 Thread 0x0000025a4bfce6a0 Thread exited: 0x0000025a4bfce6a0
Event: 16.177 Thread 0x0000025a4b7fee30 Thread exited: 0x0000025a4b7fee30
Event: 18.641 Thread 0x0000025a4b773c80 Thread exited: 0x0000025a4b773c80
Event: 18.641 Thread 0x0000025a4bfa7550 Thread exited: 0x0000025a4bfa7550
Event: 23.643 Thread 0x0000025a4b0d85a0 Thread exited: 0x0000025a4b0d85a0


Dynamic libraries:
0x00007ff6d08e0000 - 0x00007ff6d08f0000 	C:\Program Files\Java\jdk-21\bin\java.exe
0x00007fff305c0000 - 0x00007fff30827000 	C:\WINDOWS\SYSTEM32\ntdll.dll
0x00007fff2eb90000 - 0x00007fff2ec59000 	C:\WINDOWS\System32\KERNEL32.DLL
0x00007fff2dd40000 - 0x00007fff2e134000 	C:\WINDOWS\System32\KERNELBASE.dll
0x00007fff2e200000 - 0x00007fff2e34b000 	C:\WINDOWS\System32\ucrtbase.dll
0x00007ffefcea0000 - 0x00007ffefcebb000 	C:\Program Files\Java\jdk-21\bin\VCRUNTIME140.dll
0x00007ffefed80000 - 0x00007ffefed99000 	C:\Program Files\Java\jdk-21\bin\jli.dll
0x00007fff302f0000 - 0x00007fff303a6000 	C:\WINDOWS\System32\ADVAPI32.dll
0x00007fff2ff00000 - 0x00007fff2ffa9000 	C:\WINDOWS\System32\msvcrt.dll
0x00007fff2eca0000 - 0x00007fff2ed47000 	C:\WINDOWS\System32\sechost.dll
0x00007fff2e350000 - 0x00007fff2e468000 	C:\WINDOWS\System32\RPCRT4.dll
0x00007fff303b0000 - 0x00007fff30575000 	C:\WINDOWS\System32\USER32.dll
0x00007fff2d210000 - 0x00007fff2d237000 	C:\WINDOWS\System32\win32u.dll
0x00007fff2ec60000 - 0x00007fff2ec8b000 	C:\WINDOWS\System32\GDI32.dll
0x00007fff17010000 - 0x00007fff172a3000 	C:\WINDOWS\WinSxS\amd64_microsoft.windows.common-controls_6595b64144ccf1df_6.0.26100.8115_none_3e075c82e3354f9c\COMCTL32.dll
0x00007fff2d240000 - 0x00007fff2d36b000 	C:\WINDOWS\System32\gdi32full.dll
0x00007fff2dc90000 - 0x00007fff2dd33000 	C:\WINDOWS\System32\msvcp_win.dll
0x00007fff17e50000 - 0x00007fff17e5b000 	C:\WINDOWS\SYSTEM32\VERSION.dll
0x00007fff2e470000 - 0x00007fff2e4a2000 	C:\WINDOWS\System32\IMM32.DLL
0x00007fff194a0000 - 0x00007fff194ac000 	C:\Program Files\Java\jdk-21\bin\vcruntime140_1.dll
0x00007ffef4410000 - 0x00007ffef449e000 	C:\Program Files\Java\jdk-21\bin\msvcp140.dll
0x00007ffe8faf0000 - 0x00007ffe9080d000 	C:\Program Files\Java\jdk-21\bin\server\jvm.dll
0x00007fff2e4b0000 - 0x00007fff2e530000 	C:\WINDOWS\System32\WS2_32.dll
0x00007fff2ccf0000 - 0x00007fff2cd4e000 	C:\WINDOWS\SYSTEM32\POWRPROF.dll
0x00007fff1ffe0000 - 0x00007fff20016000 	C:\WINDOWS\SYSTEM32\WINMM.dll
0x00007fff2ccd0000 - 0x00007fff2cce4000 	C:\WINDOWS\SYSTEM32\UMPDC.dll
0x00007fff2bc20000 - 0x00007fff2bc3b000 	C:\WINDOWS\SYSTEM32\kernel.appcore.dll
0x00007fff0e100000 - 0x00007fff0e10a000 	C:\Program Files\Java\jdk-21\bin\jimage.dll
0x00007fff2a940000 - 0x00007fff2ab82000 	C:\WINDOWS\SYSTEM32\DBGHELP.DLL
0x00007fff2efb0000 - 0x00007fff2f332000 	C:\WINDOWS\System32\combase.dll
0x00007fff2eed0000 - 0x00007fff2efa8000 	C:\WINDOWS\System32\OLEAUT32.dll
0x00007fff14cd0000 - 0x00007fff14d0b000 	C:\WINDOWS\SYSTEM32\dbgcore.DLL
0x00007fff2dbe0000 - 0x00007fff2dc85000 	C:\WINDOWS\System32\bcryptPrimitives.dll
0x00007ffef49b0000 - 0x00007ffef49cf000 	C:\Program Files\Java\jdk-21\bin\java.dll
0x00007fff2f340000 - 0x00007fff2faa7000 	C:\WINDOWS\System32\SHELL32.dll
0x00007fff2ce90000 - 0x00007fff2cffa000 	C:\WINDOWS\System32\wintypes.dll
0x00007fff2d370000 - 0x00007fff2dbd8000 	C:\WINDOWS\System32\windows.storage.dll
0x00007fff30190000 - 0x00007fff30288000 	C:\WINDOWS\System32\SHCORE.dll
0x00007fff2fe90000 - 0x00007fff2fef6000 	C:\WINDOWS\System32\shlwapi.dll
0x00007fff2cdb0000 - 0x00007fff2cdd9000 	C:\WINDOWS\SYSTEM32\profapi.dll
0x00007ffeff9f0000 - 0x00007ffeffa00000 	C:\Program Files\Java\jdk-21\bin\net.dll
0x00007fff23390000 - 0x00007fff234bd000 	C:\WINDOWS\SYSTEM32\WINHTTP.dll
0x00007fff2c190000 - 0x00007fff2c1fc000 	C:\WINDOWS\system32\mswsock.dll
0x00007ffef4990000 - 0x00007ffef49a6000 	C:\Program Files\Java\jdk-21\bin\nio.dll
0x00007ffef43f0000 - 0x00007ffef4408000 	C:\Program Files\Java\jdk-21\bin\zip.dll
0x00007ffef76e0000 - 0x00007ffef76ee000 	C:\Program Files\Java\jdk-21\bin\sunmscapi.dll
0x00007fff2d090000 - 0x00007fff2d207000 	C:\WINDOWS\System32\CRYPT32.dll
0x00007fff2c690000 - 0x00007fff2c6c0000 	C:\WINDOWS\SYSTEM32\ncrypt.dll
0x00007fff2c640000 - 0x00007fff2c67f000 	C:\WINDOWS\SYSTEM32\NTASN1.dll
0x00007fff2c470000 - 0x00007fff2c48b000 	C:\WINDOWS\SYSTEM32\CRYPTSP.dll
0x00007fff2bb80000 - 0x00007fff2bbb9000 	C:\WINDOWS\system32\rsaenh.dll
0x00007fff2c240000 - 0x00007fff2c273000 	C:\WINDOWS\SYSTEM32\USERENV.dll
0x00007fff2cd80000 - 0x00007fff2cdaa000 	C:\WINDOWS\SYSTEM32\bcrypt.dll
0x00007fff2c490000 - 0x00007fff2c49c000 	C:\WINDOWS\SYSTEM32\CRYPTBASE.dll
0x00007fff2b6d0000 - 0x00007fff2b702000 	C:\WINDOWS\SYSTEM32\IPHLPAPI.DLL
0x00007fff2ec90000 - 0x00007fff2ec9a000 	C:\WINDOWS\System32\NSI.dll

dbghelp: loaded successfully - version: 4.0.5 - missing functions: none
symbol engine: initialized successfully - sym options: 0x614 - pdb path: .;C:\Program Files\Java\jdk-21\bin;C:\WINDOWS\SYSTEM32;C:\WINDOWS\WinSxS\amd64_microsoft.windows.common-controls_6595b64144ccf1df_6.0.26100.8115_none_3e075c82e3354f9c;C:\Program Files\Java\jdk-21\bin\server

VM Arguments:
jvm_args: -XX:TieredStopAtLevel=1 
java_command: com.bridgelabz.authservice.AuthServiceApplication
java_class_path (initial): C:\Users\Asus\OneDrive\Desktop\OABS\backend\auth-service\target\classes;C:\Users\Asus\.m2\repository\org\springframework\boot\spring-boot\3.3.5\spring-boot-3.3.5.jar;C:\Users\Asus\.m2\repository\org\springframework\boot\spring-boot-autoconfigure\3.3.5\spring-boot-autoconfigure-3.3.5.jar;C:\Users\Asus\.m2\repository\ch\qos\logback\logback-classic\1.5.11\logback-classic-1.5.11.jar;C:\Users\Asus\.m2\repository\ch\qos\logback\logback-core\1.5.11\logback-core-1.5.11.jar;C:\Users\Asus\.m2\repository\org\apache\logging\log4j\log4j-to-slf4j\2.23.1\log4j-to-slf4j-2.23.1.jar;C:\Users\Asus\.m2\repository\org\apache\logging\log4j\log4j-api\2.23.1\log4j-api-2.23.1.jar;C:\Users\Asus\.m2\repository\org\slf4j\jul-to-slf4j\2.0.16\jul-to-slf4j-2.0.16.jar;C:\Users\Asus\.m2\repository\jakarta\annotation\jakarta.annotation-api\2.1.1\jakarta.annotation-api-2.1.1.jar;C:\Users\Asus\.m2\repository\org\yaml\snakeyaml\2.2\snakeyaml-2.2.jar;C:\Users\Asus\.m2\repository\com\fasterxml\jackson\datatype\jackson-datatype-jdk8\2.17.2\jackson-datatype-jdk8-2.17.2.jar;C:\Users\Asus\.m2\repository\com\fasterxml\jackson\datatype\jackson-datatype-jsr310\2.17.2\jackson-datatype-jsr310-2.17.2.jar;C:\Users\Asus\.m2\repository\com\fasterxml\jackson\module\jackson-module-parameter-names\2.17.2\jackson-module-parameter-names-2.17.2.jar;C:\Users\Asus\.m2\repository\org\apache\tomcat\embed\tomcat-embed-core\10.1.31\tomcat-embed-core-10.1.31.jar;C:\Users\Asus\.m2\repository\org\apache\tomcat\embed\tomcat-embed-websocket\10.1.31\tomcat-embed-websocket-10.1.31.jar;C:\Users\Asus\.m2\repository\org\springframework\spring-web\6.1.14\spring-web-6.1.14.jar;C:\Users\Asus\.m2\repository\org\springframework\spring-beans\6.1.14\spring-beans-6.1.14.jar;C:\Users\Asus\.m2\repository\io\micrometer\micrometer-observation\1.13.6\micrometer-observation-1.13.6.jar;C:\Users\Asus\.m2\repository\io\micrometer\micrometer-commons\1.13.6\micrometer-commons-1.13.6.jar;C:\Users\Asus\.m2\repository\org\springframework\spring-webmvc\6.1.14\spring-webmvc-6.1.14.jar;C:\Users\Asus\.m2\repository\org\springframework\spring-context\6.1.14\spring-context-6.1.14.jar;C:\Users\Asus\.m2\repository\org\springframework\spring-expression\6.1.14\spring-expression-6.1.14.jar;C:\Users\Asus\.m2\repository\org\mongodb\mongodb-driver-sync\5.0.1\mongodb-driver-sync-5.0.1.jar;C:\Users\Asus\.m2\repository\org\mongodb\bson\5.0.1\bson-5.0.1.jar;C:\Users\Asus\.m2\repository\org\mongodb\mongodb-driver-core\5.0.1\mongodb-driver-core-5.0.1.jar;C:\Users\Asus\.m2\repository\org\mongodb\bson-record-codec\5.0.1\bson-record-codec-5.0.1.jar;C:\Users\Asus\.m2\repository\org\springframework\data\spring-data-mongodb\4.3.5\spring-data-mongodb-4.3.5.jar;C:\Users\Asus\.m2\repository\org\springframework\spring-tx\6.1.14\spring-tx-6.1.14.jar;C:\Users\Asus\.m2\repository\org\springframework\data\spring-data-commons\3.3.5\spring-data-commons-3.3.5.jar;C:\Users\Asus\.m2\repository\org\slf4j\slf4j-api\2.0.16\slf4j-api-2.0.16.jar;C:\Users\Asus\.m2\repository\org\springframework\spring-aop\6.1.14\spring-aop-6.1.14.jar;C:\Users\Asus\.m2\repository\org\springframework\security\spring-security-config\6.3.4\spring-security-config-6.3.4.jar;C:\Users\Asus\.m2\repository\org\springframework\security\spring-security-web\6.3.4\spring-security-web-6.3.4.jar;C:\Users\Asus\.m2\repository\org\apache\tomcat\embed\tomcat-embed-el\10.1.31\tomcat-embed-el-10.1.31.jar;C:\Users\Asus\.m2\repository\org\hibernate\validator\hibernate-validator\8.0.1.Final\hibernate-validator-8.0.1.Final.jar;C:\Users\Asus\.m2\repository\jakarta\validation\jakarta.validation-api\3.0.2\jakarta.validation-api-3.0.2.jar;C:\Users\Asus\.m2\repository\org\jboss\logging\jboss-logging\3.5.3.Final\jboss-logging-3.5.3.Final.jar;C:\Users\Asus\.m2\repository\com\fasterxml\classmate\1.7.0\classmate-1.7.0.jar;C:\Users\Asus\.m2\repository\org\springframework\security\spring-security-core\6.3.4\spring-security-core-6.3.4.jar;C:\Users\Asus\.m2\repository\org\springframework\security\spring-security-crypto\6.3.4\spring-security-crypto-6.3.4.jar;C:\Users\Asus\.m2\repository\org\springframework\security\spring-security-oauth2-client\6.3.4\spring-security-oauth2-client-6.3.4.jar;C:\Users\Asus\.m2\repository\org\springframework\security\spring-security-oauth2-core\6.3.4\spring-security-oauth2-core-6.3.4.jar;C:\Users\Asus\.m2\repository\com\nimbusds\oauth2-oidc-sdk\9.43.4\oauth2-oidc-sdk-9.43.4.jar;C:\Users\Asus\.m2\repository\com\github\stephenc\jcip\jcip-annotations\1.0-1\jcip-annotations-1.0-1.jar;C:\Users\Asus\.m2\repository\com\nimbusds\content-type\2.2\content-type-2.2.jar;C:\Users\Asus\.m2\repository\com\nimbusds\lang-tag\1.7\lang-tag-1.7.jar;C:\Users\Asus\.m2\repository\org\springframework\security\spring-security-oauth2-jose\6.3.4\spring-security-oauth2-jose-6.3.4.jar;C:\Users\Asus\.m2\repository\com\nimbusds\nimbus-jose-jwt\9.37.3\nimbus-jose-jwt-9.37.3.jar;C:\Users\Asus\.m2\repository\org\projectlombok\lombok\1.18.34\lombok-1.18.34.jar;C:\Users\Asus\.m2\repository\io\jsonwebtoken\jjwt-api\0.11.5\jjwt-api-0.11.5.jar;C:\Users\Asus\.m2\repository\org\springdoc\springdoc-openapi-starter-webmvc-ui\2.6.0\springdoc-openapi-starter-webmvc-ui-2.6.0.jar;C:\Users\Asus\.m2\repository\org\springdoc\springdoc-openapi-starter-webmvc-api\2.6.0\springdoc-openapi-starter-webmvc-api-2.6.0.jar;C:\Users\Asus\.m2\repository\org\springdoc\springdoc-openapi-starter-common\2.6.0\springdoc-openapi-starter-common-2.6.0.jar;C:\Users\Asus\.m2\repository\io\swagger\core\v3\swagger-core-jakarta\2.2.22\swagger-core-jakarta-2.2.22.jar;C:\Users\Asus\.m2\repository\org\apache\commons\commons-lang3\3.14.0\commons-lang3-3.14.0.jar;C:\Users\Asus\.m2\repository\io\swagger\core\v3\swagger-annotations-jakarta\2.2.22\swagger-annotations-jakarta-2.2.22.jar;C:\Users\Asus\.m2\repository\io\swagger\core\v3\swagger-models-jakarta\2.2.22\swagger-models-jakarta-2.2.22.jar;C:\Users\Asus\.m2\repository\com\fasterxml\jackson\dataformat\jackson-dataformat-yaml\2.17.2\jackson-dataformat-yaml-2.17.2.jar;C:\Users\Asus\.m2\repository\org\webjars\swagger-ui\5.17.14\swagger-ui-5.17.14.jar;C:\Users\Asus\.m2\repository\io\jsonwebtoken\jjwt-impl\0.11.5\jjwt-impl-0.11.5.jar;C:\Users\Asus\.m2\repository\io\jsonwebtoken\jjwt-jackson\0.11.5\jjwt-jackson-0.11.5.jar;C:\Users\Asus\.m2\repository\com\fasterxml\jackson\core\jackson-databind\2.17.2\jackson-databind-2.17.2.jar;C:\Users\Asus\.m2\repository\com\fasterxml\jackson\core\jackson-annotations\2.17.2\jackson-annotations-2.17.2.jar;C:\Users\Asus\.m2\repository\com\fasterxml\jackson\core\jackson-core\2.17.2\jackson-core-2.17.2.jar;C:\Users\Asus\.m2\repository\jakarta\xml\bind\jakarta.xml.bind-api\4.0.2\jakarta.xml.bind-api-4.0.2.jar;C:\Users\Asus\.m2\repository\jakarta\activation\jakarta.activation-api\2.1.3\jakarta.activation-api-2.1.3.jar;C:\Users\Asus\.m2\repository\net\minidev\json-smart\2.5.1\json-smart-2.5.1.jar;C:\Users\Asus\.m2\repository\net\minidev\accessors-smart\2.5.1\accessors-smart-2.5.1.jar;C:\Users\Asus\.m2\repository\org\ow2\asm\asm\9.6\asm-9.6.jar;C:\Users\Asus\.m2\repository\org\springframework\spring-core\6.1.14\spring-core-6.1.14.jar;C:\Users\Asus\.m2\repository\org\springframework\spring-jcl\6.1.14\spring-jcl-6.1.14.jar
Launcher Type: SUN_STANDARD

[Global flags]
     intx CICompilerCount                          = 12                                        {product} {ergonomic}
     uint ConcGCThreads                            = 3                                         {product} {ergonomic}
     uint G1ConcRefinementThreads                  = 13                                        {product} {ergonomic}
   size_t G1HeapRegionSize                         = 1048576                                   {product} {ergonomic}
    uintx GCDrainStackTargetSize                   = 64                                        {product} {ergonomic}
   size_t InitialHeapSize                          = 130023424                                 {product} {ergonomic}
   size_t MarkStackSize                            = 4194304                                   {product} {ergonomic}
   size_t MaxHeapSize                              = 2067791872                                {product} {ergonomic}
   size_t MaxNewSize                               = 1240465408                                {product} {ergonomic}
   size_t MinHeapDeltaBytes                        = 1048576                                   {product} {ergonomic}
   size_t MinHeapSize                              = 8388608                                   {product} {ergonomic}
    uintx NonNMethodCodeHeapSize                   = 4096                                   {pd product} {ergonomic}
    uintx NonProfiledCodeHeapSize                  = 0                                      {pd product} {ergonomic}
     bool ProfileInterpreter                       = false                                  {pd product} {command line}
    uintx ProfiledCodeHeapSize                     = 0                                      {pd product} {ergonomic}
   size_t SoftMaxHeapSize                          = 2067791872                             {manageable} {ergonomic}
     intx TieredStopAtLevel                        = 1                                         {product} {command line}
     bool UseCompressedOops                        = true                           {product lp64_product} {ergonomic}
     bool UseG1GC                                  = true                                      {product} {ergonomic}
     bool UseLargePagesIndividualAllocation        = false                                  {pd product} {ergonomic}

Logging:
Log output configuration:
 #0: stdout all=warning uptime,level,tags foldmultilines=false
 #1: stderr all=off uptime,level,tags foldmultilines=false

Environment Variables:
JAVA_HOME=C:\Program Files\Java\jdk-21
PATH=C:\Python314\Scripts\;C:\Python314\;C:\Python312\Scripts\;C:\Python312\;C:\WINDOWS\system32;C:\WINDOWS;C:\WINDOWS\System32\Wbem;C:\WINDOWS\System32\WindowsPowerShell\v1.0\;C:\WINDOWS\System32\OpenSSH\;C:\Program Files\Java\jdk-21\bin;C:\ProgramData\chocolatey\bin;C:\Program Files\Git\cmd;C:\Program Files\Cloudflare\Cloudflare WARP\;C:\Program Files\Java\jdk-21\bin;C:\apache-maven-3.9.14\bin;C:\Program Files\nodejs\;C:\Program Files\MySQL\MySQL Shell 8.0\bin\;C:\Users\Asus\AppData\Local\Microsoft\WindowsApps;C:\Program Files\IntelliJ IDEA Community Edition 2023.2.1\bin;C:\Users\Asus\AppData\Local\Programs\Microsoft VS Code\bin;C:\Users\Asus\AppData\Local\JetBrains\Toolbox\scripts;C:\Users\Asus\AppData\Local\GitHubDesktop\bin;C:\Users\Asus\AppData\Local\Microsoft\WindowsApps;C:\Program Files\MySQL\MySQL Server 8.0\bin;C:\Program Files\JetBrains\IntelliJ IDEA 2024.2.6\bin;;C:\Users\Asus\AppData\Local\Programs\Antigravity\bin;C:\Users\Asus\AppData\Roaming\npm
USERNAME=Asus
OS=Windows_NT
PROCESSOR_IDENTIFIER=Intel64 Family 6 Model 154 Stepping 3, GenuineIntel
TMP=C:\Users\Asus\AppData\Local\Temp
TEMP=C:\Users\Asus\AppData\Local\Temp




Periodic native trim disabled

---------------  S Y S T E M  ---------------

OS:
 Windows 11 , 64 bit Build 26100 (10.0.26100.8246)
OS uptime: 0 days 8:45 hours

CPU: total 16 (initial active 16) (8 cores per cpu, 2 threads per core) family 6 model 154 stepping 3 microcode 0x418, cx8, cmov, fxsr, ht, mmx, 3dnowpref, sse, sse2, sse3, ssse3, sse4.1, sse4.2, popcnt, lzcnt, tsc, tscinvbit, avx, avx2, aes, erms, clmul, bmi1, bmi2, adx, sha, fma, vzeroupper, clflush, clflushopt, clwb, serialize, rdtscp, rdpid, fsrm, f16c, pku, cet_ibt, cet_ss
Processor Information for processor 0
  Max Mhz: 1700, Current Mhz: 1700, Mhz Limit: 1700
Processor Information for processor 1
  Max Mhz: 1700, Current Mhz: 1700, Mhz Limit: 1700
Processor Information for processor 2
  Max Mhz: 1700, Current Mhz: 1700, Mhz Limit: 1700
Processor Information for processor 3
  Max Mhz: 1700, Current Mhz: 1700, Mhz Limit: 1700
Processor Information for processor 4
  Max Mhz: 1700, Current Mhz: 1700, Mhz Limit: 1700
Processor Information for processor 5
  Max Mhz: 1700, Current Mhz: 1700, Mhz Limit: 1700
Processor Information for processor 6
  Max Mhz: 1700, Current Mhz: 1700, Mhz Limit: 1700
Processor Information for processor 7
  Max Mhz: 1700, Current Mhz: 1700, Mhz Limit: 1700
Processor Information for processor 8
  Max Mhz: 1700, Current Mhz: 1200, Mhz Limit: 1190
Processor Information for processor 9
  Max Mhz: 1700, Current Mhz: 1200, Mhz Limit: 1190
Processor Information for processor 10
  Max Mhz: 1700, Current Mhz: 1200, Mhz Limit: 1190
Processor Information for processor 11
  Max Mhz: 1700, Current Mhz: 1200, Mhz Limit: 1190
Processor Information for processor 12
  Max Mhz: 1700, Current Mhz: 1200, Mhz Limit: 1190
Processor Information for processor 13
  Max Mhz: 1700, Current Mhz: 1200, Mhz Limit: 1190
Processor Information for processor 14
  Max Mhz: 1700, Current Mhz: 1200, Mhz Limit: 1190
Processor Information for processor 15
  Max Mhz: 1700, Current Mhz: 1200, Mhz Limit: 1190

Memory: 4k page, system-wide physical 7885M (386M free)
TotalPageFile size 26635M (AvailPageFile size 133M)
current process WorkingSet (physical memory assigned to process): 109M, peak: 134M
current process commit charge ("private bytes"): 181M, peak: 252M

vm_info: Java HotSpot(TM) 64-Bit Server VM (21.0.9+7-LTS-338) for windows-amd64 JRE (21.0.9+7-LTS-338), built on 2025-09-26T06:33:49Z by "mach5run" with MS VC++ 17.6 (VS2022)

END.
