[INFO] Scanning for projects...
[INFO] 
[INFO] -------------------< com.bridgelabz:payment-service >-------------------
[INFO] Building payment-service 0.0.1-SNAPSHOT
[INFO]   from pom.xml
[INFO] --------------------------------[ jar ]---------------------------------
[INFO] 
[INFO] >>> spring-boot:3.3.5:run (default-cli) > test-compile @ payment-service >>>
[INFO] 
[INFO] --- resources:3.3.1:resources (default-resources) @ payment-service ---
[INFO] Copying 1 resource from src\main\resources to target\classes
[INFO] Copying 0 resource from src\main\resources to target\classes
[INFO] 
[INFO] --- compiler:3.13.0:compile (default-compile) @ payment-service ---
[INFO] Nothing to compile - all classes are up to date.
[INFO] 
[INFO] --- resources:3.3.1:testResources (default-testResources) @ payment-service ---
[INFO] skip non existing resourceDirectory C:\Users\Asus\OneDrive\Desktop\Appointment-Booking-System\backend\payment-service\src\test\resources
[INFO] 
[INFO] --- compiler:3.13.0:testCompile (default-testCompile) @ payment-service ---
[INFO] Nothing to compile - all classes are up to date.
[INFO] 
[INFO] <<< spring-boot:3.3.5:run (default-cli) < test-compile @ payment-service <<<
[INFO] 
[INFO] 
[INFO] --- spring-boot:3.3.5:run (default-cli) @ payment-service ---
[INFO] Attaching agents: []

  .   ____          _            __ _ _
 /\\ / ___'_ __ _ _(_)_ __  __ _ \ \ \ \
( ( )\___ | '_ | '_| | '_ \/ _` | \ \ \ \
 \\/  ___)| |_)| | | | | || (_| |  ) ) ) )
  '  |____| .__|_| |_|_| |_\__, | / / / /
 =========|_|==============|___/=/_/_/_/

 :: Spring Boot ::                (v3.3.5)

2026-04-28T15:46:54.007+05:30  INFO 16708 --- [payment-service] [  restartedMain] c.b.p.PaymentServiceApplication          : Starting PaymentServiceApplication using Java 21.0.9 with PID 16708 (C:\Users\Asus\OneDrive\Desktop\Appointment-Booking-System\backend\payment-service\target\classes started by Asus in C:\Users\Asus\OneDrive\Desktop\Appointment-Booking-System\backend\payment-service)
2026-04-28T15:46:54.020+05:30  INFO 16708 --- [payment-service] [  restartedMain] c.b.p.PaymentServiceApplication          : No active profile set, falling back to 1 default profile: "default"
2026-04-28T15:46:54.315+05:30  INFO 16708 --- [payment-service] [  restartedMain] .e.DevToolsPropertyDefaultsPostProcessor : Devtools property defaults active! Set 'spring.devtools.add-properties' to 'false' to disable
2026-04-28T15:46:54.317+05:30  INFO 16708 --- [payment-service] [  restartedMain] .e.DevToolsPropertyDefaultsPostProcessor : For additional web related logging consider setting the 'logging.level.web' property to 'DEBUG'
2026-04-28T15:46:58.233+05:30  INFO 16708 --- [payment-service] [  restartedMain] .s.d.r.c.RepositoryConfigurationDelegate : Bootstrapping Spring Data MongoDB repositories in DEFAULT mode.
2026-04-28T15:46:58.520+05:30  INFO 16708 --- [payment-service] [  restartedMain] .s.d.r.c.RepositoryConfigurationDelegate : Finished Spring Data repository scanning in 270 ms. Found 1 MongoDB repository interface.
2026-04-28T15:47:00.699+05:30  INFO 16708 --- [payment-service] [  restartedMain] o.s.b.w.embedded.tomcat.TomcatWebServer  : Tomcat initialized with port 8085 (http)
2026-04-28T15:47:00.764+05:30  INFO 16708 --- [payment-service] [  restartedMain] o.apache.catalina.core.StandardService   : Starting service [Tomcat]
2026-04-28T15:47:00.766+05:30  INFO 16708 --- [payment-service] [  restartedMain] o.apache.catalina.core.StandardEngine    : Starting Servlet engine: [Apache Tomcat/10.1.31]
2026-04-28T15:47:00.993+05:30  INFO 16708 --- [payment-service] [  restartedMain] o.a.c.c.C.[Tomcat].[localhost].[/]       : Initializing Spring embedded WebApplicationContext
2026-04-28T15:47:00.998+05:30  INFO 16708 --- [payment-service] [  restartedMain] w.s.c.ServletWebServerApplicationContext : Root WebApplicationContext: initialization completed in 6674 ms
2026-04-28T15:47:02.565+05:30  INFO 16708 --- [payment-service] [  restartedMain] org.mongodb.driver.client                : MongoClient with metadata {"driver": {"name": "mongo-java-driver|sync|spring-boot", "version": "5.0.1"}, "os": {"type": "Windows", "name": "Windows 11", "architecture": "amd64", "version": "10.0"}, "platform": "Java/Oracle Corporation/21.0.9+7-LTS-338"} created with settings MongoClientSettings{readPreference=primary, writeConcern=WriteConcern{w=null, wTimeout=null ms, journal=null}, retryWrites=true, retryReads=true, readConcern=ReadConcern{level=null}, credential=null, transportSettings=null, commandListeners=[], codecRegistry=ProvidersCodecRegistry{codecProviders=[ValueCodecProvider{}, BsonValueCodecProvider{}, DBRefCodecProvider{}, DBObjectCodecProvider{}, DocumentCodecProvider{}, CollectionCodecProvider{}, IterableCodecProvider{}, MapCodecProvider{}, GeoJsonCodecProvider{}, GridFSFileCodecProvider{}, Jsr310CodecProvider{}, JsonObjectCodecProvider{}, BsonCodecProvider{}, EnumCodecProvider{}, com.mongodb.client.model.mql.ExpressionCodecProvider@4bdac86c, com.mongodb.Jep395RecordCodecProvider@3ed6ba43, com.mongodb.KotlinCodecProvider@572c6935]}, loggerSettings=LoggerSettings{maxDocumentLength=1000}, clusterSettings={hosts=[localhost:27017], srvServiceName=mongodb, mode=SINGLE, requiredClusterType=UNKNOWN, requiredReplicaSetName='null', serverSelector='null', clusterListeners='[]', serverSelectionTimeout='30000 ms', localThreshold='15 ms'}, socketSettings=SocketSettings{connectTimeoutMS=10000, readTimeoutMS=0, receiveBufferSize=0, proxySettings=ProxySettings{host=null, port=null, username=null, password=null}}, heartbeatSocketSettings=SocketSettings{connectTimeoutMS=10000, readTimeoutMS=10000, receiveBufferSize=0, proxySettings=ProxySettings{host=null, port=null, username=null, password=null}}, connectionPoolSettings=ConnectionPoolSettings{maxSize=100, minSize=0, maxWaitTimeMS=120000, maxConnectionLifeTimeMS=0, maxConnectionIdleTimeMS=0, maintenanceInitialDelayMS=0, maintenanceFrequencyMS=60000, connectionPoolListeners=[], maxConnecting=2}, serverSettings=ServerSettings{heartbeatFrequencyMS=10000, minHeartbeatFrequencyMS=500, serverListeners='[]', serverMonitorListeners='[]'}, sslSettings=SslSettings{enabled=false, invalidHostNameAllowed=false, context=null}, applicationName='null', compressorList=[], uuidRepresentation=JAVA_LEGACY, serverApi=null, autoEncryptionSettings=null, dnsClient=null, inetAddressResolver=null, contextProvider=null}
2026-04-28T15:47:02.690+05:30  INFO 16708 --- [payment-service] [localhost:27017] org.mongodb.driver.cluster               : Monitor thread successfully connected to server with description ServerDescription{address=localhost:27017, type=STANDALONE, state=CONNECTED, ok=true, minWireVersion=0, maxWireVersion=27, maxDocumentSize=16777216, logicalSessionTimeoutMinutes=30, roundTripTimeNanos=77695800}
2026-04-28T15:47:03.215+05:30  WARN 16708 --- [payment-service] [  restartedMain] o.s.b.d.a.OptionalLiveReloadServer       : Unable to start LiveReload server
2026-04-28T15:47:05.563+05:30  INFO 16708 --- [payment-service] [  restartedMain] o.s.b.w.embedded.tomcat.TomcatWebServer  : Tomcat started on port 8085 (http) with context path '/'
2026-04-28T15:47:05.571+05:30  INFO 16708 --- [payment-service] [  restartedMain] c.b.p.PaymentServiceApplication          : Started PaymentServiceApplication in 14.302 seconds (process running for 17.537)
2026-04-28T15:49:59.425+05:30  INFO 16708 --- [payment-service] [localhost:27017] org.mongodb.driver.cluster               : Exception in monitor thread while connecting to server localhost:27017

com.mongodb.MongoSocketReadException: Exception receiving message
	at com.mongodb.internal.connection.InternalStreamConnection.translateReadException(InternalStreamConnection.java:707) ~[mongodb-driver-core-5.0.1.jar:na]
	at com.mongodb.internal.connection.InternalStreamConnection.receiveMessageWithAdditionalTimeout(InternalStreamConnection.java:583) ~[mongodb-driver-core-5.0.1.jar:na]
	at com.mongodb.internal.connection.InternalStreamConnection.receiveCommandMessageResponse(InternalStreamConnection.java:428) ~[mongodb-driver-core-5.0.1.jar:na]
	at com.mongodb.internal.connection.InternalStreamConnection.receive(InternalStreamConnection.java:381) ~[mongodb-driver-core-5.0.1.jar:na]
	at com.mongodb.internal.connection.DefaultServerMonitor$ServerMonitorRunnable.lookupServerDescription(DefaultServerMonitor.java:221) ~[mongodb-driver-core-5.0.1.jar:na]
	at com.mongodb.internal.connection.DefaultServerMonitor$ServerMonitorRunnable.run(DefaultServerMonitor.java:153) ~[mongodb-driver-core-5.0.1.jar:na]
	at java.base/java.lang.Thread.run(Thread.java:1583) ~[na:na]
Caused by: java.net.SocketException: Connection reset
	at java.base/sun.nio.ch.NioSocketImpl.implRead(NioSocketImpl.java:318) ~[na:na]
	at java.base/sun.nio.ch.NioSocketImpl.read(NioSocketImpl.java:346) ~[na:na]
	at java.base/sun.nio.ch.NioSocketImpl$1.read(NioSocketImpl.java:796) ~[na:na]
	at java.base/java.net.Socket$SocketInputStream.read(Socket.java:1099) ~[na:na]
	at com.mongodb.internal.connection.SocketStream.read(SocketStream.java:176) ~[mongodb-driver-core-5.0.1.jar:na]
	at com.mongodb.internal.connection.SocketStream.read(SocketStream.java:196) ~[mongodb-driver-core-5.0.1.jar:na]
	at com.mongodb.internal.connection.InternalStreamConnection.receiveResponseBuffers(InternalStreamConnection.java:716) ~[mongodb-driver-core-5.0.1.jar:na]
	at com.mongodb.internal.connection.InternalStreamConnection.receiveMessageWithAdditionalTimeout(InternalStreamConnection.java:580) ~[mongodb-driver-core-5.0.1.jar:na]
	... 5 common frames omitted

2026-04-28T15:50:01.175+05:30  INFO 16708 --- [payment-service] [localhost:27017] org.mongodb.driver.cluster               : Exception in monitor thread while connecting to server localhost:27017

com.mongodb.MongoSocketOpenException: Exception opening socket
	at com.mongodb.internal.connection.SocketStream.lambda$open$0(SocketStream.java:86) ~[mongodb-driver-core-5.0.1.jar:na]
	at java.base/java.util.Optional.orElseThrow(Optional.java:403) ~[na:na]
	at com.mongodb.internal.connection.SocketStream.open(SocketStream.java:86) ~[mongodb-driver-core-5.0.1.jar:na]
	at com.mongodb.internal.connection.InternalStreamConnection.open(InternalStreamConnection.java:201) ~[mongodb-driver-core-5.0.1.jar:na]
	at com.mongodb.internal.connection.DefaultServerMonitor$ServerMonitorRunnable.lookupServerDescription(DefaultServerMonitor.java:193) ~[mongodb-driver-core-5.0.1.jar:na]
	at com.mongodb.internal.connection.DefaultServerMonitor$ServerMonitorRunnable.run(DefaultServerMonitor.java:153) ~[mongodb-driver-core-5.0.1.jar:na]
	at java.base/java.lang.Thread.run(Thread.java:1583) ~[na:na]
Caused by: java.net.ConnectException: Connection refused: getsockopt
	at java.base/sun.nio.ch.Net.pollConnect(Native Method) ~[na:na]
	at java.base/sun.nio.ch.Net.pollConnectNow(Net.java:690) ~[na:na]
	at java.base/sun.nio.ch.NioSocketImpl.timedFinishConnect(NioSocketImpl.java:542) ~[na:na]
	at java.base/sun.nio.ch.NioSocketImpl.connect(NioSocketImpl.java:592) ~[na:na]
	at java.base/java.net.SocksSocketImpl.connect(SocksSocketImpl.java:327) ~[na:na]
	at java.base/java.net.Socket.connect(Socket.java:751) ~[na:na]
	at com.mongodb.internal.connection.SocketStreamHelper.initialize(SocketStreamHelper.java:76) ~[mongodb-driver-core-5.0.1.jar:na]
	at com.mongodb.internal.connection.SocketStream.initializeSocket(SocketStream.java:105) ~[mongodb-driver-core-5.0.1.jar:na]
	at com.mongodb.internal.connection.SocketStream.open(SocketStream.java:80) ~[mongodb-driver-core-5.0.1.jar:na]
	... 4 common frames omitted

Exception in thread "File Watcher" java.lang.IllegalArgumentException: File must not be a directory
	at org.springframework.util.Assert.isTrue(Assert.java:111)
	at org.springframework.boot.devtools.filewatch.FileSnapshot.<init>(FileSnapshot.java:40)
	at org.springframework.boot.devtools.filewatch.DirectorySnapshot.collectFiles(DirectorySnapshot.java:70)
	at org.springframework.boot.devtools.filewatch.DirectorySnapshot.collectFiles(DirectorySnapshot.java:67)
	at org.springframework.boot.devtools.filewatch.DirectorySnapshot.collectFiles(DirectorySnapshot.java:67)
	at org.springframework.boot.devtools.filewatch.DirectorySnapshot.collectFiles(DirectorySnapshot.java:67)
	at org.springframework.boot.devtools.filewatch.DirectorySnapshot.collectFiles(DirectorySnapshot.java:67)
	at org.springframework.boot.devtools.filewatch.DirectorySnapshot.<init>(DirectorySnapshot.java:58)
	at org.springframework.boot.devtools.filewatch.FileSystemWatcher$Watcher.getCurrentSnapshots(FileSystemWatcher.java:302)
	at org.springframework.boot.devtools.filewatch.FileSystemWatcher$Watcher.scan(FileSystemWatcher.java:276)
	at org.springframework.boot.devtools.filewatch.FileSystemWatcher$Watcher.run(FileSystemWatcher.java:261)
	at java.base/java.lang.Thread.run(Thread.java:1583)
